{"numTotalTestSuites":130,"numPassedTestSuites":117,"numFailedTestSuites":13,"numPendingTestSuites":0,"numTotalTests":318,"numPassedTests":312,"numFailedTests":6,"numPendingTests":0,"numTodoTests":0,"snapshot":{"added":0,"failure":false,"filesAdded":0,"filesRemoved":0,"filesRemovedList":[],"filesUnmatched":0,"filesUpdated":0,"matched":0,"total":0,"unchecked":0,"uncheckedKeysByFile":[],"unmatched":0,"updated":0,"didUpdate":false},"startTime":1770572564868,"success":false,"testResults":[{"assertionResults":[{"ancestorTitles":["discover handler","input validation"],"fullName":"discover handler input validation should return error when queries array is missing","status":"passed","title":"should return error when queries array is missing","duration":5.997427000000016,"failureMessages":[],"meta":{}},{"ancestorTitles":["discover handler","input validation"],"fullName":"discover handler input validation should return error when queries array is empty","status":"passed","title":"should return error when queries array is empty","duration":0.8172459999998409,"failureMessages":[],"meta":{}},{"ancestorTitles":["discover handler","grep queries"],"fullName":"discover handler grep queries should execute grep query","status":"passed","title":"should execute grep query","duration":23.336712000000034,"failureMessages":[],"meta":{}},{"ancestorTitles":["discover handler","grep queries"],"fullName":"discover handler grep queries should return files for grep query","status":"passed","title":"should return files for grep query","duration":28.052161999999953,"failureMessages":[],"meta":{}},{"ancestorTitles":["discover handler","grep queries"],"fullName":"discover handler grep queries should handle grep query with glob filter","status":"passed","title":"should handle grep query with glob filter","duration":39.96700899999996,"failureMessages":[],"meta":{}},{"ancestorTitles":["discover handler","grep queries"],"fullName":"discover handler grep queries should return error for missing pattern in grep","status":"passed","title":"should return error for missing pattern in grep","duration":2.9033139999999094,"failureMessages":[],"meta":{}},{"ancestorTitles":["discover handler","glob queries"],"fullName":"discover handler glob queries should execute glob query","status":"passed","title":"should execute glob query","duration":28.572094000000106,"failureMessages":[],"meta":{}},{"ancestorTitles":["discover handler","glob queries"],"fullName":"discover handler glob queries should return files for glob query","status":"passed","title":"should return files for glob query","duration":26.308699999999817,"failureMessages":[],"meta":{}},{"ancestorTitles":["discover handler","glob queries"],"fullName":"discover handler glob queries should return error for missing patterns in glob","status":"passed","title":"should return error for missing patterns in glob","duration":7.44097899999997,"failureMessages":[],"meta":{}},{"ancestorTitles":["discover handler","symbols queries"],"fullName":"discover handler symbols queries should execute symbols query","status":"passed","title":"should execute symbols query","duration":147.3917899999999,"failureMessages":[],"meta":{}},{"ancestorTitles":["discover handler","symbols queries"],"fullName":"discover handler symbols queries should filter symbols by kind","status":"passed","title":"should filter symbols by kind","duration":7.37772300000006,"failureMessages":[],"meta":{}},{"ancestorTitles":["discover handler","symbols queries"],"fullName":"discover handler symbols queries should return error for missing query in symbols","status":"passed","title":"should return error for missing query in symbols","duration":2.058097000000089,"failureMessages":[],"meta":{}},{"ancestorTitles":["discover handler","mixed queries"],"fullName":"discover handler mixed queries should execute multiple query types in parallel","status":"passed","title":"should execute multiple query types in parallel","duration":64.73617100000001,"failureMessages":[],"meta":{}},{"ancestorTitles":["discover handler","mixed queries"],"fullName":"discover handler mixed queries should track successful and failed queries","status":"passed","title":"should track successful and failed queries","duration":20.545954000000165,"failureMessages":[],"meta":{}},{"ancestorTitles":["discover handler","output modes"],"fullName":"discover handler output modes should return count_only output","status":"passed","title":"should return count_only output","duration":23.91001099999994,"failureMessages":[],"meta":{}},{"ancestorTitles":["discover handler","output modes"],"fullName":"discover handler output modes should return files_only output","status":"passed","title":"should return files_only output","duration":23.822180000000117,"failureMessages":[],"meta":{}},{"ancestorTitles":["discover handler","output modes"],"fullName":"discover handler output modes should return locations output","status":"passed","title":"should return locations output","duration":24.220458000000008,"failureMessages":[],"meta":{}},{"ancestorTitles":["discover handler","edge cases"],"fullName":"discover handler edge cases should handle no matching queries","status":"passed","title":"should handle no matching queries","duration":33.7208270000001,"failureMessages":[],"meta":{}},{"ancestorTitles":["discover handler","edge cases"],"fullName":"discover handler edge cases should handle unknown query type","status":"passed","title":"should handle unknown query type","duration":1.640994000000319,"failureMessages":[],"meta":{}},{"ancestorTitles":["discover handler","edge cases"],"fullName":"discover handler edge cases should handle duplicate query IDs","status":"passed","title":"should handle duplicate query IDs","duration":46.722883000000365,"failureMessages":[],"meta":{}},{"ancestorTitles":["discover handler","metadata"],"fullName":"discover handler metadata should include total_queries","status":"passed","title":"should include total_queries","duration":62.41766800000005,"failureMessages":[],"meta":{}},{"ancestorTitles":["discover handler","metadata"],"fullName":"discover handler metadata should include successful count","status":"passed","title":"should include successful count","duration":28.90804900000012,"failureMessages":[],"meta":{}},{"ancestorTitles":["discover handler","metadata"],"fullName":"discover handler metadata should include execution time","status":"passed","title":"should include execution time","duration":24.71183800000017,"failureMessages":[],"meta":{}},{"ancestorTitles":["discover handler","base64 alternatives"],"fullName":"discover handler base64 alternatives should decode pattern_base64 for grep queries","status":"passed","title":"should decode pattern_base64 for grep queries","duration":25.11957399999983,"failureMessages":[],"meta":{}},{"ancestorTitles":["discover handler","base64 alternatives"],"fullName":"discover handler base64 alternatives should use pattern_base64 when provided","status":"passed","title":"should use pattern_base64 when provided","duration":34.92890800000032,"failureMessages":[],"meta":{}},{"ancestorTitles":["discover handler","base64 alternatives"],"fullName":"discover handler base64 alternatives should decode patterns_base64 for glob queries","status":"passed","title":"should decode patterns_base64 for glob queries","duration":31.58019000000013,"failureMessages":[],"meta":{}},{"ancestorTitles":["discover handler","base64 alternatives"],"fullName":"discover handler base64 alternatives should use patterns_base64 when provided","status":"passed","title":"should use patterns_base64 when provided","duration":39.10438999999997,"failureMessages":[],"meta":{}},{"ancestorTitles":["discover handler","base64 alternatives"],"fullName":"discover handler base64 alternatives should handle multiple patterns_base64 for glob","status":"passed","title":"should handle multiple patterns_base64 for glob","duration":45.42816400000038,"failureMessages":[],"meta":{}},{"ancestorTitles":["discover handler","base64 alternatives"],"fullName":"discover handler base64 alternatives should handle complex regex patterns via pattern_base64","status":"passed","title":"should handle complex regex patterns via pattern_base64","duration":46.2318250000003,"failureMessages":[],"meta":{}}],"startTime":1770572566467,"endTime":1770572567367.232,"status":"passed","message":"","name":"/home/buzzkill/Projects/goodvibes-plugin/plugins/goodvibes/tools/implementations/precision-engine/src/__tests__/handlers/discover.test.ts"},{"assertionResults":[{"ancestorTitles":["precision_edit handler","input validation"],"fullName":"precision_edit handler input validation should return error when edits array is missing","status":"passed","title":"should return error when edits array is missing","duration":4.88748499999997,"failureMessages":[],"meta":{}},{"ancestorTitles":["precision_edit handler","exact match mode"],"fullName":"precision_edit handler exact match mode should replace exact match","status":"passed","title":"should replace exact match","duration":7.36262499999998,"failureMessages":[],"meta":{}},{"ancestorTitles":["precision_edit handler","exact match mode"],"fullName":"precision_edit handler exact match mode should handle case insensitive matching","status":"passed","title":"should handle case insensitive matching","duration":3.810113000000001,"failureMessages":[],"meta":{}},{"ancestorTitles":["precision_edit handler","fuzzy match mode"],"fullName":"precision_edit handler fuzzy match mode should match with whitespace variations","status":"failed","title":"should match with whitespace variations","duration":21.905602000000044,"failureMessages":["AssertionError: expected +0 to be 1 // Object.is equality\n    at /home/buzzkill/Projects/goodvibes-plugin/plugins/goodvibes/tools/implementations/precision-engine/src/__tests__/handlers/precision-edit.test.ts:73:49\n    at file:///home/buzzkill/Projects/goodvibes-plugin/plugins/goodvibes/tools/implementations/precision-engine/node_modules/@vitest/runner/dist/index.js:533:5\n    at runTest (file:///home/buzzkill/Projects/goodvibes-plugin/plugins/goodvibes/tools/implementations/precision-engine/node_modules/@vitest/runner/dist/index.js:1056:11)\n    at runSuite (file:///home/buzzkill/Projects/goodvibes-plugin/plugins/goodvibes/tools/implementations/precision-engine/node_modules/@vitest/runner/dist/index.js:1205:15)\n    at runSuite (file:///home/buzzkill/Projects/goodvibes-plugin/plugins/goodvibes/tools/implementations/precision-engine/node_modules/@vitest/runner/dist/index.js:1205:15)\n    at runSuite (file:///home/buzzkill/Projects/goodvibes-plugin/plugins/goodvibes/tools/implementations/precision-engine/node_modules/@vitest/runner/dist/index.js:1205:15)\n    at runFiles (file:///home/buzzkill/Projects/goodvibes-plugin/plugins/goodvibes/tools/implementations/precision-engine/node_modules/@vitest/runner/dist/index.js:1262:5)\n    at startTests (file:///home/buzzkill/Projects/goodvibes-plugin/plugins/goodvibes/tools/implementations/precision-engine/node_modules/@vitest/runner/dist/index.js:1271:3)\n    at file:///home/buzzkill/Projects/goodvibes-plugin/plugins/goodvibes/tools/implementations/precision-engine/node_modules/vitest/dist/chunks/runBaseTests.3qpJUEJM.js:126:11\n    at withEnv (file:///home/buzzkill/Projects/goodvibes-plugin/plugins/goodvibes/tools/implementations/precision-engine/node_modules/vitest/dist/chunks/runBaseTests.3qpJUEJM.js:90:5)"],"meta":{}},{"ancestorTitles":["precision_edit handler","regex match mode"],"fullName":"precision_edit handler regex match mode should match with regex pattern","status":"passed","title":"should match with regex pattern","duration":10.670659999999998,"failureMessages":[],"meta":{}},{"ancestorTitles":["precision_edit handler","occurrence handling"],"fullName":"precision_edit handler occurrence handling should replace first occurrence by default","status":"passed","title":"should replace first occurrence by default","duration":7.279414000000088,"failureMessages":[],"meta":{}},{"ancestorTitles":["precision_edit handler","occurrence handling"],"fullName":"precision_edit handler occurrence handling should replace last occurrence","status":"passed","title":"should replace last occurrence","duration":12.862330000000156,"failureMessages":[],"meta":{}},{"ancestorTitles":["precision_edit handler","occurrence handling"],"fullName":"precision_edit handler occurrence handling should replace all occurrences","status":"passed","title":"should replace all occurrences","duration":6.585843999999952,"failureMessages":[],"meta":{}},{"ancestorTitles":["precision_edit handler","occurrence handling"],"fullName":"precision_edit handler occurrence handling should replace specific occurrence by number","status":"passed","title":"should replace specific occurrence by number","duration":5.9627519999999095,"failureMessages":[],"meta":{}},{"ancestorTitles":["precision_edit handler","hints"],"fullName":"precision_edit handler hints should use near_line hint","status":"passed","title":"should use near_line hint","duration":4.076290999999856,"failureMessages":[],"meta":{}},{"ancestorTitles":["precision_edit handler","hints"],"fullName":"precision_edit handler hints should use in_function hint","status":"passed","title":"should use in_function hint","duration":4.279872999999952,"failureMessages":[],"meta":{}},{"ancestorTitles":["precision_edit handler","transaction modes"],"fullName":"precision_edit handler transaction modes should apply all edits in atomic mode","status":"passed","title":"should apply all edits in atomic mode","duration":4.084275999999818,"failureMessages":[],"meta":{}},{"ancestorTitles":["precision_edit handler","transaction modes"],"fullName":"precision_edit handler transaction modes should rollback on failure in atomic mode","status":"passed","title":"should rollback on failure in atomic mode","duration":3.525252000000137,"failureMessages":[],"meta":{}},{"ancestorTitles":["precision_edit handler","transaction modes"],"fullName":"precision_edit handler transaction modes should stop on failure in partial mode","status":"passed","title":"should stop on failure in partial mode","duration":5.754621999999927,"failureMessages":[],"meta":{}},{"ancestorTitles":["precision_edit handler","dry_run mode"],"fullName":"precision_edit handler dry_run mode should not modify files in dry_run","status":"passed","title":"should not modify files in dry_run","duration":8.931957999999895,"failureMessages":[],"meta":{}},{"ancestorTitles":["precision_edit handler","dry_run mode"],"fullName":"precision_edit handler dry_run mode should show diff in dry_run","status":"passed","title":"should show diff in dry_run","duration":2.4776540000000296,"failureMessages":[],"meta":{}},{"ancestorTitles":["precision_edit handler","output modes"],"fullName":"precision_edit handler output modes should return count_only output","status":"passed","title":"should return count_only output","duration":5.571065999999973,"failureMessages":[],"meta":{}},{"ancestorTitles":["precision_edit handler","output modes"],"fullName":"precision_edit handler output modes should return minimal output","status":"passed","title":"should return minimal output","duration":10.025699000000031,"failureMessages":[],"meta":{}},{"ancestorTitles":["precision_edit handler","output modes"],"fullName":"precision_edit handler output modes should return with_diff output","status":"passed","title":"should return with_diff output","duration":10.493015000000014,"failureMessages":[],"meta":{}},{"ancestorTitles":["precision_edit handler","output modes"],"fullName":"precision_edit handler output modes should return verbose output with validation","status":"passed","title":"should return verbose output with validation","duration":3.68739800000003,"failureMessages":[],"meta":{}},{"ancestorTitles":["precision_edit handler","edit statuses"],"fullName":"precision_edit handler edit statuses should return applied status on success","status":"passed","title":"should return applied status on success","duration":5.719206999999869,"failureMessages":[],"meta":{}},{"ancestorTitles":["precision_edit handler","edit statuses"],"fullName":"precision_edit handler edit statuses should return not_found when pattern not found","status":"passed","title":"should return not_found when pattern not found","duration":2.4251690000000963,"failureMessages":[],"meta":{}},{"ancestorTitles":["precision_edit handler","edit statuses"],"fullName":"precision_edit handler edit statuses should return not_found when file does not exist","status":"passed","title":"should return not_found when file does not exist","duration":1.5438460000000305,"failureMessages":[],"meta":{}},{"ancestorTitles":["precision_edit handler","multiple edits"],"fullName":"precision_edit handler multiple edits should apply multiple edits to same file","status":"passed","title":"should apply multiple edits to same file","duration":5.145678000000089,"failureMessages":[],"meta":{}},{"ancestorTitles":["precision_edit handler","edit ID tracking"],"fullName":"precision_edit handler edit ID tracking should include edit ID in results","status":"passed","title":"should include edit ID in results","duration":2.8635309999999663,"failureMessages":[],"meta":{}},{"ancestorTitles":["precision_edit handler","rollback_id"],"fullName":"precision_edit handler rollback_id should include rollback_id in results","status":"passed","title":"should include rollback_id in results","duration":2.4790669999999864,"failureMessages":[],"meta":{}},{"ancestorTitles":["precision_edit handler","metadata"],"fullName":"precision_edit handler metadata should include tokens_used","status":"passed","title":"should include tokens_used","duration":6.454021999999895,"failureMessages":[],"meta":{}},{"ancestorTitles":["precision_edit handler","metadata"],"fullName":"precision_edit handler metadata should include execution time","status":"passed","title":"should include execution time","duration":3.9775399999998626,"failureMessages":[],"meta":{}},{"ancestorTitles":["precision_edit handler","base64 alternatives"],"fullName":"precision_edit handler base64 alternatives should decode find_base64 parameter","status":"passed","title":"should decode find_base64 parameter","duration":4.431861000000026,"failureMessages":[],"meta":{}},{"ancestorTitles":["precision_edit handler","base64 alternatives"],"fullName":"precision_edit handler base64 alternatives should decode replace_base64 parameter","status":"passed","title":"should decode replace_base64 parameter","duration":3.3837330000001202,"failureMessages":[],"meta":{}},{"ancestorTitles":["precision_edit handler","base64 alternatives"],"fullName":"precision_edit handler base64 alternatives should decode both find_base64 and replace_base64","status":"passed","title":"should decode both find_base64 and replace_base64","duration":5.587245999999823,"failureMessages":[],"meta":{}},{"ancestorTitles":["precision_edit handler","parameter aliasing"],"fullName":"precision_edit handler parameter aliasing should accept path parameter (new name)","status":"passed","title":"should accept path parameter (new name)","duration":3.2267859999999473,"failureMessages":[],"meta":{}},{"ancestorTitles":["precision_edit handler","parameter aliasing"],"fullName":"precision_edit handler parameter aliasing should accept file parameter (deprecated name)","status":"passed","title":"should accept file parameter (deprecated name)","duration":3.1627880000000914,"failureMessages":[],"meta":{}},{"ancestorTitles":["precision_edit handler","parameter aliasing"],"fullName":"precision_edit handler parameter aliasing should prefer path when both path and file are provided","status":"passed","title":"should prefer path when both path and file are provided","duration":3.945120999999972,"failureMessages":[],"meta":{}}],"startTime":1770572566287,"endTime":1770572566488.945,"status":"failed","message":"","name":"/home/buzzkill/Projects/goodvibes-plugin/plugins/goodvibes/tools/implementations/precision-engine/src/__tests__/handlers/precision-edit.test.ts"},{"assertionResults":[{"ancestorTitles":["precision_exec handler","input validation"],"fullName":"precision_exec handler input validation should return error when commands array is missing","status":"passed","title":"should return error when commands array is missing","duration":16.218572999999992,"failureMessages":[],"meta":{}},{"ancestorTitles":["precision_exec handler","input validation"],"fullName":"precision_exec handler input validation should return error when commands array is empty","status":"passed","title":"should return error when commands array is empty","duration":3.7323109999999815,"failureMessages":[],"meta":{}},{"ancestorTitles":["precision_exec handler","basic command execution"],"fullName":"precision_exec handler basic command execution should execute a simple command","status":"passed","title":"should execute a simple command","duration":53.46558399999992,"failureMessages":[],"meta":{}},{"ancestorTitles":["precision_exec handler","basic command execution"],"fullName":"precision_exec handler basic command execution should capture stdout","status":"passed","title":"should capture stdout","duration":21.70814100000007,"failureMessages":[],"meta":{}},{"ancestorTitles":["precision_exec handler","basic command execution"],"fullName":"precision_exec handler basic command execution should capture exit code","status":"passed","title":"should capture exit code","duration":92.71722399999999,"failureMessages":[],"meta":{}},{"ancestorTitles":["precision_exec handler","basic command execution"],"fullName":"precision_exec handler basic command execution should track duration","status":"passed","title":"should track duration","duration":21.17056700000012,"failureMessages":[],"meta":{}},{"ancestorTitles":["precision_exec handler","multiple commands"],"fullName":"precision_exec handler multiple commands should execute multiple commands sequentially","status":"passed","title":"should execute multiple commands sequentially","duration":24.56187399999999,"failureMessages":[],"meta":{}},{"ancestorTitles":["precision_exec handler","multiple commands"],"fullName":"precision_exec handler multiple commands should execute multiple commands in parallel","status":"passed","title":"should execute multiple commands in parallel","duration":36.350549999999885,"failureMessages":[],"meta":{}},{"ancestorTitles":["precision_exec handler","multiple commands"],"fullName":"precision_exec handler multiple commands should stop on error when fail_fast=true","status":"passed","title":"should stop on error when fail_fast=true","duration":88.0216089999999,"failureMessages":[],"meta":{}},{"ancestorTitles":["precision_exec handler","expectations"],"fullName":"precision_exec handler expectations should validate exit_code expectation","status":"passed","title":"should validate exit_code expectation","duration":10.833437000000004,"failureMessages":[],"meta":{}},{"ancestorTitles":["precision_exec handler","expectations"],"fullName":"precision_exec handler expectations should fail when exit_code does not match","status":"passed","title":"should fail when exit_code does not match","duration":14.316512999999986,"failureMessages":[],"meta":{}},{"ancestorTitles":["precision_exec handler","expectations"],"fullName":"precision_exec handler expectations should validate stdout_contains expectation","status":"passed","title":"should validate stdout_contains expectation","duration":10.74046700000008,"failureMessages":[],"meta":{}},{"ancestorTitles":["precision_exec handler","expectations"],"fullName":"precision_exec handler expectations should fail when stdout_contains does not match","status":"passed","title":"should fail when stdout_contains does not match","duration":9.593919000000142,"failureMessages":[],"meta":{}},{"ancestorTitles":["precision_exec handler","expectations"],"fullName":"precision_exec handler expectations should validate stdout_matches regex expectation","status":"passed","title":"should validate stdout_matches regex expectation","duration":9.538336999999956,"failureMessages":[],"meta":{}},{"ancestorTitles":["precision_exec handler","expectations"],"fullName":"precision_exec handler expectations should support exit_code as array","status":"passed","title":"should support exit_code as array","duration":75.72633599999995,"failureMessages":[],"meta":{}},{"ancestorTitles":["precision_exec handler","safe_mode"],"fullName":"precision_exec handler safe_mode should block destructive commands by default","status":"passed","title":"should block destructive commands by default","duration":0.7188650000000507,"failureMessages":[],"meta":{}},{"ancestorTitles":["precision_exec handler","safe_mode"],"fullName":"precision_exec handler safe_mode should allow destructive commands when safe_mode=false","status":"passed","title":"should allow destructive commands when safe_mode=false","duration":13.869965000000093,"failureMessages":[],"meta":{}},{"ancestorTitles":["precision_exec handler","safe_mode"],"fullName":"precision_exec handler safe_mode should block git push --force","status":"passed","title":"should block git push --force","duration":3.076791000000185,"failureMessages":[],"meta":{}},{"ancestorTitles":["precision_exec handler","timeout"],"fullName":"precision_exec handler timeout should timeout long-running commands","status":"passed","title":"should timeout long-running commands","duration":113.02497099999982,"failureMessages":[],"meta":{}},{"ancestorTitles":["precision_exec handler","output modes"],"fullName":"precision_exec handler output modes should return count_only output","status":"passed","title":"should return count_only output","duration":23.269839000000047,"failureMessages":[],"meta":{}},{"ancestorTitles":["precision_exec handler","output modes"],"fullName":"precision_exec handler output modes should return exit_codes output","status":"passed","title":"should return exit_codes output","duration":20.44345599999997,"failureMessages":[],"meta":{}},{"ancestorTitles":["precision_exec handler","output modes"],"fullName":"precision_exec handler output modes should return minimal output","status":"passed","title":"should return minimal output","duration":14.335276999999905,"failureMessages":[],"meta":{}},{"ancestorTitles":["precision_exec handler","output modes"],"fullName":"precision_exec handler output modes should return verbose output with full stdout/stderr","status":"passed","title":"should return verbose output with full stdout/stderr","duration":12.511397999999872,"failureMessages":[],"meta":{}},{"ancestorTitles":["precision_exec handler","command ID tracking"],"fullName":"precision_exec handler command ID tracking should include command ID in results","status":"passed","title":"should include command ID in results","duration":10.119470999999976,"failureMessages":[],"meta":{}},{"ancestorTitles":["precision_exec handler","output truncation"],"fullName":"precision_exec handler output truncation should truncate long output","status":"passed","title":"should truncate long output","duration":10.462557999999945,"failureMessages":[],"meta":{}},{"ancestorTitles":["precision_exec handler","metadata"],"fullName":"precision_exec handler metadata should include tokens_used","status":"passed","title":"should include tokens_used","duration":11.343912000000046,"failureMessages":[],"meta":{}},{"ancestorTitles":["precision_exec handler","metadata"],"fullName":"precision_exec handler metadata should include execution time","status":"passed","title":"should include execution time","duration":9.424048999999968,"failureMessages":[],"meta":{}},{"ancestorTitles":["precision_exec handler","metadata"],"fullName":"precision_exec handler metadata should include total_duration_ms in summary","status":"passed","title":"should include total_duration_ms in summary","duration":18.790881000000127,"failureMessages":[],"meta":{}},{"ancestorTitles":["precision_exec handler","base64 alternatives"],"fullName":"precision_exec handler base64 alternatives should decode cmd_base64 parameter","status":"passed","title":"should decode cmd_base64 parameter","duration":11.425801999999976,"failureMessages":[],"meta":{}},{"ancestorTitles":["precision_exec handler","base64 alternatives"],"fullName":"precision_exec handler base64 alternatives should prefer cmd_base64 over cmd when both provided","status":"passed","title":"should prefer cmd_base64 over cmd when both provided","duration":41.27316900000005,"failureMessages":[],"meta":{}},{"ancestorTitles":["precision_exec handler","base64 alternatives"],"fullName":"precision_exec handler base64 alternatives should handle complex commands with special characters via base64","status":"passed","title":"should handle complex commands with special characters via base64","duration":19.645075000000134,"failureMessages":[],"meta":{}},{"ancestorTitles":["precision_exec handler","parameter aliasing - timeout"],"fullName":"precision_exec handler parameter aliasing - timeout should accept timeout_ms parameter (new name)","status":"passed","title":"should accept timeout_ms parameter (new name)","duration":119.70256199999994,"failureMessages":[],"meta":{}},{"ancestorTitles":["precision_exec handler","parameter aliasing - timeout"],"fullName":"precision_exec handler parameter aliasing - timeout should accept timeout parameter (deprecated name)","status":"passed","title":"should accept timeout parameter (deprecated name)","duration":108.27067899999975,"failureMessages":[],"meta":{}},{"ancestorTitles":["precision_exec handler","parameter aliasing - timeout"],"fullName":"precision_exec handler parameter aliasing - timeout should prefer timeout_ms when both timeout and timeout_ms are provided","status":"passed","title":"should prefer timeout_ms when both timeout and timeout_ms are provided","duration":6.75464299999976,"failureMessages":[],"meta":{}}],"startTime":1770572565890,"endTime":1770572566950.7546,"status":"passed","message":"","name":"/home/buzzkill/Projects/goodvibes-plugin/plugins/goodvibes/tools/implementations/precision-engine/src/__tests__/handlers/precision-exec.test.ts"},{"assertionResults":[{"ancestorTitles":["precision_fetch handler","input validation"],"fullName":"precision_fetch handler input validation should return error when urls array is missing","status":"passed","title":"should return error when urls array is missing","duration":4.122155000000021,"failureMessages":[],"meta":{}},{"ancestorTitles":["precision_fetch handler","input validation"],"fullName":"precision_fetch handler input validation should return error when urls array is empty","status":"passed","title":"should return error when urls array is empty","duration":2.3762990000000173,"failureMessages":[],"meta":{}},{"ancestorTitles":["precision_fetch handler","input validation"],"fullName":"precision_fetch handler input validation should return error for invalid URL","status":"passed","title":"should return error for invalid URL","duration":0.8184380000000147,"failureMessages":[],"meta":{}},{"ancestorTitles":["precision_fetch handler","basic fetch operations"],"fullName":"precision_fetch handler basic fetch operations should fetch a single URL","status":"passed","title":"should fetch a single URL","duration":2.426601000000005,"failureMessages":[],"meta":{}},{"ancestorTitles":["precision_fetch handler","basic fetch operations"],"fullName":"precision_fetch handler basic fetch operations should fetch multiple URLs","status":"passed","title":"should fetch multiple URLs","duration":1.0089460000000372,"failureMessages":[],"meta":{}},{"ancestorTitles":["precision_fetch handler","basic fetch operations"],"fullName":"precision_fetch handler basic fetch operations should accept string URLs","status":"passed","title":"should accept string URLs","duration":0.849324999999908,"failureMessages":[],"meta":{}},{"ancestorTitles":["precision_fetch handler","extract modes","text extraction"],"fullName":"precision_fetch handler extract modes text extraction should extract text from HTML","status":"passed","title":"should extract text from HTML","duration":1.1339360000000624,"failureMessages":[],"meta":{}},{"ancestorTitles":["precision_fetch handler","extract modes","json extraction"],"fullName":"precision_fetch handler extract modes json extraction should extract and format JSON","status":"passed","title":"should extract and format JSON","duration":1.0455530000000408,"failureMessages":[],"meta":{}},{"ancestorTitles":["precision_fetch handler","extract modes","markdown extraction"],"fullName":"precision_fetch handler extract modes markdown extraction should convert HTML to markdown","status":"passed","title":"should convert HTML to markdown","duration":3.098359999999957,"failureMessages":[],"meta":{}},{"ancestorTitles":["precision_fetch handler","extract modes","structured extraction"],"fullName":"precision_fetch handler extract modes structured extraction should extract with CSS selectors","status":"passed","title":"should extract with CSS selectors","duration":22.446781999999985,"failureMessages":[],"meta":{}},{"ancestorTitles":["precision_fetch handler","extract modes","summary extraction"],"fullName":"precision_fetch handler extract modes summary extraction should create summary from content","status":"passed","title":"should create summary from content","duration":1.130158999999935,"failureMessages":[],"meta":{}},{"ancestorTitles":["precision_fetch handler","caching"],"fullName":"precision_fetch handler caching should cache responses","status":"passed","title":"should cache responses","duration":1.35951799999998,"failureMessages":[],"meta":{}},{"ancestorTitles":["precision_fetch handler","caching"],"fullName":"precision_fetch handler caching should track from_cache in results","status":"passed","title":"should track from_cache in results","duration":1.5492859999999382,"failureMessages":[],"meta":{}},{"ancestorTitles":["precision_fetch handler","error handling"],"fullName":"precision_fetch handler error handling should handle HTTP errors","status":"passed","title":"should handle HTTP errors","duration":0.9749040000000377,"failureMessages":[],"meta":{}},{"ancestorTitles":["precision_fetch handler","error handling"],"fullName":"precision_fetch handler error handling should handle network errors","status":"passed","title":"should handle network errors","duration":1.1980730000000221,"failureMessages":[],"meta":{}},{"ancestorTitles":["precision_fetch handler","error handling"],"fullName":"precision_fetch handler error handling should handle timeout","status":"passed","title":"should handle timeout","duration":0.807427999999959,"failureMessages":[],"meta":{}},{"ancestorTitles":["precision_fetch handler","HTTP methods"],"fullName":"precision_fetch handler HTTP methods should support POST method","status":"passed","title":"should support POST method","duration":4.485549999999989,"failureMessages":[],"meta":{}},{"ancestorTitles":["precision_fetch handler","output modes"],"fullName":"precision_fetch handler output modes should return count_only output","status":"passed","title":"should return count_only output","duration":2.3548900000000685,"failureMessages":[],"meta":{}},{"ancestorTitles":["precision_fetch handler","output modes"],"fullName":"precision_fetch handler output modes should return minimal output","status":"passed","title":"should return minimal output","duration":0.9421950000000834,"failureMessages":[],"meta":{}},{"ancestorTitles":["precision_fetch handler","output modes"],"fullName":"precision_fetch handler output modes should return verbose output with content","status":"passed","title":"should return verbose output with content","duration":1.3932190000000446,"failureMessages":[],"meta":{}},{"ancestorTitles":["precision_fetch handler","metadata"],"fullName":"precision_fetch handler metadata should include tokens_used","status":"passed","title":"should include tokens_used","duration":0.6959630000000061,"failureMessages":[],"meta":{}},{"ancestorTitles":["precision_fetch handler","metadata"],"fullName":"precision_fetch handler metadata should include execution time","status":"passed","title":"should include execution time","duration":0.6561609999999973,"failureMessages":[],"meta":{}},{"ancestorTitles":["precision_fetch handler","metadata"],"fullName":"precision_fetch handler metadata should include total_size in summary","status":"passed","title":"should include total_size in summary","duration":1.1751299999999674,"failureMessages":[],"meta":{}},{"ancestorTitles":["precision_fetch handler","base64 alternatives"],"fullName":"precision_fetch handler base64 alternatives should decode body_base64 parameter","status":"passed","title":"should decode body_base64 parameter","duration":1.5492950000000292,"failureMessages":[],"meta":{}},{"ancestorTitles":["precision_fetch handler","base64 alternatives"],"fullName":"precision_fetch handler base64 alternatives should prefer body_base64 over body when both provided","status":"passed","title":"should prefer body_base64 over body when both provided","duration":1.6338000000000648,"failureMessages":[],"meta":{}},{"ancestorTitles":["precision_fetch handler","base64 alternatives"],"fullName":"precision_fetch handler base64 alternatives should handle complex JSON with special characters via base64","status":"passed","title":"should handle complex JSON with special characters via base64","duration":0.6948019999999815,"failureMessages":[],"meta":{}},{"ancestorTitles":["precision_fetch handler","parameter aliasing - timeout"],"fullName":"precision_fetch handler parameter aliasing - timeout should accept timeout_ms parameter (new name)","status":"passed","title":"should accept timeout_ms parameter (new name)","duration":0.7799569999999676,"failureMessages":[],"meta":{}},{"ancestorTitles":["precision_fetch handler","parameter aliasing - timeout"],"fullName":"precision_fetch handler parameter aliasing - timeout should accept timeout parameter (deprecated name)","status":"passed","title":"should accept timeout parameter (deprecated name)","duration":1.777353000000062,"failureMessages":[],"meta":{}},{"ancestorTitles":["precision_fetch handler","parameter aliasing - timeout"],"fullName":"precision_fetch handler parameter aliasing - timeout should prefer timeout_ms when both timeout and timeout_ms are provided","status":"passed","title":"should prefer timeout_ms when both timeout and timeout_ms are provided","duration":0.8794100000000071,"failureMessages":[],"meta":{}}],"startTime":1770572565812,"endTime":1770572565879.8794,"status":"passed","message":"","name":"/home/buzzkill/Projects/goodvibes-plugin/plugins/goodvibes/tools/implementations/precision-engine/src/__tests__/handlers/precision-fetch.test.ts"},{"assertionResults":[{"ancestorTitles":["precision_glob handler","input validation"],"fullName":"precision_glob handler input validation should return error when patterns array is missing","status":"passed","title":"should return error when patterns array is missing","duration":8.416202999999996,"failureMessages":[],"meta":{}},{"ancestorTitles":["precision_glob handler","basic glob functionality"],"fullName":"precision_glob handler basic glob functionality should find files matching pattern","status":"passed","title":"should find files matching pattern","duration":34.18818199999998,"failureMessages":[],"meta":{}},{"ancestorTitles":["precision_glob handler","basic glob functionality"],"fullName":"precision_glob handler basic glob functionality should find files in subdirectories with **","status":"passed","title":"should find files in subdirectories with **","duration":20.503064999999992,"failureMessages":[],"meta":{}},{"ancestorTitles":["precision_glob handler","basic glob functionality"],"fullName":"precision_glob handler basic glob functionality should support multiple patterns","status":"passed","title":"should support multiple patterns","duration":25.203567999999905,"failureMessages":[],"meta":{}},{"ancestorTitles":["precision_glob handler","output modes"],"fullName":"precision_glob handler output modes should return count_only output","status":"passed","title":"should return count_only output","duration":29.38048300000014,"failureMessages":[],"meta":{}},{"ancestorTitles":["precision_glob handler","output modes"],"fullName":"precision_glob handler output modes should return paths_only output","status":"passed","title":"should return paths_only output","duration":23.18454299999985,"failureMessages":[],"meta":{}},{"ancestorTitles":["precision_glob handler","output modes"],"fullName":"precision_glob handler output modes should return with_stats output","status":"passed","title":"should return with_stats output","duration":25.22184100000004,"failureMessages":[],"meta":{}},{"ancestorTitles":["precision_glob handler","output modes"],"fullName":"precision_glob handler output modes should return with_preview output","status":"passed","title":"should return with_preview output","duration":22.196965999999975,"failureMessages":[],"meta":{}},{"ancestorTitles":["precision_glob handler","filters"],"fullName":"precision_glob handler filters should filter by min_size","status":"passed","title":"should filter by min_size","duration":36.648975000000064,"failureMessages":[],"meta":{}},{"ancestorTitles":["precision_glob handler","filters"],"fullName":"precision_glob handler filters should filter by max_size","status":"passed","title":"should filter by max_size","duration":24.01646599999981,"failureMessages":[],"meta":{}},{"ancestorTitles":["precision_glob handler","filters"],"fullName":"precision_glob handler filters should filter by is_empty","status":"passed","title":"should filter by is_empty","duration":38.50878899999998,"failureMessages":[],"meta":{}},{"ancestorTitles":["precision_glob handler","filters"],"fullName":"precision_glob handler filters should filter by has_content","status":"passed","title":"should filter by has_content","duration":49.31510800000001,"failureMessages":[],"meta":{}},{"ancestorTitles":["precision_glob handler","sorting"],"fullName":"precision_glob handler sorting should sort by name ascending","status":"passed","title":"should sort by name ascending","duration":21.692162000000053,"failureMessages":[],"meta":{}},{"ancestorTitles":["precision_glob handler","sorting"],"fullName":"precision_glob handler sorting should sort by name descending","status":"passed","title":"should sort by name descending","duration":21.329107000000022,"failureMessages":[],"meta":{}},{"ancestorTitles":["precision_glob handler","sorting"],"fullName":"precision_glob handler sorting should sort by size","status":"passed","title":"should sort by size","duration":17.518352999999934,"failureMessages":[],"meta":{}},{"ancestorTitles":["precision_glob handler","exclusions"],"fullName":"precision_glob handler exclusions should respect exclude patterns","status":"passed","title":"should respect exclude patterns","duration":18.825294000000213,"failureMessages":[],"meta":{}},{"ancestorTitles":["precision_glob handler","exclusions"],"fullName":"precision_glob handler exclusions should apply default exclusions (node_modules)","status":"passed","title":"should apply default exclusions (node_modules)","duration":23.087806,"failureMessages":[],"meta":{}},{"ancestorTitles":["precision_glob handler","exclusions"],"fullName":"precision_glob handler exclusions should include node_modules when gitignore disabled","status":"passed","title":"should include node_modules when gitignore disabled","duration":31.14907100000005,"failureMessages":[],"meta":{}},{"ancestorTitles":["precision_glob handler","limits"],"fullName":"precision_glob handler limits should respect max_files limit","status":"passed","title":"should respect max_files limit","duration":90.11574199999995,"failureMessages":[],"meta":{}},{"ancestorTitles":["precision_glob handler","edge cases"],"fullName":"precision_glob handler edge cases should handle no matching files","status":"passed","title":"should handle no matching files","duration":23.584505000000036,"failureMessages":[],"meta":{}},{"ancestorTitles":["precision_glob handler","edge cases"],"fullName":"precision_glob handler edge cases should handle special characters in filenames","status":"passed","title":"should handle special characters in filenames","duration":29.41943399999991,"failureMessages":[],"meta":{}},{"ancestorTitles":["precision_glob handler","summary"],"fullName":"precision_glob handler summary should include total_files in summary","status":"passed","title":"should include total_files in summary","duration":19.843738999999914,"failureMessages":[],"meta":{}},{"ancestorTitles":["precision_glob handler","summary"],"fullName":"precision_glob handler summary should include total_size in summary","status":"passed","title":"should include total_size in summary","duration":32.31088599999998,"failureMessages":[],"meta":{}},{"ancestorTitles":["precision_glob handler","metadata"],"fullName":"precision_glob handler metadata should include tokens_used","status":"passed","title":"should include tokens_used","duration":15.406646999999793,"failureMessages":[],"meta":{}},{"ancestorTitles":["precision_glob handler","metadata"],"fullName":"precision_glob handler metadata should include execution time","status":"passed","title":"should include execution time","duration":23.57822400000009,"failureMessages":[],"meta":{}},{"ancestorTitles":["precision_glob handler","base64 alternatives"],"fullName":"precision_glob handler base64 alternatives should decode patterns_base64 parameter","status":"passed","title":"should decode patterns_base64 parameter","duration":28.7016000000001,"failureMessages":[],"meta":{}},{"ancestorTitles":["precision_glob handler","base64 alternatives"],"fullName":"precision_glob handler base64 alternatives should handle multiple patterns_base64","status":"passed","title":"should handle multiple patterns_base64","duration":22.43215599999985,"failureMessages":[],"meta":{}},{"ancestorTitles":["precision_glob handler","base64 alternatives"],"fullName":"precision_glob handler base64 alternatives should use patterns_base64 when provided","status":"passed","title":"should use patterns_base64 when provided","duration":28.846114999999827,"failureMessages":[],"meta":{}},{"ancestorTitles":["precision_glob handler","base64 alternatives"],"fullName":"precision_glob handler base64 alternatives should handle complex glob patterns with special characters via base64","status":"failed","title":"should handle complex glob patterns with special characters via base64","duration":55.37628100000006,"failureMessages":["AssertionError: expected false to be true // Object.is equality\n    at /home/buzzkill/Projects/goodvibes-plugin/plugins/goodvibes/tools/implementations/precision-engine/src/__tests__/handlers/precision-glob.test.ts:423:76\n    at processTicksAndRejections (node:internal/process/task_queues:103:5)\n    at file:///home/buzzkill/Projects/goodvibes-plugin/plugins/goodvibes/tools/implementations/precision-engine/node_modules/@vitest/runner/dist/index.js:533:5\n    at runTest (file:///home/buzzkill/Projects/goodvibes-plugin/plugins/goodvibes/tools/implementations/precision-engine/node_modules/@vitest/runner/dist/index.js:1056:11)\n    at runSuite (file:///home/buzzkill/Projects/goodvibes-plugin/plugins/goodvibes/tools/implementations/precision-engine/node_modules/@vitest/runner/dist/index.js:1205:15)\n    at runSuite (file:///home/buzzkill/Projects/goodvibes-plugin/plugins/goodvibes/tools/implementations/precision-engine/node_modules/@vitest/runner/dist/index.js:1205:15)\n    at runSuite (file:///home/buzzkill/Projects/goodvibes-plugin/plugins/goodvibes/tools/implementations/precision-engine/node_modules/@vitest/runner/dist/index.js:1205:15)\n    at runFiles (file:///home/buzzkill/Projects/goodvibes-plugin/plugins/goodvibes/tools/implementations/precision-engine/node_modules/@vitest/runner/dist/index.js:1262:5)\n    at startTests (file:///home/buzzkill/Projects/goodvibes-plugin/plugins/goodvibes/tools/implementations/precision-engine/node_modules/@vitest/runner/dist/index.js:1271:3)\n    at file:///home/buzzkill/Projects/goodvibes-plugin/plugins/goodvibes/tools/implementations/precision-engine/node_modules/vitest/dist/chunks/runBaseTests.3qpJUEJM.js:126:11"],"meta":{}},{"ancestorTitles":["precision_glob handler","parameter aliasing - base_path vs cwd"],"fullName":"precision_glob handler parameter aliasing - base_path vs cwd should accept base_path parameter (new name)","status":"passed","title":"should accept base_path parameter (new name)","duration":24.142074999999977,"failureMessages":[],"meta":{}},{"ancestorTitles":["precision_glob handler","parameter aliasing - base_path vs cwd"],"fullName":"precision_glob handler parameter aliasing - base_path vs cwd should accept cwd parameter (deprecated name)","status":"passed","title":"should accept cwd parameter (deprecated name)","duration":18.153485000000046,"failureMessages":[],"meta":{}},{"ancestorTitles":["precision_glob handler","parameter aliasing - base_path vs cwd"],"fullName":"precision_glob handler parameter aliasing - base_path vs cwd should prefer base_path when both base_path and cwd are provided","status":"passed","title":"should prefer base_path when both base_path and cwd are provided","duration":30.821440000000166,"failureMessages":[],"meta":{}},{"ancestorTitles":["precision_glob handler","parameter aliasing - max_results vs max_files"],"fullName":"precision_glob handler parameter aliasing - max_results vs max_files should accept max_results parameter (new name)","status":"passed","title":"should accept max_results parameter (new name)","duration":28.819185999999945,"failureMessages":[],"meta":{}},{"ancestorTitles":["precision_glob handler","parameter aliasing - max_results vs max_files"],"fullName":"precision_glob handler parameter aliasing - max_results vs max_files should accept max_files parameter (deprecated name)","status":"passed","title":"should accept max_files parameter (deprecated name)","duration":26.992222000000083,"failureMessages":[],"meta":{}},{"ancestorTitles":["precision_glob handler","parameter aliasing - max_results vs max_files"],"fullName":"precision_glob handler parameter aliasing - max_results vs max_files should prefer max_results when both max_results and max_files are provided","status":"passed","title":"should prefer max_results when both max_results and max_files are provided","duration":26.73728499999993,"failureMessages":[],"meta":{}}],"startTime":1770572565859,"endTime":1770572566860.7373,"status":"failed","message":"","name":"/home/buzzkill/Projects/goodvibes-plugin/plugins/goodvibes/tools/implementations/precision-engine/src/__tests__/handlers/precision-glob.test.ts"},{"assertionResults":[{"ancestorTitles":["precision_grep handler","input validation"],"fullName":"precision_grep handler input validation should return error when queries array is missing","status":"passed","title":"should return error when queries array is missing","duration":16.323155000000042,"failureMessages":[],"meta":{}},{"ancestorTitles":["precision_grep handler","input validation"],"fullName":"precision_grep handler input validation should return error when query missing id or pattern","status":"passed","title":"should return error when query missing id or pattern","duration":3.8862729999998464,"failureMessages":[],"meta":{}},{"ancestorTitles":["precision_grep handler","basic grep functionality"],"fullName":"precision_grep handler basic grep functionality should find matches with simple pattern","status":"passed","title":"should find matches with simple pattern","duration":33.77343300000007,"failureMessages":[],"meta":{}},{"ancestorTitles":["precision_grep handler","basic grep functionality"],"fullName":"precision_grep handler basic grep functionality should search across multiple files","status":"passed","title":"should search across multiple files","duration":25.841053999999986,"failureMessages":[],"meta":{}},{"ancestorTitles":["precision_grep handler","basic grep functionality"],"fullName":"precision_grep handler basic grep functionality should respect glob filter","status":"passed","title":"should respect glob filter","duration":39.272617999999966,"failureMessages":[],"meta":{}},{"ancestorTitles":["precision_grep handler","output modes"],"fullName":"precision_grep handler output modes should return count_only output","status":"passed","title":"should return count_only output","duration":19.898779000000104,"failureMessages":[],"meta":{}},{"ancestorTitles":["precision_grep handler","output modes"],"fullName":"precision_grep handler output modes should return files_only output","status":"passed","title":"should return files_only output","duration":21.797955,"failureMessages":[],"meta":{}},{"ancestorTitles":["precision_grep handler","output modes"],"fullName":"precision_grep handler output modes should return locations output","status":"passed","title":"should return locations output","duration":30.926752999999962,"failureMessages":[],"meta":{}},{"ancestorTitles":["precision_grep handler","output modes"],"fullName":"precision_grep handler output modes should return matches output with content","status":"passed","title":"should return matches output with content","duration":30.78816999999981,"failureMessages":[],"meta":{}},{"ancestorTitles":["precision_grep handler","output modes"],"fullName":"precision_grep handler output modes should return context output with before/after","status":"passed","title":"should return context output with before/after","duration":12.752700000000004,"failureMessages":[],"meta":{}},{"ancestorTitles":["precision_grep handler","context expansion"],"fullName":"precision_grep handler context expansion should expand to block context","status":"failed","title":"should expand to block context","duration":32.34634200000005,"failureMessages":["AssertionError: expected undefined to be defined\n    at /home/buzzkill/Projects/goodvibes-plugin/plugins/goodvibes/tools/implementations/precision-engine/src/__tests__/handlers/precision-grep.test.ts:168:43\n    at processTicksAndRejections (node:internal/process/task_queues:103:5)\n    at file:///home/buzzkill/Projects/goodvibes-plugin/plugins/goodvibes/tools/implementations/precision-engine/node_modules/@vitest/runner/dist/index.js:533:5\n    at runTest (file:///home/buzzkill/Projects/goodvibes-plugin/plugins/goodvibes/tools/implementations/precision-engine/node_modules/@vitest/runner/dist/index.js:1056:11)\n    at runSuite (file:///home/buzzkill/Projects/goodvibes-plugin/plugins/goodvibes/tools/implementations/precision-engine/node_modules/@vitest/runner/dist/index.js:1205:15)\n    at runSuite (file:///home/buzzkill/Projects/goodvibes-plugin/plugins/goodvibes/tools/implementations/precision-engine/node_modules/@vitest/runner/dist/index.js:1205:15)\n    at runSuite (file:///home/buzzkill/Projects/goodvibes-plugin/plugins/goodvibes/tools/implementations/precision-engine/node_modules/@vitest/runner/dist/index.js:1205:15)\n    at runFiles (file:///home/buzzkill/Projects/goodvibes-plugin/plugins/goodvibes/tools/implementations/precision-engine/node_modules/@vitest/runner/dist/index.js:1262:5)\n    at startTests (file:///home/buzzkill/Projects/goodvibes-plugin/plugins/goodvibes/tools/implementations/precision-engine/node_modules/@vitest/runner/dist/index.js:1271:3)\n    at file:///home/buzzkill/Projects/goodvibes-plugin/plugins/goodvibes/tools/implementations/precision-engine/node_modules/vitest/dist/chunks/runBaseTests.3qpJUEJM.js:126:11"],"meta":{}},{"ancestorTitles":["precision_grep handler","context expansion"],"fullName":"precision_grep handler context expansion should expand to function context","status":"passed","title":"should expand to function context","duration":85.06699200000003,"failureMessages":[],"meta":{}},{"ancestorTitles":["precision_grep handler","multiple queries"],"fullName":"precision_grep handler multiple queries should execute multiple queries","status":"passed","title":"should execute multiple queries","duration":28.925681000000168,"failureMessages":[],"meta":{}},{"ancestorTitles":["precision_grep handler","multiple queries"],"fullName":"precision_grep handler multiple queries should execute queries in parallel","status":"passed","title":"should execute queries in parallel","duration":47.812607999999955,"failureMessages":[],"meta":{}},{"ancestorTitles":["precision_grep handler","limits"],"fullName":"precision_grep handler limits should respect max_files limit","status":"passed","title":"should respect max_files limit","duration":31.111280999999963,"failureMessages":[],"meta":{}},{"ancestorTitles":["precision_grep handler","limits"],"fullName":"precision_grep handler limits should respect max_matches_per_file limit","status":"passed","title":"should respect max_matches_per_file limit","duration":31.310696000000007,"failureMessages":[],"meta":{}},{"ancestorTitles":["precision_grep handler","limits"],"fullName":"precision_grep handler limits should respect max_total_matches limit","status":"passed","title":"should respect max_total_matches limit","duration":34.99341500000014,"failureMessages":[],"meta":{}},{"ancestorTitles":["precision_grep handler","match options"],"fullName":"precision_grep handler match options should support case insensitive search","status":"passed","title":"should support case insensitive search","duration":31.182019999999966,"failureMessages":[],"meta":{}},{"ancestorTitles":["precision_grep handler","match options"],"fullName":"precision_grep handler match options should support case sensitive search","status":"passed","title":"should support case sensitive search","duration":39.29018000000019,"failureMessages":[],"meta":{}},{"ancestorTitles":["precision_grep handler","match options"],"fullName":"precision_grep handler match options should support whole word matching","status":"passed","title":"should support whole word matching","duration":39.893043000000034,"failureMessages":[],"meta":{}},{"ancestorTitles":["precision_grep handler","edge cases"],"fullName":"precision_grep handler edge cases should handle no matches","status":"passed","title":"should handle no matches","duration":68.34781199999998,"failureMessages":[],"meta":{}},{"ancestorTitles":["precision_grep handler","edge cases"],"fullName":"precision_grep handler edge cases should handle empty file","status":"passed","title":"should handle empty file","duration":45.858552000000145,"failureMessages":[],"meta":{}},{"ancestorTitles":["precision_grep handler","edge cases"],"fullName":"precision_grep handler edge cases should handle binary files","status":"passed","title":"should handle binary files","duration":43.715740000000096,"failureMessages":[],"meta":{}},{"ancestorTitles":["precision_grep handler","edge cases"],"fullName":"precision_grep handler edge cases should include binary files when requested","status":"passed","title":"should include binary files when requested","duration":36.262058000000025,"failureMessages":[],"meta":{}},{"ancestorTitles":["precision_grep handler","summary"],"fullName":"precision_grep handler summary should include total_files in summary","status":"passed","title":"should include total_files in summary","duration":37.40837599999986,"failureMessages":[],"meta":{}},{"ancestorTitles":["precision_grep handler","summary"],"fullName":"precision_grep handler summary should include total_matches in summary","status":"passed","title":"should include total_matches in summary","duration":50.16498299999989,"failureMessages":[],"meta":{}},{"ancestorTitles":["precision_grep handler","summary"],"fullName":"precision_grep handler summary should include truncated flag in summary","status":"passed","title":"should include truncated flag in summary","duration":49.28616499999998,"failureMessages":[],"meta":{}},{"ancestorTitles":["precision_grep handler","metadata"],"fullName":"precision_grep handler metadata should include tokens_used","status":"passed","title":"should include tokens_used","duration":46.28478200000018,"failureMessages":[],"meta":{}},{"ancestorTitles":["precision_grep handler","metadata"],"fullName":"precision_grep handler metadata should include execution time","status":"passed","title":"should include execution time","duration":47.82346800000005,"failureMessages":[],"meta":{}}],"startTime":1770572566023,"endTime":1770572567088.8235,"status":"failed","message":"","name":"/home/buzzkill/Projects/goodvibes-plugin/plugins/goodvibes/tools/implementations/precision-engine/src/__tests__/handlers/precision-grep.test.ts"},{"assertionResults":[{"ancestorTitles":["precision_read handler","input validation"],"fullName":"precision_read handler input validation should return error when files array is missing","status":"passed","title":"should return error when files array is missing","duration":10.416635000000042,"failureMessages":[],"meta":{}},{"ancestorTitles":["precision_read handler","extract mode: content"],"fullName":"precision_read handler extract mode: content should read full file content","status":"passed","title":"should read full file content","duration":9.964126999999962,"failureMessages":[],"meta":{}},{"ancestorTitles":["precision_read handler","extract mode: content"],"fullName":"precision_read handler extract mode: content should include line numbers by default","status":"passed","title":"should include line numbers by default","duration":3.892654999999877,"failureMessages":[],"meta":{}},{"ancestorTitles":["precision_read handler","extract mode: content"],"fullName":"precision_read handler extract mode: content should exclude line numbers when disabled","status":"passed","title":"should exclude line numbers when disabled","duration":4.62097800000015,"failureMessages":[],"meta":{}},{"ancestorTitles":["precision_read handler","extract mode: content"],"fullName":"precision_read handler extract mode: content should support line range with range parameter","status":"passed","title":"should support line range with range parameter","duration":2.81908999999996,"failureMessages":[],"meta":{}},{"ancestorTitles":["precision_read handler","extract mode: content"],"fullName":"precision_read handler extract mode: content should support default_range for all files","status":"passed","title":"should support default_range for all files","duration":2.6097369999999955,"failureMessages":[],"meta":{}},{"ancestorTitles":["precision_read handler","extract mode: lines"],"fullName":"precision_read handler extract mode: lines should return lines as array","status":"passed","title":"should return lines as array","duration":3.5633220000001984,"failureMessages":[],"meta":{}},{"ancestorTitles":["precision_read handler","extract mode: outline"],"fullName":"precision_read handler extract mode: outline should extract document outline","status":"passed","title":"should extract document outline","duration":57.359380999999985,"failureMessages":[],"meta":{}},{"ancestorTitles":["precision_read handler","extract mode: outline"],"fullName":"precision_read handler extract mode: outline should include hierarchical structure","status":"passed","title":"should include hierarchical structure","duration":10.080709999999954,"failureMessages":[],"meta":{}},{"ancestorTitles":["precision_read handler","extract mode: symbols"],"fullName":"precision_read handler extract mode: symbols should extract symbols from file","status":"passed","title":"should extract symbols from file","duration":14.804364999999962,"failureMessages":[],"meta":{}},{"ancestorTitles":["precision_read handler","extract mode: symbols"],"fullName":"precision_read handler extract mode: symbols should filter symbols by kind","status":"passed","title":"should filter symbols by kind","duration":13.981318999999985,"failureMessages":[],"meta":{}},{"ancestorTitles":["precision_read handler","extract mode: symbols"],"fullName":"precision_read handler extract mode: symbols should include signature in verbose mode","status":"passed","title":"should include signature in verbose mode","duration":19.811148999999887,"failureMessages":[],"meta":{}},{"ancestorTitles":["precision_read handler","extract mode: ast"],"fullName":"precision_read handler extract mode: ast should extract simplified AST","status":"failed","title":"should extract simplified AST","duration":28.991070000000036,"failureMessages":["AssertionError: expected undefined to be 'SourceFile' // Object.is equality\n    at /home/buzzkill/Projects/goodvibes-plugin/plugins/goodvibes/tools/implementations/precision-engine/src/__tests__/handlers/precision-read.test.ts:197:55\n    at file:///home/buzzkill/Projects/goodvibes-plugin/plugins/goodvibes/tools/implementations/precision-engine/node_modules/@vitest/runner/dist/index.js:533:5\n    at runTest (file:///home/buzzkill/Projects/goodvibes-plugin/plugins/goodvibes/tools/implementations/precision-engine/node_modules/@vitest/runner/dist/index.js:1056:11)\n    at runSuite (file:///home/buzzkill/Projects/goodvibes-plugin/plugins/goodvibes/tools/implementations/precision-engine/node_modules/@vitest/runner/dist/index.js:1205:15)\n    at runSuite (file:///home/buzzkill/Projects/goodvibes-plugin/plugins/goodvibes/tools/implementations/precision-engine/node_modules/@vitest/runner/dist/index.js:1205:15)\n    at runSuite (file:///home/buzzkill/Projects/goodvibes-plugin/plugins/goodvibes/tools/implementations/precision-engine/node_modules/@vitest/runner/dist/index.js:1205:15)\n    at runFiles (file:///home/buzzkill/Projects/goodvibes-plugin/plugins/goodvibes/tools/implementations/precision-engine/node_modules/@vitest/runner/dist/index.js:1262:5)\n    at startTests (file:///home/buzzkill/Projects/goodvibes-plugin/plugins/goodvibes/tools/implementations/precision-engine/node_modules/@vitest/runner/dist/index.js:1271:3)\n    at file:///home/buzzkill/Projects/goodvibes-plugin/plugins/goodvibes/tools/implementations/precision-engine/node_modules/vitest/dist/chunks/runBaseTests.3qpJUEJM.js:126:11\n    at withEnv (file:///home/buzzkill/Projects/goodvibes-plugin/plugins/goodvibes/tools/implementations/precision-engine/node_modules/vitest/dist/chunks/runBaseTests.3qpJUEJM.js:90:5)"],"meta":{}},{"ancestorTitles":["precision_read handler","multiple files"],"fullName":"precision_read handler multiple files should read multiple files","status":"passed","title":"should read multiple files","duration":11.997768000000178,"failureMessages":[],"meta":{}},{"ancestorTitles":["precision_read handler","multiple files"],"fullName":"precision_read handler multiple files should handle mix of existing and non-existing files","status":"passed","title":"should handle mix of existing and non-existing files","duration":13.199386999999888,"failureMessages":[],"meta":{}},{"ancestorTitles":["precision_read handler","output modes"],"fullName":"precision_read handler output modes should return count_only output","status":"passed","title":"should return count_only output","duration":7.725168999999823,"failureMessages":[],"meta":{}},{"ancestorTitles":["precision_read handler","output modes"],"fullName":"precision_read handler output modes should return minimal output","status":"passed","title":"should return minimal output","duration":8.710060999999996,"failureMessages":[],"meta":{}},{"ancestorTitles":["precision_read handler","output modes"],"fullName":"precision_read handler output modes should return verbose output with metadata","status":"passed","title":"should return verbose output with metadata","duration":4.933599999999842,"failureMessages":[],"meta":{}},{"ancestorTitles":["precision_read handler","truncation"],"fullName":"precision_read handler truncation should truncate when max_lines_per_file exceeded","status":"passed","title":"should truncate when max_lines_per_file exceeded","duration":7.106285999999955,"failureMessages":[],"meta":{}},{"ancestorTitles":["precision_read handler","truncation"],"fullName":"precision_read handler truncation should report truncation in summary","status":"passed","title":"should report truncation in summary","duration":5.315338000000111,"failureMessages":[],"meta":{}},{"ancestorTitles":["precision_read handler","edge cases"],"fullName":"precision_read handler edge cases should handle non-existent file","status":"passed","title":"should handle non-existent file","duration":10.629404000000022,"failureMessages":[],"meta":{}},{"ancestorTitles":["precision_read handler","edge cases"],"fullName":"precision_read handler edge cases should handle empty file","status":"failed","title":"should handle empty file","duration":10.055503999999928,"failureMessages":["AssertionError: expected undefined to be 1 // Object.is equality\n    at /home/buzzkill/Projects/goodvibes-plugin/plugins/goodvibes/tools/implementations/precision-engine/src/__tests__/handlers/precision-read.test.ts:331:56\n    at file:///home/buzzkill/Projects/goodvibes-plugin/plugins/goodvibes/tools/implementations/precision-engine/node_modules/@vitest/runner/dist/index.js:533:5\n    at runTest (file:///home/buzzkill/Projects/goodvibes-plugin/plugins/goodvibes/tools/implementations/precision-engine/node_modules/@vitest/runner/dist/index.js:1056:11)\n    at runSuite (file:///home/buzzkill/Projects/goodvibes-plugin/plugins/goodvibes/tools/implementations/precision-engine/node_modules/@vitest/runner/dist/index.js:1205:15)\n    at runSuite (file:///home/buzzkill/Projects/goodvibes-plugin/plugins/goodvibes/tools/implementations/precision-engine/node_modules/@vitest/runner/dist/index.js:1205:15)\n    at runSuite (file:///home/buzzkill/Projects/goodvibes-plugin/plugins/goodvibes/tools/implementations/precision-engine/node_modules/@vitest/runner/dist/index.js:1205:15)\n    at runFiles (file:///home/buzzkill/Projects/goodvibes-plugin/plugins/goodvibes/tools/implementations/precision-engine/node_modules/@vitest/runner/dist/index.js:1262:5)\n    at startTests (file:///home/buzzkill/Projects/goodvibes-plugin/plugins/goodvibes/tools/implementations/precision-engine/node_modules/@vitest/runner/dist/index.js:1271:3)\n    at file:///home/buzzkill/Projects/goodvibes-plugin/plugins/goodvibes/tools/implementations/precision-engine/node_modules/vitest/dist/chunks/runBaseTests.3qpJUEJM.js:126:11\n    at withEnv (file:///home/buzzkill/Projects/goodvibes-plugin/plugins/goodvibes/tools/implementations/precision-engine/node_modules/vitest/dist/chunks/runBaseTests.3qpJUEJM.js:90:5)"],"meta":{}},{"ancestorTitles":["precision_read handler","edge cases"],"fullName":"precision_read handler edge cases should return error for non-TS file with symbols extract","status":"failed","title":"should return error for non-TS file with symbols extract","duration":11.777564999999868,"failureMessages":["AssertionError: expected 'Symbol extraction not supported for t…' to contain 'TypeScript/JavaScript'\n    at /home/buzzkill/Projects/goodvibes-plugin/plugins/goodvibes/tools/implementations/precision-engine/src/__tests__/handlers/precision-read.test.ts:344:51\n    at file:///home/buzzkill/Projects/goodvibes-plugin/plugins/goodvibes/tools/implementations/precision-engine/node_modules/@vitest/runner/dist/index.js:533:5\n    at runTest (file:///home/buzzkill/Projects/goodvibes-plugin/plugins/goodvibes/tools/implementations/precision-engine/node_modules/@vitest/runner/dist/index.js:1056:11)\n    at runSuite (file:///home/buzzkill/Projects/goodvibes-plugin/plugins/goodvibes/tools/implementations/precision-engine/node_modules/@vitest/runner/dist/index.js:1205:15)\n    at runSuite (file:///home/buzzkill/Projects/goodvibes-plugin/plugins/goodvibes/tools/implementations/precision-engine/node_modules/@vitest/runner/dist/index.js:1205:15)\n    at runSuite (file:///home/buzzkill/Projects/goodvibes-plugin/plugins/goodvibes/tools/implementations/precision-engine/node_modules/@vitest/runner/dist/index.js:1205:15)\n    at runFiles (file:///home/buzzkill/Projects/goodvibes-plugin/plugins/goodvibes/tools/implementations/precision-engine/node_modules/@vitest/runner/dist/index.js:1262:5)\n    at startTests (file:///home/buzzkill/Projects/goodvibes-plugin/plugins/goodvibes/tools/implementations/precision-engine/node_modules/@vitest/runner/dist/index.js:1271:3)\n    at file:///home/buzzkill/Projects/goodvibes-plugin/plugins/goodvibes/tools/implementations/precision-engine/node_modules/vitest/dist/chunks/runBaseTests.3qpJUEJM.js:126:11\n    at withEnv (file:///home/buzzkill/Projects/goodvibes-plugin/plugins/goodvibes/tools/implementations/precision-engine/node_modules/vitest/dist/chunks/runBaseTests.3qpJUEJM.js:90:5)"],"meta":{}},{"ancestorTitles":["precision_read handler","summary"],"fullName":"precision_read handler summary should include files_read in summary","status":"passed","title":"should include files_read in summary","duration":3.1250199999999495,"failureMessages":[],"meta":{}},{"ancestorTitles":["precision_read handler","summary"],"fullName":"precision_read handler summary should include total_lines in summary","status":"passed","title":"should include total_lines in summary","duration":3.53130299999998,"failureMessages":[],"meta":{}},{"ancestorTitles":["precision_read handler","metadata"],"fullName":"precision_read handler metadata should include tokens_used","status":"passed","title":"should include tokens_used","duration":2.702747000000045,"failureMessages":[],"meta":{}},{"ancestorTitles":["precision_read handler","metadata"],"fullName":"precision_read handler metadata should include execution time","status":"passed","title":"should include execution time","duration":3.3300550000001294,"failureMessages":[],"meta":{}}],"startTime":1770572566277,"endTime":1770572566567.33,"status":"failed","message":"","name":"/home/buzzkill/Projects/goodvibes-plugin/plugins/goodvibes/tools/implementations/precision-engine/src/__tests__/handlers/precision-read.test.ts"},{"assertionResults":[{"ancestorTitles":["precision_symbols handler","input validation"],"fullName":"precision_symbols handler input validation should return error when mode is missing","status":"passed","title":"should return error when mode is missing","duration":5.09653800000001,"failureMessages":[],"meta":{}},{"ancestorTitles":["precision_symbols handler","input validation"],"fullName":"precision_symbols handler input validation should return error when output is missing","status":"passed","title":"should return error when output is missing","duration":1.1704520000000684,"failureMessages":[],"meta":{}},{"ancestorTitles":["precision_symbols handler","input validation"],"fullName":"precision_symbols handler input validation should return error for document mode without files","status":"passed","title":"should return error for document mode without files","duration":1.6788930000000164,"failureMessages":[],"meta":{}},{"ancestorTitles":["precision_symbols handler","workspace mode"],"fullName":"precision_symbols handler workspace mode should find symbols by query","status":"passed","title":"should find symbols by query","duration":93.75838900000008,"failureMessages":[],"meta":{}},{"ancestorTitles":["precision_symbols handler","workspace mode"],"fullName":"precision_symbols handler workspace mode should filter by kinds","status":"passed","title":"should filter by kinds","duration":16.95640400000002,"failureMessages":[],"meta":{}},{"ancestorTitles":["precision_symbols handler","workspace mode"],"fullName":"precision_symbols handler workspace mode should filter by exported_only","status":"passed","title":"should filter by exported_only","duration":112.37750599999981,"failureMessages":[],"meta":{}},{"ancestorTitles":["precision_symbols handler","workspace mode"],"fullName":"precision_symbols handler workspace mode should include private when requested","status":"passed","title":"should include private when requested","duration":17.006616000000122,"failureMessages":[],"meta":{}},{"ancestorTitles":["precision_symbols handler","document mode"],"fullName":"precision_symbols handler document mode should analyze specific files","status":"passed","title":"should analyze specific files","duration":8.771222999999964,"failureMessages":[],"meta":{}},{"ancestorTitles":["precision_symbols handler","document mode"],"fullName":"precision_symbols handler document mode should analyze multiple files","status":"passed","title":"should analyze multiple files","duration":18.733856999999944,"failureMessages":[],"meta":{}},{"ancestorTitles":["precision_symbols handler","output modes"],"fullName":"precision_symbols handler output modes should return count_only output","status":"passed","title":"should return count_only output","duration":8.812197999999853,"failureMessages":[],"meta":{}},{"ancestorTitles":["precision_symbols handler","output modes"],"fullName":"precision_symbols handler output modes should return names_only output","status":"passed","title":"should return names_only output","duration":7.263013000000001,"failureMessages":[],"meta":{}},{"ancestorTitles":["precision_symbols handler","output modes"],"fullName":"precision_symbols handler output modes should return locations output","status":"passed","title":"should return locations output","duration":10.726842999999917,"failureMessages":[],"meta":{}},{"ancestorTitles":["precision_symbols handler","output modes"],"fullName":"precision_symbols handler output modes should return signatures output","status":"passed","title":"should return signatures output","duration":5.497953000000052,"failureMessages":[],"meta":{}},{"ancestorTitles":["precision_symbols handler","output modes"],"fullName":"precision_symbols handler output modes should return full output","status":"passed","title":"should return full output","duration":21.478831000000127,"failureMessages":[],"meta":{}},{"ancestorTitles":["precision_symbols handler","grouping"],"fullName":"precision_symbols handler grouping should group by file","status":"passed","title":"should group by file","duration":6.193135000000211,"failureMessages":[],"meta":{}},{"ancestorTitles":["precision_symbols handler","grouping"],"fullName":"precision_symbols handler grouping should group by kind","status":"passed","title":"should group by kind","duration":4.159713000000011,"failureMessages":[],"meta":{}},{"ancestorTitles":["precision_symbols handler","grouping"],"fullName":"precision_symbols handler grouping should return flat list when group_by is none","status":"passed","title":"should return flat list when group_by is none","duration":6.671630999999934,"failureMessages":[],"meta":{}},{"ancestorTitles":["precision_symbols handler","limits"],"fullName":"precision_symbols handler limits should respect max_results limit","status":"passed","title":"should respect max_results limit","duration":8.772645999999895,"failureMessages":[],"meta":{}},{"ancestorTitles":["precision_symbols handler","symbol kinds"],"fullName":"precision_symbols handler symbol kinds should find functions","status":"passed","title":"should find functions","duration":7.873741000000109,"failureMessages":[],"meta":{}},{"ancestorTitles":["precision_symbols handler","symbol kinds"],"fullName":"precision_symbols handler symbol kinds should find classes","status":"passed","title":"should find classes","duration":7.211187999999993,"failureMessages":[],"meta":{}},{"ancestorTitles":["precision_symbols handler","symbol kinds"],"fullName":"precision_symbols handler symbol kinds should find interfaces","status":"passed","title":"should find interfaces","duration":4.628010999999788,"failureMessages":[],"meta":{}},{"ancestorTitles":["precision_symbols handler","symbol kinds"],"fullName":"precision_symbols handler symbol kinds should find types","status":"passed","title":"should find types","duration":5.715020000000095,"failureMessages":[],"meta":{}},{"ancestorTitles":["precision_symbols handler","symbol kinds"],"fullName":"precision_symbols handler symbol kinds should find enums","status":"passed","title":"should find enums","duration":6.750585000000001,"failureMessages":[],"meta":{}},{"ancestorTitles":["precision_symbols handler","symbol kinds"],"fullName":"precision_symbols handler symbol kinds should find methods","status":"passed","title":"should find methods","duration":5.661922999999888,"failureMessages":[],"meta":{}},{"ancestorTitles":["precision_symbols handler","summary"],"fullName
[...]
4.140979000000016,"failureMessages":[],"meta":{}},{"ancestorTitles":["precision_symbols handler","edge cases"],"fullName":"precision_symbols handler edge cases should handle no matching symbols","status":"passed","title":"should handle no matching symbols","duration":3.0509749999998803,"failureMessages":[],"meta":{}},{"ancestorTitles":["precision_symbols handler","edge cases"],"fullName":"precision_symbols handler edge cases should handle empty query (find all)","status":"passed","title":"should handle empty query (find all)","duration":5.315598000000136,"failureMessages":[],"meta":{}},{"ancestorTitles":["precision_symbols handler","edge cases"],"fullName":"precision_symbols handler edge cases should handle JSX files","status":"passed","title":"should handle JSX files","duration":3.6456120000000283,"failureMessages":[],"meta":{}},{"ancestorTitles":["precision_symbols handler","metadata"],"fullName":"precision_symbols handler metadata should include tokens_used","status":"passed","title":"should include tokens_used","duration":11.506750000000011,"failureMessages":[],"meta":{}},{"ancestorTitles":["precision_symbols handler","metadata"],"fullName":"precision_symbols handler metadata should include execution time","status":"passed","title":"should include execution time","duration":8.262762000000066,"failureMessages":[],"meta":{}}],"startTime":1770572566250,"endTime":1770572566695.2627,"status":"passed","message":"","name":"/home/buzzkill/Projects/goodvibes-plugin/plugins/goodvibes/tools/implementations/precision-engine/src/__tests__/handlers/precision-symbols.test.ts"},{"assertionResults":[{"ancestorTitles":["precision_write handler","input validation"],"fullName":"precision_write handler input validation should return error when files array is missing","status":"passed","title":"should return error when files array is missing","duration":26.194451000000072,"failureMessages":[],"meta":{}},{"ancestorTitles":["precision_write handler","input validation"],"fullName":"precision_write handler input validation should return error when files array is empty","status":"passed","title":"should return error when files array is empty","duration":31.987885000000006,"failureMessages":[],"meta":{}},{"ancestorTitles":["precision_write handler","basic file creation"],"fullName":"precision_write handler basic file creation should create a new file","status":"passed","title":"should create a new file","duration":22.542548000000124,"failureMessages":[],"meta":{}},{"ancestorTitles":["precision_write handler","basic file creation"],"fullName":"precision_write handler basic file creation should create multiple files","status":"passed","title":"should create multiple files","duration":5.737501000000066,"failureMessages":[],"meta":{}},{"ancestorTitles":["precision_write handler","basic file creation"],"fullName":"precision_write handler basic file creation should create files in nested directories","status":"passed","title":"should create files in nested directories","duration":7.297406000000137,"failureMessages":[],"meta":{}},{"ancestorTitles":["precision_write handler","overwrite behavior"],"fullName":"precision_write handler overwrite behavior should skip existing file when overwrite=false","status":"passed","title":"should skip existing file when overwrite=false","duration":6.056264000000056,"failureMessages":[],"meta":{}},{"ancestorTitles":["precision_write handler","overwrite behavior"],"fullName":"precision_write handler overwrite behavior should overwrite existing file when overwrite=true","status":"passed","title":"should overwrite existing file when overwrite=true","duration":24.80562000000009,"failureMessages":[],"meta":{}},{"ancestorTitles":["precision_write handler","dry_run mode"],"fullName":"precision_write handler dry_run mode should not create files in dry_run mode","status":"passed","title":"should not create files in dry_run mode","duration":1.8023789999999735,"failureMessages":[],"meta":{}},{"ancestorTitles":["precision_write handler","dry_run mode"],"fullName":"precision_write handler dry_run mode should report what would be created","status":"passed","title":"should report what would be created","duration":2.262990999999829,"failureMessages":[],"meta":{}},{"ancestorTitles":["precision_write handler","template support"],"fullName":"precision_write handler template support should apply handlebars template","status":"passed","title":"should apply handlebars template","duration":6.320929000000206,"failureMessages":[],"meta":{}},{"ancestorTitles":["precision_write handler","template support"],"fullName":"precision_write handler template support should apply ejs template","status":"passed","title":"should apply ejs template","duration":5.607422000000042,"failureMessages":[],"meta":{}},{"ancestorTitles":["precision_write handler","template support"],"fullName":"precision_write handler template support should not apply template when engine is none","status":"passed","title":"should not apply template when engine is none","duration":2.9189930000000004,"failureMessages":[],"meta":{}},{"ancestorTitles":["precision_write handler","output modes"],"fullName":"precision_write handler output modes should return count_only output","status":"passed","title":"should return count_only output","duration":6.494286000000102,"failureMessages":[],"meta":{}},{"ancestorTitles":["precision_write handler","output modes"],"fullName":"precision_write handler output modes should return minimal output","status":"passed","title":"should return minimal output","duration":6.614777000000004,"failureMessages":[],"meta":{}},{"ancestorTitles":["precision_write handler","output modes"],"fullName":"precision_write handler output modes should return verbose output with all details","status":"passed","title":"should return verbose output with all details","duration":6.704651000000013,"failureMessages":[],"meta":{}},{"ancestorTitles":["precision_write handler","transaction modes"],"fullName":"precision_write handler transaction modes should rollback on failure in atomic mode","status":"passed","title":"should rollback on failure in atomic mode","duration":6.423365999999987,"failureMessages":[],"meta":{}},{"ancestorTitles":["precision_write handler","transaction modes"],"fullName":"precision_write handler transaction modes should stop on failure in partial mode","status":"passed","title":"should stop on failure in partial mode","duration":3.9874090000000706,"failureMessages":[],"meta":{}},{"ancestorTitles":["precision_write handler","edge cases"],"fullName":"precision_write handler edge cases should handle empty content","status":"passed","title":"should handle empty content","duration":3.6326289999999517,"failureMessages":[],"meta":{}},{"ancestorTitles":["precision_write handler","edge cases"],"fullName":"precision_write handler edge cases should handle special characters in content","status":"passed","title":"should handle special characters in content","duration":2.058407999999872,"failureMessages":[],"meta":{}},{"ancestorTitles":["precision_write handler","edge cases"],"fullName":"precision_write handler edge cases should handle unicode content","status":"passed","title":"should handle unicode content","duration":2.265656999999919,"failureMessages":[],"meta":{}},{"ancestorTitles":["precision_write handler","edge cases"],"fullName":"precision_write handler edge cases should track bytes written","status":"passed","title":"should track bytes written","duration":1.1569580000000315,"failureMessages":[],"meta":{}},{"ancestorTitles":["precision_write handler","metadata"],"fullName":"precision_write handler metadata should include tokens_used","status":"passed","title":"should include tokens_used","duration":3.488544999999931,"failureMessages":[],"meta":{}},{"ancestorTitles":["precision_write handler","metadata"],"fullName":"precision_write handler metadata should include execution time","status":"passed","title":"should include execution time","duration":1.210645999999997,"failureMessages":[],"meta":{}}],"startTime":1770572565890,"endTime":1770572566083.2107,"status":"passed","message":"","name":"/home/buzzkill/Projects/goodvibes-plugin/plugins/goodvibes/tools/implementations/precision-engine/src/__tests__/handlers/precision-write.test.ts"},{"assertionResults":[{"ancestorTitles":["extractCodeBlocks"],"fullName":"extractCodeBlocks should extract basic code block with language","status":"passed","title":"should extract basic code block with language","duration":4.408318000000008,"failureMessages":[],"meta":{}},{"ancestorTitles":["extractCodeBlocks"],"fullName":"extractCodeBlocks should decode HTML entities","status":"passed","title":"should decode HTML entities","duration":0.8103330000000142,"failureMessages":[],"meta":{}},{"ancestorTitles":["extractCodeBlocks"],"fullName":"extractCodeBlocks should extract context from preceding heading","status":"passed","title":"should extract context from preceding heading","duration":0.7571550000000116,"failureMessages":[],"meta":{}},{"ancestorTitles":["extractCodeBlocks"],"fullName":"extractCodeBlocks should handle bare pre tags without code wrapper","status":"passed","title":"should handle bare pre tags without code wrapper","duration":0.5792500000000018,"failureMessages":[],"meta":{}},{"ancestorTitles":["extractCodeBlocks"],"fullName":"extractCodeBlocks should skip empty code blocks","status":"passed","title":"should skip empty code blocks","duration":0.5839189999999235,"failureMessages":[],"meta":{}},{"ancestorTitles":["extractCodeBlocks"],"fullName":"extractCodeBlocks should preserve indentation","status":"passed","title":"should preserve indentation","duration":0.5362010000000055,"failureMessages":[],"meta":{}},{"ancestorTitles":["extractCodeBlocks"],"fullName":"extractCodeBlocks should strip HTML tags inside code blocks","status":"passed","title":"should strip HTML tags inside code blocks","duration":0.47515900000007605,"failureMessages":[],"meta":{}},{"ancestorTitles":["extractCodeBlocks"],"fullName":"extractCodeBlocks should handle multiple code blocks","status":"passed","title":"should handle multiple code blocks","duration":0.9064590000000408,"failureMessages":[],"meta":{}},{"ancestorTitles":["extractCodeBlocks"],"fullName":"extractCodeBlocks should detect various language class patterns","status":"passed","title":"should detect various language class patterns","duration":1.1910500000000184,"failureMessages":[],"meta":{}},{"ancestorTitles":["extractCodeBlocks"],"fullName":"extractCodeBlocks should default to text for unknown language","status":"passed","title":"should default to text for unknown language","duration":0.5092619999999215,"failureMessages":[],"meta":{}},{"ancestorTitles":["extractCodeBlocks"],"fullName":"extractCodeBlocks should trim trailing whitespace from lines","status":"passed","title":"should trim trailing whitespace from lines","duration":0.45906000000002223,"failureMessages":[],"meta":{}},{"ancestorTitles":["extractCodeBlocks"],"fullName":"extractCodeBlocks should handle numeric HTML entities","status":"passed","title":"should handle numeric HTML entities","duration":0.4270010000000184,"failureMessages":[],"meta":{}},{"ancestorTitles":["extractCodeBlocks"],"fullName":"extractCodeBlocks should handle hex HTML entities","status":"passed","title":"should handle hex HTML entities","duration":0.4324410000000398,"failureMessages":[],"meta":{}},{"ancestorTitles":["extractCodeBlocks"],"fullName":"extractCodeBlocks should not include context when no heading precedes","status":"passed","title":"should not include context when no heading precedes","duration":0.4569760000000542,"failureMessages":[],"meta":{}},{"ancestorTitles":["extractCodeBlocks"],"fullName":"extractCodeBlocks should handle GitHub-style divs with highlights","status":"passed","title":"should handle GitHub-style divs with highlights","duration":0.38849100000004455,"failureMessages":[],"meta":{}}],"startTime":1770572565518,"endTime":1770572565531.457,"status":"passed","message":"","name":"/home/buzzkill/Projects/goodvibes-plugin/plugins/goodvibes/tools/implementations/precision-engine/src/__tests__/utils/code-blocks.test.ts"},{"assertionResults":[{"ancestorTitles":["extractStructuredData"],"fullName":"extractStructuredData should extract JSON-LD blocks","status":"passed","title":"should extract JSON-LD blocks","duration":6.144226000000003,"failureMessages":[],"meta":{}},{"ancestorTitles":["extractStructuredData"],"fullName":"extractStructuredData should skip malformed JSON-LD blocks","status":"passed","title":"should skip malformed JSON-LD blocks","duration":1.3276799999999866,"failureMessages":[],"meta":{}},{"ancestorTitles":["extractStructuredData"],"fullName":"extractStructuredData should extract OpenGraph meta tags","status":"passed","title":"should extract OpenGraph meta tags","duration":3.7833650000000034,"failureMessages":[],"meta":{}},{"ancestorTitles":["extractStructuredData"],"fullName":"extractStructuredData should handle OpenGraph tags with name attribute","status":"passed","title":"should handle OpenGraph tags with name attribute","duration":5.908011999999985,"failureMessages":[],"meta":{}},{"ancestorTitles":["extractStructuredData"],"fullName":"extractStructuredData should handle reversed attribute order in OpenGraph tags","status":"passed","title":"should handle reversed attribute order in OpenGraph tags","duration":1.3062509999999747,"failureMessages":[],"meta":{}},{"ancestorTitles":["extractStructuredData"],"fullName":"extractStructuredData should extract Twitter Card meta tags","status":"passed","title":"should extract Twitter Card meta tags","duration":0.6830199999999422,"failureMessages":[],"meta":{}},{"ancestorTitles":["extractStructuredData"],"fullName":"extractStructuredData should handle reversed attribute order in Twitter tags","status":"passed","title":"should handle reversed attribute order in Twitter tags","duration":0.6687440000000606,"failureMessages":[],"meta":{}},{"ancestorTitles":["extractStructuredData"],"fullName":"extractStructuredData should extract standard meta tags","status":"passed","title":"should extract standard meta tags","duration":0.47831600000006347,"failureMessages":[],"meta":{}},{"ancestorTitles":["extractStructuredData"],"fullName":"extractStructuredData should handle reversed attribute order in standard meta tags","status":"passed","title":"should handle reversed attribute order in standard meta tags","duration":0.4712130000000343,"failureMessages":[],"meta":{}},{"ancestorTitles":["extractStructuredData"],"fullName":"extractStructuredData should handle single and double quotes","status":"passed","title":"should handle single and double quotes","duration":0.6664799999999786,"failureMessages":[],"meta":{}},{"ancestorTitles":["extractStructuredData"],"fullName":"extractStructuredData should handle self-closing and non-self-closing tags","status":"passed","title":"should handle self-closing and non-self-closing tags","duration":0.48982699999999113,"failureMessages":[],"meta":{}},{"ancestorTitles":["extractStructuredData"],"fullName":"extractStructuredData should handle empty content attributes","status":"passed","title":"should handle empty content attributes","duration":0.4514359999999442,"failureMessages":[],"meta":{}},{"ancestorTitles":["extractStructuredData"],"fullName":"extractStructuredData should return empty results for HTML without structured data","status":"passed","title":"should return empty results for HTML without structured data","duration":0.8614370000000235,"failureMessages":[],"meta":{}},{"ancestorTitles":["extractStructuredData"],"fullName":"extractStructuredData should handle complex real-world HTML","status":"passed","title":"should handle complex real-world HTML","duration":1.7753189999999677,"failureMessages":[],"meta":{}}],"startTime":1770572565561,"endTime":1770572565586.7754,"status":"passed","message":"","name":"/home/buzzkill/Projects/goodvibes-plugin/plugins/goodvibes/tools/implementations/precision-engine/src/__tests__/utils/structured-data.test.ts"},{"assertionResults":[{"ancestorTitles":["htmlToMarkdown"],"fullName":"htmlToMarkdown should convert basic HTML to markdown","status":"passed","title":"should convert basic HTML to markdown","duration":8.082391999999913,"failureMessages":[],"meta":{}},{"ancestorTitles":["htmlToMarkdown"],"fullName":"htmlToMarkdown should convert headers","status":"passed","title":"should convert headers","duration":13.52535499999999,"failureMessages":[],"meta":{}},{"ancestorTitles":["htmlToMarkdown"],"fullName":"htmlToMarkdown should convert bold and italic","status":"passed","title":"should convert bold and italic","duration":2.6518029999999726,"failureMessages":[],"meta":{}},{"ancestorTitles":["htmlToMarkdown"],"fullName":"htmlToMarkdown should convert links","status":"passed","title":"should convert links","duration":1.705912000000012,"failureMessages":[],"meta":{}},{"ancestorTitles":["htmlToMarkdown"],"fullName":"htmlToMarkdown should convert images","status":"passed","title":"should convert images","duration":1.4872719999999617,"failureMessages":[],"meta":{}},{"ancestorTitles":["htmlToMarkdown"],"fullName":"htmlToMarkdown should convert unordered lists","status":"passed","title":"should convert unordered lists","duration":1.3617619999999988,"failureMessages":[],"meta":{}},{"ancestorTitles":["htmlToMarkdown"],"fullName":"htmlToMarkdown should convert code blocks","status":"passed","title":"should convert code blocks","duration":1.3013919999999644,"failureMessages":[],"meta":{}},{"ancestorTitles":["htmlToMarkdown"],"fullName":"htmlToMarkdown should convert inline code","status":"passed","title":"should convert inline code","duration":1.0139050000000225,"failureMessages":[],"meta":{}},{"ancestorTitles":["htmlToMarkdown"],"fullName":"htmlToMarkdown should handle GFM tables","status":"passed","title":"should handle GFM tables","duration":13.084807999999953,"failureMessages":[],"meta":{}},{"ancestorTitles":["htmlToMarkdown"],"fullName":"htmlToMarkdown should handle GFM strikethrough","status":"passed","title":"should handle GFM strikethrough","duration":1.4308180000000448,"failureMessages":[],"meta":{}},{"ancestorTitles":["htmlToMarkdown"],"fullName":"htmlToMarkdown should handle checkboxes in lists","status":"passed","title":"should handle checkboxes in lists","duration":2.358587000000057,"failureMessages":[],"meta":{}},{"ancestorTitles":["htmlToMarkdown"],"fullName":"htmlToMarkdown should return empty string for empty input","status":"passed","title":"should return empty string for empty input","duration":0.5506079999998974,"failureMessages":[],"meta":{}},{"ancestorTitles":["htmlToMarkdown"],"fullName":"htmlToMarkdown should return empty string for null/undefined","status":"passed","title":"should return empty string for null/undefined","duration":1.1184769999999844,"failureMessages":[],"meta":{}},{"ancestorTitles":["htmlToMarkdown"],"fullName":"htmlToMarkdown should handle custom options","status":"passed","title":"should handle custom options","duration":0.713265999999976,"failureMessages":[],"meta":{}},{"ancestorTitles":["htmlToMarkdown"],"fullName":"htmlToMarkdown should handle malformed HTML gracefully","status":"passed","title":"should handle malformed HTML gracefully","duration":0.6128519999999753,"failureMessages":[],"meta":{}},{"ancestorTitles":["htmlToMarkdown"],"fullName":"htmlToMarkdown should use atx heading style by default","status":"passed","title":"should use atx heading style by default","duration":0.7399039999999104,"failureMessages":[],"meta":{}},{"ancestorTitles":["htmlToMarkdown"],"fullName":"htmlToMarkdown should use setext heading style when specified","status":"passed","title":"should use setext heading style when specified","duration":0.8559169999999767,"failureMessages":[],"meta":{}}],"startTime":1770572565825,"endTime":1770572565878.856,"status":"passed","message":"","name":"/home/buzzkill/Projects/goodvibes-plugin/plugins/goodvibes/tools/implementations/precision-engine/src/__tests__/utils/turndown.test.ts"}]}
