{"numTotalTestSuites":8,"numPassedTestSuites":8,"numFailedTestSuites":0,"numPendingTestSuites":0,"numTotalTests":27,"numPassedTests":27,"numFailedTests":0,"numPendingTests":0,"numTodoTests":0,"snapshot":{"added":0,"failure":false,"filesAdded":0,"filesRemoved":0,"filesRemovedList":[],"filesUnmatched":0,"filesUpdated":0,"matched":0,"total":0,"unchecked":0,"uncheckedKeysByFile":[],"unmatched":0,"updated":0,"didUpdate":false},"startTime":1767646754476,"success":true,"testResults":[{"assertionResults":[{"ancestorTitles":["schema.ts facade","handleGetSchema export"],"fullName":"schema.ts facade handleGetSchema export should export handleGetSchema function","status":"passed","title":"should export handleGetSchema function","duration":1.8359999999999843,"failureMessages":[],"meta":{}},{"ancestorTitles":["schema.ts facade","handleGetSchema export"],"fullName":"schema.ts facade handleGetSchema export should handle prisma source through facade","status":"passed","title":"should handle prisma source through facade","duration":1.0395999999999788,"failureMessages":[],"meta":{}},{"ancestorTitles":["schema.ts facade","handleGetSchema export"],"fullName":"schema.ts facade handleGetSchema export should handle drizzle source through facade","status":"passed","title":"should handle drizzle source through facade","duration":0.963799999999992,"failureMessages":[],"meta":{}},{"ancestorTitles":["schema.ts facade","handleGetSchema export"],"fullName":"schema.ts facade handleGetSchema export should handle typeorm source through facade","status":"passed","title":"should handle typeorm source through facade","duration":0.6370000000000005,"failureMessages":[],"meta":{}},{"ancestorTitles":["schema.ts facade","handleGetSchema export"],"fullName":"schema.ts facade handleGetSchema export should handle sql source through facade","status":"passed","title":"should handle sql source through facade","duration":1.0349999999999966,"failureMessages":[],"meta":{}},{"ancestorTitles":["schema.ts facade","handleGetSchema export"],"fullName":"schema.ts facade handleGetSchema export should throw error for unknown source through facade","status":"passed","title":"should throw error for unknown source through facade","duration":0.8259999999999934,"failureMessages":[],"meta":{}},{"ancestorTitles":["schema.ts facade","handleGetSchema export"],"fullName":"schema.ts facade handleGetSchema export should pass path parameter through facade","status":"passed","title":"should pass path parameter through facade","duration":0.44659999999998945,"failureMessages":[],"meta":{}},{"ancestorTitles":["schema.ts facade","handleGetSchema export"],"fullName":"schema.ts facade handleGetSchema export should pass tables parameter through facade","status":"passed","title":"should pass tables parameter through facade","duration":0.2717000000000098,"failureMessages":[],"meta":{}},{"ancestorTitles":["schema.ts facade","handleGetSchema export"],"fullName":"schema.ts facade handleGetSchema export should return ToolResponse format","status":"passed","title":"should return ToolResponse format","duration":2.0087000000000046,"failureMessages":[],"meta":{}},{"ancestorTitles":["schema.ts facade","GetSchemaArgs type export"],"fullName":"schema.ts facade GetSchemaArgs type export should accept valid GetSchemaArgs with prisma source","status":"passed","title":"should accept valid GetSchemaArgs with prisma source","duration":0.6713000000000022,"failureMessages":[],"meta":{}},{"ancestorTitles":["schema.ts facade","GetSchemaArgs type export"],"fullName":"schema.ts facade GetSchemaArgs type export should accept GetSchemaArgs with all optional parameters","status":"passed","title":"should accept GetSchemaArgs with all optional parameters","duration":0.42140000000000555,"failureMessages":[],"meta":{}},{"ancestorTitles":["schema.ts facade","GetSchemaArgs type export"],"fullName":"schema.ts facade GetSchemaArgs type export should accept GetSchemaArgs with drizzle source","status":"passed","title":"should accept GetSchemaArgs with drizzle source","duration":0.4416999999999973,"failureMessages":[],"meta":{}},{"ancestorTitles":["schema.ts facade","GetSchemaArgs type export"],"fullName":"schema.ts facade GetSchemaArgs type export should accept GetSchemaArgs with typeorm source","status":"passed","title":"should accept GetSchemaArgs with typeorm source","duration":0.5310000000000059,"failureMessages":[],"meta":{}},{"ancestorTitles":["schema.ts facade","GetSchemaArgs type export"],"fullName":"schema.ts facade GetSchemaArgs type export should accept GetSchemaArgs with sql source","status":"passed","title":"should accept GetSchemaArgs with sql source","duration":0.48059999999998126,"failureMessages":[],"meta":{}},{"ancestorTitles":["schema.ts facade","facade integration"],"fullName":"schema.ts facade facade integration should properly re-export from schema/index.js","status":"passed","title":"should properly re-export from schema/index.js","duration":0.33979999999999677,"failureMessages":[],"meta":{}},{"ancestorTitles":["schema.ts facade","facade integration"],"fullName":"schema.ts facade facade integration should handle errors consistently with implementation","status":"passed","title":"should handle errors consistently with implementation","duration":0.3072999999999979,"failureMessages":[],"meta":{}},{"ancestorTitles":["schema.ts facade","facade integration"],"fullName":"schema.ts facade facade integration should preserve all functionality through facade","status":"passed","title":"should preserve all functionality through facade","duration":0.5098000000000127,"failureMessages":[],"meta":{}},{"ancestorTitles":["schema.ts facade","edge cases"],"fullName":"schema.ts facade edge cases should handle empty tables array","status":"passed","title":"should handle empty tables array","duration":0.39690000000001646,"failureMessages":[],"meta":{}},{"ancestorTitles":["schema.ts facade","edge cases"],"fullName":"schema.ts facade edge cases should handle undefined path","status":"passed","title":"should handle undefined path","duration":0.580600000000004,"failureMessages":[],"meta":{}},{"ancestorTitles":["schema.ts facade","edge cases"],"fullName":"schema.ts facade edge cases should handle undefined tables","status":"passed","title":"should handle undefined tables","duration":0.5241999999999507,"failureMessages":[],"meta":{}},{"ancestorTitles":["schema.ts facade","edge cases"],"fullName":"schema.ts facade edge cases should handle empty string path","status":"passed","title":"should handle empty string path","duration":0.4100999999999999,"failureMessages":[],"meta":{}},{"ancestorTitles":["schema.ts facade","all source types"],"fullName":"schema.ts facade all source types should handle all four source types through facade","status":"passed","title":"should handle all four source types through facade","duration":1.2434999999999832,"failureMessages":[],"meta":{}},{"ancestorTitles":["schema.ts facade","error messages"],"fullName":"schema.ts facade error messages should include all supported sources in unknown source error","status":"passed","title":"should include all supported sources in unknown source error","duration":0.4087000000000103,"failureMessages":[],"meta":{}},{"ancestorTitles":["schema.ts facade","error messages"],"fullName":"schema.ts facade error messages should throw specific error for missing prisma schema","status":"passed","title":"should throw specific error for missing prisma schema","duration":0.3140000000000214,"failureMessages":[],"meta":{}},{"ancestorTitles":["schema.ts facade","error messages"],"fullName":"schema.ts facade error messages should throw specific error for missing drizzle schema","status":"passed","title":"should throw specific error for missing drizzle schema","duration":0.316599999999994,"failureMessages":[],"meta":{}},{"ancestorTitles":["schema.ts facade","error messages"],"fullName":"schema.ts facade error messages should throw specific error for missing typeorm entities","status":"passed","title":"should throw specific error for missing typeorm entities","duration":0.40569999999996753,"failureMessages":[],"meta":{}},{"ancestorTitles":["schema.ts facade","error messages"],"fullName":"schema.ts facade error messages should throw specific error for missing sql schema","status":"passed","title":"should throw specific error for missing sql schema","duration":0.5822999999999752,"failureMessages":[],"meta":{}}],"startTime":1767646755003,"endTime":1767646755021.5823,"status":"passed","message":"","name":"C:/Users/buzzkill/Documents/vibeplug/plugins/goodvibes/tools/implementations/tool-search-server/src/__tests__/handlers/schema-facade.test.ts"}],"coverageMap":{"C:\\Users\\buzzkill\\Documents\\vibeplug\\plugins\\goodvibes\\tools\\implementations\\tool-search-server\\src\\handlers\\schema.ts":{"path":"C:\\Users\\buzzkill\\Documents\\vibeplug\\plugins\\goodvibes\\tools\\implementations\\tool-search-server\\src\\handlers\\schema.ts","statementMap":{},"fnMap":{},"branchMap":{},"s":{},"f":{},"b":{},"meta":{"lastBranch":0,"lastFunction":0,"lastStatement":0,"seen":{}}},"C:\\Users\\buzzkill\\Documents\\vibeplug\\plugins\\goodvibes\\tools\\implementations\\tool-search-server\\src\\handlers\\schema\\index.ts":{"path":"C:\\Users\\buzzkill\\Documents\\vibeplug\\plugins\\goodvibes\\tools\\implementations\\tool-search-server\\src\\handlers\\schema\\index.ts","statementMap":{"0":{"start":{"line":28,"column":22},"end":{"line":28,"column":null}},"1":{"start":{"line":30,"column":2},"end":{"line":41,"column":null}},"2":{"start":{"line":32,"column":6},"end":{"line":32,"column":null}},"3":{"start":{"line":34,"column":6},"end":{"line":34,"column":null}},"4":{"start":{"line":36,"column":6},"end":{"line":36,"column":null}},"5":{"start":{"line":38,"column":6},"end":{"line":38,"column":null}},"6":{"start":{"line":40,"column":6},"end":{"line":40,"column":null}}},"fnMap":{"0":{"name":"handleGetSchema","decl":{"start":{"line":27,"column":16},"end":{"line":27,"column":32}},"loc":{"start":{"line":27,"column":67},"end":{"line":42,"column":null}},"line":27}},"branchMap":{"0":{"loc":{"start":{"line":28,"column":49},"end":{"line":28,"column":65}},"type":"binary-expr","locations":[{"start":{"line":28,"column":49},"end":{"line":28,"column":62}},{"start":{"line":28,"column":62},"end":{"line":28,"column":65}}],"line":28},"1":{"loc":{"start":{"line":30,"column":2},"end":{"line":41,"column":null}},"type":"switch","locations":[{"start":{"line":31,"column":4},"end":{"line":32,"column":null}},{"start":{"line":33,"column":4},"end":{"line":34,"column":null}},{"start":{"line":35,"column":4},"end":{"line":36,"column":null}},{"start":{"line":37,"column":4},"end":{"line":38,"column":null}},{"start":{"line":39,"column":4},"end":{"line":40,"column":null}}],"line":30}},"s":{"0":30,"1":30,"2":16,"3":4,"4":4,"5":4,"6":2},"f":{"0":30},"b":{"0":[30,28],"1":[16,4,4,4,2]},"meta":{"lastBranch":2,"lastFunction":1,"lastStatement":7,"seen":{"f:27:16:27:32":0,"s:28:22:28:Infinity":0,"b:28:49:28:62:28:62:28:65":0,"b:31:4:32:Infinity:33:4:34:Infinity:35:4:36:Infinity:37:4:38:Infinity:39:4:40:Infinity":1,"s:30:2:41:Infinity":1,"s:32:6:32:Infinity":2,"s:34:6:34:Infinity":3,"s:36:6:36:Infinity":4,"s:38:6:38:Infinity":5,"s:40:6:40:Infinity":6}}},"C:\\Users\\buzzkill\\Documents\\vibeplug\\plugins\\goodvibes\\tools\\implementations\\tool-search-server\\src\\handlers\\schema\\drizzle-parser.ts":{"path":"C:\\Users\\buzzkill\\Documents\\vibeplug\\plugins\\goodvibes\\tools\\implementations\\tool-search-server\\src\\handlers\\schema\\drizzle-parser.ts","statementMap":{"0":{"start":{"line":16,"column":22},"end":{"line":21,"column":null}},"1":{"start":{"line":23,"column":34},"end":{"line":23,"column":null}},"2":{"start":{"line":24,"column":2},"end":{"line":29,"column":null}},"3":{"start":{"line":25,"column":4},"end":{"line":28,"column":null}},"4":{"start":{"line":26,"column":6},"end":{"line":26,"column":null}},"5":{"start":{"line":27,"column":6},"end":{"line":27,"column":null}},"6":{"start":{"line":31,"column":2},"end":{"line":33,"column":null}},"7":{"start":{"line":32,"column":4},"end":{"line":32,"column":null}},"8":{"start":{"line":35,"column":18},"end":{"line":35,"column":null}},"9":{"start":{"line":36,"column":26},"end":{"line":36,"column":null}},"10":{"start":{"line":39,"column":21},"end":{"line":39,"column":null}},"11":{"start":{"line":42,"column":2},"end":{"line":84,"column":null}},"12":{"start":{"line":43,"column":49},"end":{"line":43,"column":null}},"13":{"start":{"line":45,"column":4},"end":{"line":45,"column":null}},"14":{"start":{"line":45,"column":102},"end":{"line":45,"column":null}},"15":{"start":{"line":47,"column":30},"end":{"line":47,"column":null}},"16":{"start":{"line":48,"column":34},"end":{"line":48,"column":null}},"17":{"start":{"line":51,"column":24},"end":{"line":51,"column":null}},"18":{"start":{"line":54,"column":4},"end":{"line":64,"column":null}},"19":{"start":{"line":55,"column":44},"end":{"line":55,"column":null}},"20":{"start":{"line":56,"column":6},"end":{"line":63,"column":null}},"21":{"start":{"line":67,"column":21},"end":{"line":67,"column":null}},"22":{"start":{"line":69,"column":4},"end":{"line":75,"column":null}},"23":{"start":{"line":70,"column":6},"end":{"line":74,"column":null}},"24":{"start":{"line":77,"column":4},"end":{"line":83,"column":null}},"25":{"start":{"line":87,"column":25},"end":{"line":87,"column":null}},"26":{"start":{"line":88,"column":2},"end":{"line":101,"column":null}},"27":{"start":{"line":89,"column":38},"end":{"line":89,"column":null}},"28":{"start":{"line":90,"column":18},"end":{"line":90,"column":null}},"29":{"start":{"line":90,"column":35},"end":{"line":90,"column":83}},"30":{"start":{"line":91,"column":4},"end":{"line":100,"column":null}},"31":{"start":{"line":92,"column":25},"end":{"line":92,"column":null}},"32":{"start":{"line":93,"column":6},"end":{"line":95,"column":null}},"33":{"start":{"line":94,"column":8},"end":{"line":94,"column":null}},"34":{"start":{"line":96,"column":26},"end":{"line":96,"column":null}},"35":{"start":{"line":97,"column":6},"end":{"line":99,"column":null}},"36":{"start":{"line":98,"column":8},"end":{"line":98,"column":null}},"37":{"start":{"line":103,"column":2},"end":{"line":108,"column":null}}},"fnMap":{"0":{"name":"parseDrizzleSchema","decl":{"start":{"line":14,"column":16},"end":{"line":14,"column":35}},"loc":{"start":{"line":14,"column":95},"end":{"line":109,"column":null}},"line":14},"1":{"name":"(anonymous_1)","decl":{"start":{"line":90,"column":30},"end":{"line":90,"column":35}},"loc":{"start":{"line":90,"column":35},"end":{"line":90,"column":83}},"line":90}},"branchMap":{"0":{"loc":{"start":{"line":25,"column":4},"end":{"line":28,"column":null}},"type":"if","locations":[{"start":{"line":25,"column":4},"end":{"line":28,"column":null}},{"start":{},"end":{}}],"line":25},"1":{"loc":{"start":{"line":31,"column":2},"end":{"line":33,"column":null}},"type":"if","locations":[{"start":{"line":31,"column":2},"end":{"line":33,"column":null}},{"start":{},"end":{}}],"line":31},"2":{"loc":{"start":{"line":45,"column":4},"end":{"line":45,"column":null}},"type":"if","locations":[{"start":{"line":45,"column":4},"end":{"line":45,"column":null}},{"start":{},"end":{}}],"line":45},"3":{"loc":{"start":{"line":45,"column":8},"end":{"line":45,"column":102}},"type":"binary-expr","locations":[{"start":{"line":45,"column":8},"end":{"line":45,"column":32}},{"start":{"line":45,"column":32},"end":{"line":45,"column":69}},{"start":{"line":45,"column":69},"end":{"line":45,"column":102}}],"line":45},"4":{"loc":{"start":{"line":62,"column":17},"end":{"line":62,"column":null}},"type":"binary-expr","locations":[{"start":{"line":62,"column":17},"end":{"line":62,"column":65}},{"start":{"line":62,"column":65},"end":{"line":62,"column":null}}],"line":62},"5":{"loc":{"start":{"line":90,"column":35},"end":{"line":90,"column":83}},"type":"binary-expr","locations":[{"start":{"line":90,"column":35},"end":{"line":90,"column":63}},{"start":{"line":90,"column":63},"end":{"line":90,"column":83}}],"line":90},"6":{"loc":{"start":{"line":91,"column":4},"end":{"line":100,"column":null}},"type":"if","locations":[{"start":{"line":91,"column":4},"end":{"line":100,"column":null}},{"start":{},"end":{}}],"line":91}},"s":{"0":4,"1":4,"2":4,"3":7,"4":3,"5":3,"6":4,"7":1,"8":3,"9":3,"10":3,"11":3,"12":6,"13":6,"14":0,"15":6,"16":6,"17":6,"18":6,"19":12,"20":12,"21":6,"22":6,"23":0,"24":6,"25":3,"26":3,"27":6,"28":6,"29":9,"30":6,"31":6,"32":6,"33":3,"34":6,"35":6,"36":3,"37":3},"f":{"0":4,"1":9},"b":{"0":[3,4],"1":[1,3],"2":[0,6],"3":[6,0,0],"4":[12,12],"5":[9,3],"6":[6,0]},"meta":{"lastBranch":7,"lastFunction":2,"lastStatement":38,"seen":{"f:14:16:14:35":0,"s:16:22:21:Infinity":0,"s:23:34:23:Infinity":1,"s:24:2:29:Infinity":2,"b:25:4:28:Infinity:undefined:undefined:undefined:undefined":0,"s:25:4:28:Infinity":3,"s:26:6:26:Infinity":4,"s:27:6:27:Infinity":5,"b:31:2:33:Infinity:undefined:undefined:undefined:undefined":1,"s:31:2:33:Infinity":6,"s:32:4:32:Infinity":7,"s:35:18:35:Infinity":8,"s:36:26:36:Infinity":9,"s:39:21:39:Infinity":10,"s:42:2:84:Infinity":11,"s:43:49:43:Infinity":12,"b:45:4:45:Infinity:undefined:undefined:undefined:undefined":2,"s:45:4:45:Infinity":13,"b:45:8:45:32:45:32:45:69:45:69:45:102":3,"s:45:102:45:Infinity":14,"s:47:30:47:Infinity":15,"s:48:34:48:Infinity":16,"s:51:24:51:Infinity":17,"s:54:4:64:Infinity":18,"s:55:44:55:Infinity":19,"s:56:6:63:Infinity":20,"b:62:17:62:65:62:65:62:Infinity":4,"s:67:21:67:Infinity":21,"s:69:4:75:Infinity":22,"s:70:6:74:Infinity":23,"s:77:4:83:Infinity":24,"s:87:25:87:Infinity":25,"s:88:2:101:Infinity":26,"s:89:38:89:Infinity":27,"s:90:18:90:Infinity":28,"f:90:30:90:35":1,"s:90:35:90:83":29,"b:90:35:90:63:90:63:90:83":5,"b:91:4:100:Infinity:undefined:undefined:undefined:undefined":6,"s:91:4:100:Infinity":30,"s:92:25:92:Infinity":31,"s:93:6:95:Infinity":32,"s:94:8:94:Infinity":33,"s:96:26:96:Infinity":34,"s:97:6:99:Infinity":35,"s:98:8:98:Infinity":36,"s:103:2:108:Infinity":37}}},"C:\\Users\\buzzkill\\Documents\\vibeplug\\plugins\\goodvibes\\tools\\implementations\\tool-search-server\\src\\handlers\\schema\\typeorm-parser.ts":{"path":"C:\\Users\\buzzkill\\Documents\\vibeplug\\plugins\\goodvibes\\tools\\implementations\\tool-search-server\\src\\handlers\\schema\\typeorm-parser.ts","statementMap":{"0":{"start":{"line":16,"column":22},"end":{"line":21,"column":null}},"1":{"start":{"line":23,"column":33},"end":{"line":23,"column":null}},"2":{"start":{"line":24,"column":2},"end":{"line":29,"column":null}},"3":{"start":{"line":25,"column":4},"end":{"line":28,"column":null}},"4":{"start":{"line":26,"column":6},"end":{"line":26,"column":null}},"5":{"start":{"line":27,"column":6},"end":{"line":27,"column":null}},"6":{"start":{"line":31,"column":2},"end":{"line":33,"column":null}},"7":{"start":{"line":32,"column":4},"end":{"line":32,"column":null}},"8":{"start":{"line":35,"column":26},"end":{"line":35,"column":null}},"9":{"start":{"line":36,"column":22},"end":{"line":36,"column":null}},"10":{"start":{"line":36,"column":60},"end":{"line":36,"column":98}},"11":{"start":{"line":38,"column":2},"end":{"line":92,"column":null}},"12":{"start":{"line":39,"column":20},"end":{"line":39,"column":null}},"13":{"start":{"line":42,"column":24},"end":{"line":42,"column":null}},"14":{"start":{"line":43,"column":4},"end":{"line":43,"column":null}},"15":{"start":{"line":43,"column":22},"end":{"line":43,"column":null}},"16":{"start":{"line":46,"column":23},"end":{"line":46,"column":null}},"17":{"start":{"line":47,"column":4},"end":{"line":47,"column":null}},"18":{"start":{"line":47,"column":21},"end":{"line":47,"column":null}},"19":{"start":{"line":49,"column":22},"end":{"line":49,"column":null}},"20":{"start":{"line":50,"column":22},"end":{"line":50,"column":null}},"21":{"start":{"line":52,"column":4},"end":{"line":52,"column":null}},"22":{"start":{"line":52,"column":104},"end":{"line":52,"column":null}},"23":{"start":{"line":54,"column":30},"end":{"line":54,"column":null}},"24":{"start":{"line":55,"column":34},"end":{"line":55,"column":null}},"25":{"start":{"line":58,"column":24},"end":{"line":58,"column":null}},"26":{"start":{"line":61,"column":4},"end":{"line":70,"column":null}},"27":{"start":{"line":62,"column":55},"end":{"line":62,"column":null}},"28":{"start":{"line":63,"column":6},"end":{"line":69,"column":null}},"29":{"start":{"line":73,"column":21},"end":{"line":73,"column":null}},"30":{"start":{"line":76,"column":4},"end":{"line":82,"column":null}},"31":{"start":{"line":77,"column":34},"end":{"line":77,"column":null}},"32":{"start":{"line":78,"column":6},"end":{"line":81,"column":null}},"33":{"start":{"line":84,"column":4},"end":{"line":91,"column":null}},"34":{"start":{"line":94,"column":2},"end":{"line":99,"column":null}}},"fnMap":{"0":{"name":"parseTypeORMSchema","decl":{"start":{"line":14,"column":16},"end":{"line":14,"column":35}},"loc":{"start":{"line":14,"column":95},"end":{"line":100,"column":null}},"line":14},"1":{"name":"(anonymous_1)","decl":{"start":{"line":36,"column":55},"end":{"line":36,"column":60}},"loc":{"start":{"line":36,"column":60},"end":{"line":36,"column":98}},"line":36}},"branchMap":{"0":{"loc":{"start":{"line":25,"column":4},"end":{"line":28,"column":null}},"type":"if","locations":[{"start":{"line":25,"column":4},"end":{"line":28,"column":null}},{"start":{},"end":{}}],"line":25},"1":{"loc":{"start":{"line":31,"column":2},"end":{"line":33,"column":null}},"type":"if","locations":[{"start":{"line":31,"column":2},"end":{"line":33,"column":null}},{"start":{},"end":{}}],"line":31},"2":{"loc":{"start":{"line":36,"column":60},"end":{"line":36,"column":98}},"type":"binary-expr","locations":[{"start":{"line":36,"column":60},"end":{"line":36,"column":81}},{"start":{"line":36,"column":81},"end":{"line":36,"column":98}}],"line":36},"3":{"loc":{"start":{"line":43,"column":4},"end":{"line":43,"column":null}},"type":"if","locations":[{"start":{"line":43,"column":4},"end":{"line":43,"column":null}},{"start":{},"end":{}}],"line":43},"4":{"loc":{"start":{"line":47,"column":4},"end":{"line":47,"column":null}},"type":"if","locations":[{"start":{"line":47,"column":4},"end":{"line":47,"column":null}},{"start":{},"end":{}}],"line":47},"5":{"loc":{"start":{"line":49,"column":22},"end":{"line":49,"column":null}},"type":"binary-expr","locations":[{"start":{"line":49,"column":22},"end":{"line":49,"column":40}},{"start":{"line":49,"column":40},"end":{"line":49,"column":null}}],"line":49},"6":{"loc":{"start":{"line":52,"column":4},"end":{"line":52,"column":null}},"type":"if","locations":[{"start":{"line":52,"column":4},"end":{"line":52,"column":null}},{"start":{},"end":{}}],"line":52},"7":{"loc":{"start":{"line":52,"column":8},"end":{"line":52,"column":104}},"type":"binary-expr","locations":[{"start":{"line":52,"column":8},"end":{"line":52,"column":32}},{"start":{"line":52,"column":32},"end":{"line":52,"column":69}},{"start":{"line":52,"column":69},"end":{"line":52,"column":104}}],"line":52}},"s":{"0":4,"1":4,"2":4,"3":7,"4":3,"5":3,"6":4,"7":1,"8":3,"9":3,"10":3,"11":3,"12":3,"13":3,"14":3,"15":0,"16":3,"17":3,"18":0,"19":3,"20":3,"21":3,"22":0,"23":3,"24":3,"25":3,"26":3,"27":4,"28":4,"29":3,"30":3,"31":0,"32":0,"33":3,"34":3},"f":{"0":4,"1":3},"b":{"0":[3,4],"1":[1,3],"2":[3,0],"3":[0,3],"4":[0,3],"5":[3,0],"6":[0,3],"7":[3,0,0]},"meta":{"lastBranch":8,"lastFunction":2,"lastStatement":35,"seen":{"f:14:16:14:35":0,"s:16:22:21:Infinity":0,"s:23:33:23:Infinity":1,"s:24:2:29:Infinity":2,"b:25:4:28:Infinity:undefined:undefined:undefined:undefined":0,"s:25:4:28:Infinity":3,"s:26:6:26:Infinity":4,"s:27:6:27:Infinity":5,"b:31:2:33:Infinity:undefined:undefined:undefined:undefined":1,"s:31:2:33:Infinity":6,"s:32:4:32:Infinity":7,"s:35:26:35:Infinity":8,"s:36:22:36:Infinity":9,"f:36:55:36:60":1,"s:36:60:36:98":10,"b:36:60:36:81:36:81:36:98":2,"s:38:2:92:Infinity":11,"s:39:20:39:Infinity":12,"s:42:24:42:Infinity":13,"b:43:4:43:Infinity:undefined:undefined:undefined:undefined":3,"s:43:4:43:Infinity":14,"s:43:22:43:Infinity":15,"s:46:23:46:Infinity":16,"b:47:4:47:Infinity:undefined:undefined:undefined:undefined":4,"s:47:4:47:Infinity":17,"s:47:21:47:Infinity":18,"s:49:22:49:Infinity":19,"b:49:22:49:40:49:40:49:Infinity":5,"s:50:22:50:Infinity":20,"b:52:4:52:Infinity:undefined:undefined:undefined:undefined":6,"s:52:4:52:Infinity":21,"b:52:8:52:32:52:32:52:69:52:69:52:104":7,"s:52:104:52:Infinity":22,"s:54:30:54:Infinity":23,"s:55:34:55:Infinity":24,"s:58:24:58:Infinity":25,"s:61:4:70:Infinity":26,"s:62:55:62:Infinity":27,"s:63:6:69:Infinity":28,"s:73:21:73:Infinity":29,"s:76:4:82:Infinity":30,"s:77:34:77:Infinity":31,"s:78:6:81:Infinity":32,"s:84:4:91:Infinity":33,"s:94:2:99:Infinity":34}}},"C:\\Users\\buzzkill\\Documents\\vibeplug\\plugins\\goodvibes\\tools\\implementations\\tool-search-server\\src\\handlers\\schema\\sql-parser.ts":{"path":"C:\\Users\\buzzkill\\Documents\\vibeplug\\plugins\\goodvibes\\tools\\implementations\\tool-search-server\\src\\handlers\\schema\\sql-parser.ts","statementMap":{"0":{"start":{"line":16,"column":19},"end":{"line":22,"column":null}},"1":{"start":{"line":24,"column":31},"end":{"line":24,"column":null}},"2":{"start":{"line":25,"column":2},"end":{"line":30,"column":null}},"3":{"start":{"line":26,"column":4},"end":{"line":29,"column":null}},"4":{"start":{"line":27,"column":6},"end":{"line":27,"column":null}},"5":{"start":{"line":28,"column":6},"end":{"line":28,"column":null}},"6":{"start":{"line":32,"column":2},"end":{"line":46,"column":null}},"7":{"start":{"line":34,"column":20},"end":{"line":43,"column":null}},"8":{"start":{"line":35,"column":6},"end":{"line":35,"column":null}},"9":{"start":{"line":35,"column":31},"end":{"line":35,"column":null}},"10":{"start":{"line":36,"column":20},"end":{"line":36,"column":null}},"11":{"start":{"line":37,"column":6},"end":{"line":41,"column":null}},"12":{"start":{"line":38,"column":8},"end":{"line":40,"column":null}},"13":{"start":{"line":39,"column":10},"end":{"line":39,"column":null}},"14":{"start":{"line":42,"column":6},"end":{"line":42,"column":null}},"15":{"start":{"line":45,"column":4},"end":{"line":45,"column":null}},"16":{"start":{"line":48,"column":2},"end":{"line":50,"column":null}},"17":{"start":{"line":49,"column":4},"end":{"line":49,"column":null}},"18":{"start":{"line":52,"column":18},"end":{"line":52,"column":null}},"19":{"start":{"line":53,"column":26},"end":{"line":53,"column":null}},"20":{"start":{"line":56,"column":21},"end":{"line":56,"column":null}},"21":{"start":{"line":59,"column":2},"end":{"line":110,"column":null}},"22":{"start":{"line":60,"column":40},"end":{"line":60,"column":null}},"23":{"start":{"line":62,"column":4},"end":{"line":62,"column":null}},"24":{"start":{"line":62,"column":67},"end":{"line":62,"column":null}},"25":{"start":{"line":64,"column":30},"end":{"line":64,"column":null}},"26":{"start":{"line":65,"column":34},"end":{"line":65,"column":null}},"27":{"start":{"line":66,"column":29},"end":{"line":66,"column":null}},"28":{"start":{"line":69,"column":18},"end":{"line":69,"column":null}},"29":{"start":{"line":69,"column":51},"end":{"line":69,"column":59}},"30":{"start":{"line":70,"column":4},"end":{"line":107,"column":null}},"31":{"start":{"line":72,"column":6},"end":{"line":91,"column":null}},"32":{"start":{"line":74,"column":24},"end":{"line":74,"column":null}},"33":{"start":{"line":75,"column":8},"end":{"line":81,"column":null}},"34":{"start":{"line":76,"column":10},"end":{"line":80,"column":null}},"35":{"start":{"line":83,"column":28},"end":{"line":83,"column":null}},"36":{"start":{"line":84,"column":8},"end":{"line":89,"column":null}},"37":{"start":{"line":85,"column":10},"end":{"line":88,"column":null}},"38":{"start":{"line":87,"column":56},"end":{"line":87,"column":86}},"39":{"start":{"line":90,"column":8},"end":{"line":90,"column":null}},"40":{"start":{"line":94,"column":23},"end":{"line":94,"column":null}},"41":{"start":{"line":95,"column":6},"end":{"line":106,"column":null}},"42":{"start":{"line":96,"column":43},"end":{"line":96,"column":null}},"43":{"start":{"line":97,"column":8},"end":{"line":105,"column":null}},"44":{"start":{"line":109,"column":4},"end":{"line":109,"column":null}},"45":{"start":{"line":112,"column":2},"end":{"line":117,"column":null}}},"fnMap":{"0":{"name":"parseSQLSchema","decl":{"start":{"line":14,"column":16},"end":{"line":14,"column":31}},"loc":{"start":{"line":14,"column":91},"end":{"line":118,"column":null}},"line":14},"1":{"name":"(anonymous_1)","decl":{"start":{"line":34,"column":20},"end":{"line":34,"column":21}},"loc":{"start":{"line":34,"column":52},"end":{"line":43,"column":null}},"line":34},"2":{"name":"(anonymous_2)","decl":{"start":{"line":69,"column":46},"end":{"line":69,"column":51}},"loc":{"start":{"line":69,"column":51},"end":{"line":69,"column":59}},"line":69},"3":{"name":"(anonymous_3)","decl":{"start":{"line":87,"column":51},"end":{"line":87,"column":56}},"loc":{"start":{"line":87,"column":56},"end":{"line":87,"column":86}},"line":87}},"branchMap":{"0":{"loc":{"start":{"line":26,"column":4},"end":{"line":29,"column":null}},"type":"if","locations":[{"start":{"line":26,"column":4},"end":{"line":29,"column":null}},{"start":{},"end":{}}],"line":26},"1":{"loc":{"start":{"line":32,"column":2},"end":{"line":46,"column":null}},"type":"if","locations":[{"start":{"line":32,"column":2},"end":{"line":46,"column":null}},{"start":{},"end":{}}],"line":32},"2":{"loc":{"start":{"line":35,"column":6},"end":{"line":35,"column":null}},"type":"if","locations":[{"start":{"line":35,"column":6},"end":{"line":35,"column":null}},{"start":{},"end":{}}],"line":35},"3":{"loc":{"start":{"line":38,"column":8},"end":{"line":40,"column":null}},"type":"if","locations":[{"start":{"line":38,"column":8},"end":{"line":40,"column":null}},{"start":{},"end":{}}],"line":38},"4":{"loc":{"start":{"line":38,"column":12},"end":{"line":38,"column":60}},"type":"binary-expr","locations":[{"start":{"line":38,"column":12},"end":{"line":38,"column":34}},{"start":{"line":38,"column":34},"end":{"line":38,"column":60}}],"line":38},"5":{"loc":{"start":{"line":45,"column":14},"end":{"line":45,"column":null}},"type":"binary-expr","locations":[{"start":{"line":45,"column":14},"end":{"line":45,"column":38}},{"start":{"line":45,"column":38},"end":{"line":45,"column":79}},{"start":{"line":45,"column":79},"end":{"line":45,"column":null}}],"line":45},"6":{"loc":{"start":{"line":48,"column":2},"end":{"line":50,"column":null}},"type":"if","locations":[{"start":{"line":48,"column":2},"end":{"line":50,"column":null}},{"start":{},"end":{}}],"line":48},"7":{"loc":{"start":{"line":62,"column":4},"end":{"line":62,"column":null}},"type":"if","locations":[{"start":{"line":62,"column":4},"end":{"line":62,"column":null}},{"start":{},"end":{}}],"line":62},"8":{"loc":{"start":{"line":62,"column":8},"end":{"line":62,"column":67}},"type":"binary-expr","locations":[{"start":{"line":62,"column":8},"end":{"line":62,"column":32}},{"start":{"line":62,"column":32},"end":{"line":62,"column":67}}],"line":62},"9":{"loc":{"start":{"line":72,"column":6},"end":{"line":91,"column":null}},"type":"if","locations":[{"start":{"line":72,"column":6},"end":{"line":91,"column":null}},{"start":{},"end":{}}],"line":72},"10":{"loc":{"start":{"line":75,"column":8},"end":{"line":81,"column":null}},"type":"if","locations":[{"start":{"line":75,"column":8},"end":{"line":81,"column":null}},{"start":{},"end":{}}],"line":75},"11":{"loc":{"start":{"line":84,"column":8},"end":{"line":89,"column":null}},"type":"if","locations":[{"start":{"line":84,"column":8},"end":{"line":89,"column":null}},{"start":{},"end":{}}],"line":84},"12":{"loc":{"start":{"line":95,"column":6},"end":{"line":106,"column":null}},"type":"if","locations":[{"start":{"line":95,"column":6},"end":{"line":106,"column":null}},{"start":{},"end":{}}],"line":95},"13":{"loc":{"start":{"line":103,"column":19},"end":{"line":103,"column":null}},"type":"binary-expr","locations":[{"start":{"line":103,"column":19},"end":{"line":103,"column":62}},{"start":{"line":103,"column":62},"end":{"line":103,"column":null}}],"line":103}},"s":{"0":4,"1":4,"2":4,"3":8,"4":3,"5":3,"6":4,"7":1,"8":3,"9":3,"10":0,"11":0,"12":0,"13":0,"14":0,"15":1,"16":4,"17":1,"18":3,"19":3,"20":3,"21":3,"22":6,"23":6,"24":0,"25":6,"26":6,"27":6,"28":6,"29":36,"30":6,"31":36,"32":6,"33":6,"34":3,"35":6,"36":6,"37":3,"38":3,"39":6,"40":30,"41":30,"42":30,"43":30,"44":6,"45":3},"f":{"0":4,"1":3,"2":36,"3":3},"b":{"0":[3,5],"1":[1,3],"2":[3,0],"3":[0,0],"4":[0,0],"5":[1,1,1],"6":[1,3],"7":[0,6],"8":[6,0],"9":[6,30],"10":[3,3],"11":[3,3],"12":[30,0],"13":[30,21]},"meta":{"lastBranch":14,"lastFunction":4,"lastStatement":46,"seen":{"f:14:16:14:31":0,"s:16:19:22:Infinity":0,"s:24:31:24:Infinity":1,"s:25:2:30:Infinity":2,"b:26:4:29:Infinity:undefined:undefined:undefined:undefined":0,"s:26:4:29:Infinity":3,"s:27:6:27:Infinity":4,"s:28:6:28:Infinity":5,"b:32:2:46:Infinity:undefined:undefined:undefined:undefined":1,"s:32:2:46:Infinity":6,"s:34:20:43:Infinity":7,"f:34:20:34:21":1,"b:35:6:35:Infinity:undefined:undefined:undefined:undefined":2,"s:35:6:35:Infinity":8,"s:35:31:35:Infinity":9,"s:36:20:36:Infinity":10,"s:37:6:41:Infinity":11,"b:38:8:40:Infinity:undefined:undefined:undefined:undefined":3,"s:38:8:40:Infinity":12,"b:38:12:38:34:38:34:38:60":4,"s:39:10:39:Infinity":13,"s:42:6:42:Infinity":14,"s:45:4:45:Infinity":15,"b:45:14:45:38:45:38:45:79:45:79:45:Infinity":5,"b:48:2:50:Infinity:undefined:undefined:undefined:undefined":6,"s:48:2:50:Infinity":16,"s:49:4:49:Infinity":17,"s:52:18:52:Infinity":18,"s:53:26:53:Infinity":19,"s:56:21:56:Infinity":20,"s:59:2:110:Infinity":21,"s:60:40:60:Infinity":22,"b:62:4:62:Infinity:undefined:undefined:undefined:undefined":7,"s:62:4:62:Infinity":23,"b:62:8:62:32:62:32:62:67":8,"s:62:67:62:Infinity":24,"s:64:30:64:Infinity":25,"s:65:34:65:Infinity":26,"s:66:29:66:Infinity":27,"s:69:18:69:Infinity":28,"f:69:46:69:51":2,"s:69:51:69:59":29,"s:70:4:107:Infinity":30,"b:72:6:91:Infinity:undefined:undefined:undefined:undefined":9,"s:72:6:91:Infinity":31,"s:74:24:74:Infinity":32,"b:75:8:81:Infinity:undefined:undefined:undefined:undefined":10,"s:75:8:81:Infinity":33,"s:76:10:80:Infinity":34,"s:83:28:83:Infinity":35,"b:84:8:89:Infinity:undefined:undefined:undefined:undefined":11,"s:84:8:89:Infinity":36,"s:85:10:88:Infinity":37,"f:87:51:87:56":3,"s:87:56:87:86":38,"s:90:8:90:Infinity":39,"s:94:23:94:Infinity":40,"b:95:6:106:Infinity:undefined:undefined:undefined:undefined":12,"s:95:6:106:Infinity":41,"s:96:43:96:Infinity":42,"s:97:8:105:Infinity":43,"b:103:19:103:62:103:62:103:Infinity":13,"s:109:4:109:Infinity":44,"s:112:2:117:Infinity":45}}},"C:\\Users\\buzzkill\\Documents\\vibeplug\\plugins\\goodvibes\\tools\\implementations\\tool-search-server\\src\\handlers\\schema\\prisma-parser.ts":{"path":"C:\\Users\\buzzkill\\Documents\\vibeplug\\plugins\\goodvibes\\tools\\implementations\\tool-search-server\\src\\handlers\\schema\\prisma-parser.ts","statementMap":{"0":{"start":{"line":15,"column":21},"end":{"line":15,"column":null}},"1":{"start":{"line":16,"column":2},"end":{"line":18,"column":null}},"2":{"start":{"line":17,"column":4},"end":{"line":17,"column":null}},"3":{"start":{"line":20,"column":18},"end":{"line":20,"column":null}},"4":{"start":{"line":21,"column":21},"end":{"line":21,"column":null}},"5":{"start":{"line":22,"column":26},"end":{"line":22,"column":null}},"6":{"start":{"line":25,"column":2},"end":{"line":76,"column":null}},"7":{"start":{"line":26,"column":22},"end":{"line":26,"column":null}},"8":{"start":{"line":27,"column":22},"end":{"line":27,"column":null}},"9":{"start":{"line":29,"column":4},"end":{"line":29,"column":null}},"10":{"start":{"line":29,"column":67},"end":{"line":29,"column":null}},"11":{"start":{"line":31,"column":30},"end":{"line":31,"column":null}},"12":{"start":{"line":32,"column":34},"end":{"line":32,"column":null}},"13":{"start":{"line":34,"column":4},"end":{"line":63,"column":null}},"14":{"start":{"line":35,"column":22},"end":{"line":35,"column":null}},"15":{"start":{"line":36,"column":6},"end":{"line":36,"column":null}},"16":{"start":{"line":36,"column":76},"end":{"line":36,"column":null}},"17":{"start":{"line":38,"column":25},"end":{"line":38,"column":null}},"18":{"start":{"line":39,"column":6},"end":{"line":62,"column":null}},"19":{"start":{"line":40,"column":60},"end":{"line":40,"column":null}},"20":{"start":{"line":43,"column":30},"end":{"line":43,"column":null}},"21":{"start":{"line":44,"column":27},"end":{"line":44,"column":null}},"22":{"start":{"line":46,"column":8},"end":{"line":61,"column":null}},"23":{"start":{"line":47,"column":10},"end":{"line":51,"column":null}},"24":{"start":{"line":53,"column":10},"end":{"line":60,"column":null}},"25":{"start":{"line":66,"column":25},"end":{"line":66,"column":null}},"26":{"start":{"line":67,"column":29},"end":{"line":67,"column":null}},"27":{"start":{"line":68,"column":4},"end":{"line":73,"column":null}},"28":{"start":{"line":69,"column":6},"end":{"line":72,"column":null}},"29":{"start":{"line":71,"column":49},"end":{"line":71,"column":57}},"30":{"start":{"line":75,"column":4},"end":{"line":75,"column":null}},"31":{"start":{"line":78,"column":2},"end":{"line":83,"column":null}}},"fnMap":{"0":{"name":"parsePrismaSchema","decl":{"start":{"line":14,"column":16},"end":{"line":14,"column":34}},"loc":{"start":{"line":14,"column":94},"end":{"line":84,"column":null}},"line":14},"1":{"name":"(anonymous_1)","decl":{"start":{"line":71,"column":44},"end":{"line":71,"column":49}},"loc":{"start":{"line":71,"column":49},"end":{"line":71,"column":57}},"line":71}},"branchMap":{"0":{"loc":{"start":{"line":16,"column":2},"end":{"line":18,"column":null}},"type":"if","locations":[{"start":{"line":16,"column":2},"end":{"line":18,"column":null}},{"start":{},"end":{}}],"line":16},"1":{"loc":{"start":{"line":29,"column":4},"end":{"line":29,"column":null}},"type":"if","locations":[{"start":{"line":29,"column":4},"end":{"line":29,"column":null}},{"start":{},"end":{}}],"line":29},"2":{"loc":{"start":{"line":29,"column":8},"end":{"line":29,"column":67}},"type":"binary-expr","locations":[{"start":{"line":29,"column":8},"end":{"line":29,"column":32}},{"start":{"line":29,"column":32},"end":{"line":29,"column":67}}],"line":29},"3":{"loc":{"start":{"line":36,"column":6},"end":{"line":36,"column":null}},"type":"if","locations":[{"start":{"line":36,"column":6},"end":{"line":36,"column":null}},{"start":{},"end":{}}],"line":36},"4":{"loc":{"start":{"line":36,"column":10},"end":{"line":36,"column":76}},"type":"binary-expr","locations":[{"start":{"line":36,"column":10},"end":{"line":36,"column":22}},{"start":{"line":36,"column":22},"end":{"line":36,"column":50}},{"start":{"line":36,"column":50},"end":{"line":36,"column":76}}],"line":36},"5":{"loc":{"start":{"line":39,"column":6},"end":{"line":62,"column":null}},"type":"if","locations":[{"start":{"line":39,"column":6},"end":{"line":62,"column":null}},{"start":{},"end":{}}],"line":39},"6":{"loc":{"start":{"line":44,"column":27},"end":{"line":44,"column":null}},"type":"binary-expr","locations":[{"start":{"line":44,"column":27},"end":{"line":44,"column":55}},{"start":{"line":44,"column":55},"end":{"line":44,"column":null}}],"line":44},"7":{"loc":{"start":{"line":46,"column":8},"end":{"line":61,"column":null}},"type":"if","locations":[{"start":{"line":46,"column":8},"end":{"line":61,"column":null}},{"start":{"line":52,"column":15},"end":{"line":61,"column":null}}],"line":46},"8":{"loc":{"start":{"line":50,"column":18},"end":{"line":50,"column":null}},"type":"cond-expr","locations":[{"start":{"line":50,"column":28},"end":{"line":50,"column":44}},{"start":{"line":50,"column":44},"end":{"line":50,"column":null}}],"line":50},"9":{"loc":{"start":{"line":59,"column":21},"end":{"line":59,"column":null}},"type":"binary-expr","locations":[{"start":{"line":59,"column":21},"end":{"line":59,"column":66}},{"start":{"line":59,"column":66},"end":{"line":59,"column":null}}],"line":59}},"s":{"0":16,"1":16,"2":2,"3":14,"4":14,"5":14,"6":14,"7":28,"8":28,"9":28,"10":1,"11":27,"12":27,"13":27,"14":283,"15":283,"16":108,"17":175,"18":175,"19":175,"20":175,"21":175,"22":175,"23":27,"24":148,"25":27,"26":27,"27":27,"28":27,"29":27,"30":27,"31":14},"f":{"0":16,"1":27},"b":{"0":[2,14],"1":[1,27],"2":[28,4],"3":[108,175],"4":[283,202,202],"5":[175,0],"6":[175,175],"7":[27,148],"8":[14,13],"9":[148,81]},"meta":{"lastBranch":10,"lastFunction":2,"lastStatement":32,"seen":{"f:14:16:14:34":0,"s:15:21:15:Infinity":0,"b:16:2:18:Infinity:undefined:undefined:undefined:undefined":0,"s:16:2:18:Infinity":1,"s:17:4:17:Infinity":2,"s:20:18:20:Infinity":3,"s:21:21:21:Infinity":4,"s:22:26:22:Infinity":5,"s:25:2:76:Infinity":6,"s:26:22:26:Infinity":7,"s:27:22:27:Infinity":8,"b:29:4:29:Infinity:undefined:undefined:undefined:undefined":1,"s:29:4:29:Infinity":9,"b:29:8:29:32:29:32:29:67":2,"s:29:67:29:Infinity":10,"s:31:30:31:Infinity":11,"s:32:34:32:Infinity":12,"s:34:4:63:Infinity":13,"s:35:22:35:Infinity":14,"b:36:6:36:Infinity:undefined:undefined:undefined:undefined":3,"s:36:6:36:Infinity":15,"b:36:10:36:22:36:22:36:50:36:50:36:76":4,"s:36:76:36:Infinity":16,"s:38:25:38:Infinity":17,"b:39:6:62:Infinity:undefined:undefined:undefined:undefined":5,"s:39:6:62:Infinity":18,"s:40:60:40:Infinity":19,"s:43:30:43:Infinity":20,"s:44:27:44:Infinity":21,"b:44:27:44:55:44:55:44:Infinity":6,"b:46:8:61:Infinity:52:15:61:Infinity":7,"s:46:8:61:Infinity":22,"s:47:10:51:Infinity":23,"b:50:28:50:44:50:44:50:Infinity":8,"s:53:10:60:Infinity":24,"b:59:21:59:66:59:66:59:Infinity":9,"s:66:25:66:Infinity":25,"s:67:29:67:Infinity":26,"s:68:4:73:Infinity":27,"s:69:6:72:Infinity":28,"f:71:44:71:49":1,"s:71:49:71:57":29,"s:75:4:75:Infinity":30,"s:78:2:83:Infinity":31}}},"C:\\Users\\buzzkill\\Documents\\vibeplug\\plugins\\goodvibes\\tools\\implementations\\tool-search-server\\src\\config.ts":{"path":"C:\\Users\\buzzkill\\Documents\\vibeplug\\plugins\\goodvibes\\tools\\implementations\\tool-search-server\\src\\config.ts","statementMap":{"0":{"start":{"line":11,"column":6},"end":{"line":11,"column":null}},"1":{"start":{"line":12,"column":6},"end":{"line":12,"column":null}},"2":{"start":{"line":14,"column":27},"end":{"line":14,"column":null}},"3":{"start":{"line":15,"column":28},"end":{"line":15,"column":null}},"4":{"start":{"line":17,"column":57},"end":{"line":26,"column":null}},"5":{"start":{"line":28,"column":55},"end":{"line":41,"column":null}}},"fnMap":{},"branchMap":{"0":{"loc":{"start":{"line":14,"column":27},"end":{"line":14,"column":null}},"type":"binary-expr","locations":[{"start":{"line":14,"column":27},"end":{"line":14,"column":54}},{"start":{"line":14,"column":54},"end":{"line":14,"column":null}}],"line":14},"1":{"loc":{"start":{"line":15,"column":28},"end":{"line":15,"column":null}},"type":"binary-expr","locations":[{"start":{"line":15,"column":28},"end":{"line":15,"column":56}},{"start":{"line":15,"column":56},"end":{"line":15,"column":null}}],"line":15}},"s":{"0":0,"1":0,"2":0,"3":0,"4":0,"5":0},"f":{},"b":{"0":[0,0],"1":[0,0]},"meta":{"lastBranch":2,"lastFunction":0,"lastStatement":6,"seen":{"s:11:6:11:Infinity":0,"s:12:6:12:Infinity":1,"s:14:27:14:Infinity":2,"b:14:27:14:54:14:54:14:Infinity":0,"s:15:28:15:Infinity":3,"b:15:28:15:56:15:56:15:Infinity":1,"s:17:57:26:Infinity":4,"s:28:55:41:Infinity":5}}},"C:\\Users\\buzzkill\\Documents\\vibeplug\\plugins\\goodvibes\\tools\\implementations\\tool-search-server\\src\\context.ts":{"path":"C:\\Users\\buzzkill\\Documents\\vibeplug\\plugins\\goodvibes\\tools\\implementations\\tool-search-server\\src\\context.ts","statementMap":{"0":{"start":{"line":16,"column":2},"end":{"line":21,"column":null}}},"fnMap":{"0":{"name":"createContext","decl":{"start":{"line":15,"column":16},"end":{"line":15,"column":47}},"loc":{"start":{"line":15,"column":47},"end":{"line":22,"column":null}},"line":15}},"branchMap":{},"s":{"0":0},"f":{"0":0},"b":{},"meta":{"lastBranch":0,"lastFunction":1,"lastStatement":1,"seen":{"f:15:16:15:47":0,"s:16:2:21:Infinity":0}}},"C:\\Users\\buzzkill\\Documents\\vibeplug\\plugins\\goodvibes\\tools\\implementations\\tool-search-server\\src\\logging.ts":{"path":"C:\\Users\\buzzkill\\Documents\\vibeplug\\plugins\\goodvibes\\tools\\implementations\\tool-search-server\\src\\logging.ts","statementMap":{"0":{"start":{"line":16,"column":8},"end":{"line":16,"column":null}},"1":{"start":{"line":17,"column":2},"end":{"line":21,"column":null}},"2":{"start":{"line":18,"column":4},"end":{"line":18,"column":null}},"3":{"start":{"line":20,"column":4},"end":{"line":20,"column":null}},"4":{"start":{"line":32,"column":8},"end":{"line":32,"column":null}},"5":{"start":{"line":33,"column":2},"end":{"line":41,"column":null}},"6":{"start":{"line":34,"column":25},"end":{"line":34,"column":null}},"7":{"start":{"line":35,"column":4},"end":{"line":35,"column":null}},"8":{"start":{"line":36,"column":4},"end":{"line":38,"column":null}},"9":{"start":{"line":37,"column":6},"end":{"line":37,"column":null}},"10":{"start":{"line":40,"column":4},"end":{"line":40,"column":null}},"11":{"start":{"line":52,"column":8},"end":{"line":52,"column":null}},"12":{"start":{"line":53,"column":2},"end":{"line":57,"column":null}},"13":{"start":{"line":54,"column":4},"end":{"line":54,"column":null}},"14":{"start":{"line":56,"column":4},"end":{"line":56,"column":null}}},"fnMap":{"0":{"name":"logInfo","decl":{"start":{"line":15,"column":16},"end":{"line":15,"column":24}},"loc":{"start":{"line":15,"column":63},"end":{"line":22,"column":null}},"line":15},"1":{"name":"logError","decl":{"start":{"line":31,"column":16},"end":{"line":31,"column":25}},"loc":{"start":{"line":31,"column":65},"end":{"line":42,"column":null}},"line":31},"2":{"name":"logDebug","decl":{"start":{"line":51,"column":16},"end":{"line":51,"column":25}},"loc":{"start":{"line":51,"column":64},"end":{"line":58,"column":null}},"line":51}},"branchMap":{"0":{"loc":{"start":{"line":17,"column":2},"end":{"line":21,"column":null}},"type":"if","locations":[{"start":{"line":17,"column":2},"end":{"line":21,"column":null}},{"start":{"line":19,"column":9},"end":{"line":21,"column":null}}],"line":17},"1":{"loc":{"start":{"line":33,"column":2},"end":{"line":41,"column":null}},"type":"if","locations":[{"start":{"line":33,"column":2},"end":{"line":41,"column":null}},{"start":{"line":39,"column":9},"end":{"line":41,"column":null}}],"line":33},"2":{"loc":{"start":{"line":34,"column":25},"end":{"line":34,"column":null}},"type":"cond-expr","locations":[{"start":{"line":34,"column":50},"end":{"line":34,"column":66}},{"start":{"line":34,"column":66},"end":{"line":34,"column":null}}],"line":34},"3":{"loc":{"start":{"line":36,"column":4},"end":{"line":38,"column":null}},"type":"if","locations":[{"start":{"line":36,"column":4},"end":{"line":38,"column":null}},{"start":{},"end":{}}],"line":36},"4":{"loc":{"start":{"line":36,"column":8},"end":{"line":36,"column":47}},"type":"binary-expr","locations":[{"start":{"line":36,"column":8},"end":{"line":36,"column":34}},{"start":{"line":36,"column":34},"end":{"line":36,"column":47}}],"line":36},"5":{"loc":{"start":{"line":53,"column":2},"end":{"line":57,"column":null}},"type":"if","locations":[{"start":{"line":53,"column":2},"end":{"line":57,"column":null}},{"start":{"line":55,"column":9},"end":{"line":57,"column":null}}],"line":53}},"s":{"0":0,"1":0,"2":0,"3":0,"4":0,"5":0,"6":0,"7":0,"8":0,"9":0,"10":0,"11":0,"12":0,"13":0,"14":0},"f":{"0":0,"1":0,"2":0},"b":{"0":[0,0],"1":[0,0],"2":[0,0],"3":[0,0],"4":[0,0],"5":[0,0]},"meta":{"lastBranch":6,"lastFunction":3,"lastStatement":15,"seen":{"f:15:16:15:24":0,"s:16:8:16:Infinity":0,"b:17:2:21:Infinity:19:9:21:Infinity":0,"s:17:2:21:Infinity":1,"s:18:4:18:Infinity":2,"s:20:4:20:Infinity":3,"f:31:16:31:25":1,"s:32:8:32:Infinity":4,"b:33:2:41:Infinity:39:9:41:Infinity":1,"s:33:2:41:Infinity":5,"s:34:25:34:Infinity":6,"b:34:50:34:66:34:66:34:Infinity":2,"s:35:4:35:Infinity":7,"b:36:4:38:Infinity:undefined:undefined:undefined:undefined":3,"s:36:4:38:Infinity":8,"b:36:8:36:34:36:34:36:47":4,"s:37:6:37:Infinity":9,"s:40:4:40:Infinity":10,"f:51:16:51:25":2,"s:52:8:52:Infinity":11,"b:53:2:57:Infinity:55:9:57:Infinity":5,"s:53:2:57:Infinity":12,"s:54:4:54:Infinity":13,"s:56:4:56:Infinity":14}}},"C:\\Users\\buzzkill\\Documents\\vibeplug\\plugins\\goodvibes\\tools\\implementations\\tool-search-server\\src\\types.ts":{"path":"C:\\Users\\buzzkill\\Documents\\vibeplug\\plugins\\goodvibes\\tools\\implementations\\tool-search-server\\src\\types.ts","statementMap":{},"fnMap":{},"branchMap":{},"s":{},"f":{},"b":{},"meta":{"lastBranch":0,"lastFunction":0,"lastStatement":0,"seen":{}}},"C:\\Users\\buzzkill\\Documents\\vibeplug\\plugins\\goodvibes\\tools\\implementations\\tool-search-server\\src\\handlers\\issues.ts":{"path":"C:\\Users\\buzzkill\\Documents\\vibeplug\\plugins\\goodvibes\\tools\\implementations\\tool-search-server\\src\\handlers\\issues.ts","statementMap":{},"fnMap":{},"branchMap":{},"s":{},"f":{},"b":{},"meta":{"lastBranch":0,"lastFunction":0,"lastStatement":0,"seen":{}}},"C:\\Users\\buzzkill\\Documents\\vibeplug\\plugins\\goodvibes\\tools\\implementations\\tool-search-server\\src\\handlers\\index.ts":{"path":"C:\\Users\\buzzkill\\Documents\\vibeplug\\plugins\\goodvibes\\tools\\implementations\\tool-search-server\\src\\handlers\\index.ts","statementMap":{},"fnMap":{},"branchMap":{},"s":{},"f":{},"b":{},"meta":{"lastBranch":0,"lastFunction":0,"lastStatement":0,"seen":{}}},"C:\\Users\\buzzkill\\Documents\\vibeplug\\plugins\\goodvibes\\tools\\implementations\\tool-search-server\\src\\handlers\\content.ts":{"path":"C:\\Users\\buzzkill\\Documents\\vibeplug\\plugins\\goodvibes\\tools\\implementations\\tool-search-server\\src\\handlers\\content.ts","statementMap":{"0":{"start":{"line":31,"column":19},"end":{"line":35,"column":null}},"1":{"start":{"line":37,"column":2},"end":{"line":42,"column":null}},"2":{"start":{"line":38,"column":4},"end":{"line":41,"column":null}},"3":{"start":{"line":39,"column":22},"end":{"line":39,"column":null}},"4":{"start":{"line":40,"column":6},"end":{"line":40,"column":null}},"5":{"start":{"line":44,"column":2},"end":{"line":44,"column":null}},"6":{"start":{"line":63,"column":19},"end":{"line":67,"column":null}},"7":{"start":{"line":69,"column":2},"end":{"line":74,"column":null}},"8":{"start":{"line":70,"column":4},"end":{"line":73,"column":null}},"9":{"start":{"line":71,"column":22},"end":{"line":71,"column":null}},"10":{"start":{"line":72,"column":6},"end":{"line":72,"column":null}},"11":{"start":{"line":76,"column":2},"end":{"line":76,"column":null}}},"fnMap":{"0":{"name":"handleGetSkillContent","decl":{"start":{"line":30,"column":22},"end":{"line":30,"column":44}},"loc":{"start":{"line":30,"column":129},"end":{"line":45,"column":null}},"line":30},"1":{"name":"handleGetAgentContent","decl":{"start":{"line":62,"column":22},"end":{"line":62,"column":44}},"loc":{"start":{"line":62,"column":129},"end":{"line":77,"column":null}},"line":62}},"branchMap":{"0":{"loc":{"start":{"line":38,"column":4},"end":{"line":41,"column":null}},"type":"if","locations":[{"start":{"line":38,"column":4},"end":{"line":41,"column":null}},{"start":{},"end":{}}],"line":38},"1":{"loc":{"start":{"line":70,"column":4},"end":{"line":73,"column":null}},"type":"if","locations":[{"start":{"line":70,"column":4},"end":{"line":73,"column":null}},{"start":{},"end":{}}],"line":70}},"s":{"0":0,"1":0,"2":0,"3":0,"4":0,"5":0,"6":0,"7":0,"8":0,"9":0,"10":0,"11":0},"f":{"0":0,"1":0},"b":{"0":[0,0],"1":[0,0]},"meta":{"lastBranch":2,"lastFunction":2,"lastStatement":12,"seen":{"f:30:22:30:44":0,"s:31:19:35:Infinity":0,"s:37:2:42:Infinity":1,"b:38:4:41:Infinity:undefined:undefined:undefined:undefined":0,"s:38:4:41:Infinity":2,"s:39:22:39:Infinity":3,"s:40:6:40:Infinity":4,"s:44:2:44:Infinity":5,"f:62:22:62:44":1,"s:63:19:67:Infinity":6,"s:69:2:74:Infinity":7,"b:70:4:73:Infinity:undefined:undefined:undefined:undefined":1,"s:70:4:73:Infinity":8,"s:71:22:71:Infinity":9,"s:72:6:72:Infinity":10,"s:76:2:76:Infinity":11}}},"C:\\Users\\buzzkill\\Documents\\vibeplug\\plugins\\goodvibes\\tools\\implementations\\tool-search-server\\src\\handlers\\npm.ts":{"path":"C:\\Users\\buzzkill\\Documents\\vibeplug\\plugins\\goodvibes\\tools\\implementations\\tool-search-server\\src\\handlers\\npm.ts","statementMap":{"0":{"start":{"line":47,"column":2},"end":{"line":71,"column":null}},"1":{"start":{"line":49,"column":19},"end":{"line":49,"column":null}},"2":{"start":{"line":50,"column":4},"end":{"line":52,"column":null}},"3":{"start":{"line":51,"column":6},"end":{"line":51,"column":null}},"4":{"start":{"line":54,"column":19},"end":{"line":54,"column":null}},"5":{"start":{"line":57,"column":23},"end":{"line":57,"column":null}},"6":{"start":{"line":59,"column":4},"end":{"line":66,"column":null}},"7":{"start":{"line":60,"column":6},"end":{"line":65,"column":null}},"8":{"start":{"line":61,"column":21},"end":{"line":61,"column":null}},"9":{"start":{"line":62,"column":8},"end":{"line":62,"column":null}},"10":{"start":{"line":68,"column":4},"end":{"line":68,"column":null}},"11":{"start":{"line":70,"column":4},"end":{"line":70,"column":null}},"12":{"start":{"line":100,"column":2},"end":{"line":120,"column":null}},"13":{"start":{"line":101,"column":19},"end":{"line":105,"column":null}},"14":{"start":{"line":107,"column":4},"end":{"line":109,"column":null}},"15":{"start":{"line":108,"column":6},"end":{"line":108,"column":null}},"16":{"start":{"line":111,"column":17},"end":{"line":111,"column":null}},"17":{"start":{"line":112,"column":4},"end":{"line":117,"column":null}},"18":{"start":{"line":119,"column":4},"end":{"line":119,"column":null}},"19":{"start":{"line":149,"column":22},"end":{"line":149,"column":null}},"20":{"start":{"line":150,"column":14},"end":{"line":150,"column":null}},"21":{"start":{"line":152,"column":2},"end":{"line":154,"column":null}},"22":{"start":{"line":153,"column":4},"end":{"line":153,"column":null}},"23":{"start":{"line":156,"column":15},"end":{"line":156,"column":null}},"24":{"start":{"line":157,"column":26},"end":{"line":157,"column":null}},"25":{"start":{"line":159,"column":34},"end":{"line":159,"column":null}},"26":{"start":{"line":161,"column":2},"end":{"line":197,"column":null}},"27":{"start":{"line":162,"column":22},"end":{"line":162,"column":null}},"28":{"start":{"line":163,"column":33},"end":{"line":167,"column":null}},"29":{"start":{"line":170,"column":4},"end":{"line":194,"column":null}},"30":{"start":{"line":171,"column":6},"end":{"line":193,"column":null}},"31":{"start":{"line":172,"column":24},"end":{"line":172,"column":null}},"32":{"start":{"line":173,"column":8},"end":{"line":190,"column":null}},"33":{"start":{"line":174,"column":10},"end":{"line":174,"column":null}},"34":{"start":{"line":175,"column":10},"end":{"line":175,"column":null}},"35":{"start":{"line":178,"column":33},"end":{"line":178,"column":null}},"36":{"start":{"line":179,"column":30},"end":{"line":179,"column":null}},"37":{"start":{"line":182,"column":10},"end":{"line":189,"column":null}},"38":{"start":{"line":183,"column":12},"end":{"line":183,"column":null}},"39":{"start":{"line":186,"column":35},"end":{"line":186,"column":null}},"40":{"start":{"line":187,"column":32},"end":{"line":187,"column":null}},"41":{"start":{"line":188,"column":12},"end":{"line":188,"column":null}},"42":{"start":{"line":196,"column":4},"end":{"line":196,"column":null}},"43":{"start":{"line":199,"column":24},"end":{"line":199,"column":null}},"44":{"start":{"line":199,"column":45},"end":{"line":199,"column":55}},"45":{"start":{"line":200,"column":23},"end":{"line":200,"column":null}},"46":{"start":{"line":200,"column":44},"end":{"line":200,"column":62}},"47":{"start":{"line":202,"column":2},"end":{"line":215,"column":null}}},"fnMap":{"0":{"name":"fetchNpmPackageInfo","decl":{"start":{"line":44,"column":22},"end":{"line":44,"column":null}},"loc":{"start":{"line":46,"column":55},"end":{"line":72,"column":null}},"line":46},"1":{"name":"fetchNpmReadme","decl":{"start":{"line":92,"column":22},"end":{"line":92,"column":null}},"loc":{"start":{"line":99,"column":10},"end":{"line":121,"column":null}},"line":99},"2":{"name":"handleCheckVersions","decl":{"start":{"line":148,"column":22},"end":{"line":148,"column":42}},"loc":{"start":{"line":148,"column":90},"end":{"line":216,"column":null}},"line":148},"3":{"name":"(anonymous_3)","decl":{"start":{"line":199,"column":40},"end":{"line":199,"column":45}},"loc":{"start":{"line":199,"column":45},"end":{"line":199,"column":55}},"line":199},"4":{"name":"(anonymous_4)","decl":{"start":{"line":200,"column":39},"end":{"line":200,"column":44}},"loc":{"start":{"line":200,"column":44},"end":{"line":200,"column":62}},"line":200}},"branchMap":{"0":{"loc":{"start":{"line":50,"column":4},"end":{"line":52,"column":null}},"type":"if","locations":[{"start":{"line":50,"column":4},"end":{"line":52,"column":null}},{"start":{},"end":{}}],"line":50},"1":{"loc":{"start":{"line":50,"column":8},"end":{"line":50,"column":40}},"type":"binary-expr","locations":[{"start":{"line":50,"column":8},"end":{"line":50,"column":24}},{"start":{"line":50,"column":24},"end":{"line":50,"column":40}}],"line":50},"2":{"loc":{"start":{"line":59,"column":4},"end":{"line":66,"column":null}},"type":"if","locations":[{"start":{"line":59,"column":4},"end":{"line":66,"column":null}},{"start":{},"end":{}}],"line":59},"3":{"loc":{"start":{"line":59,"column":8},"end":{"line":59,"column":48}},"type":"binary-expr","locations":[{"start":{"line":59,"column":8},"end":{"line":59,"column":29}},{"start":{"line":59,"column":29},"end":{"line":59,"column":48}}],"line":59},"4":{"loc":{"start":{"line":107,"column":4},"end":{"line":109,"column":null}},"type":"if","locations":[{"start":{"line":107,"column":4},"end":{"line":109,"column":null}},{"start":{},"end":{}}],"line":107},"5":{"loc":{"start":{"line":107,"column":8},"end":{"line":107,"column":40}},"type":"binary-expr","locations":[{"start":{"line":107,"column":8},"end":{"line":107,"column":24}},{"start":{"line":107,"column":24},"end":{"line":107,"column":40}}],"line":107},"6":{"loc":{"start":{"line":113,"column":14},"end":{"line":113,"column":null}},"type":"cond-expr","locations":[{"start":{"line":113,"column":48},"end":{"line":113,"column":77}},{"start":{"line":113,"column":77},"end":{"line":113,"column":null}}],"line":113},"7":{"loc":{"start":{"line":149,"column":49},"end":{"line":149,"column":65}},"type":"binary-expr","locations":[{"start":{"line":149,"column":49},"end":{"line":149,"column":62}},{"start":{"line":149,"column":62},"end":{"line":149,"column":65}}],"line":149},"8":{"loc":{"start":{"line":152,"column":2},"end":{"line":154,"column":null}},"type":"if","locations":[{"start":{"line":152,"column":2},"end":{"line":154,"column":null}},{"start":{},"end":{}}],"line":152},"9":{"loc":{"start":{"line":157,"column":26},"end":{"line":157,"column":null}},"type":"cond-expr","locations":[{"start":{"line":157,"column":50},"end":{"line":157,"column":66}},{"start":{"line":157,"column":66},"end":{"line":157,"column":null}}],"line":157},"10":{"loc":{"start":{"line":162,"column":22},"end":{"line":162,"column":null}},"type":"binary-expr","locations":[{"start":{"line":162,"column":22},"end":{"line":162,"column":36}},{"start":{"line":162,"column":36},"end":{"line":162,"column":null}}],"line":162},"11":{"loc":{"start":{"line":170,"column":4},"end":{"line":194,"column":null}},"type":"if","locations":[{"start":{"line":170,"column":4},"end":{"line":194,"column":null}},{"start":{},"end":{}}],"line":170},"12":{"loc":{"start":{"line":170,"column":8},"end":{"line":170,"column":60}},"type":"binary-expr","locations":[{"start":{"line":170,"column":8},"end":{"line":170,"column":29}},{"start":{"line":170,"column":29},"end":{"line":170,"column":60}}],"line":170},"13":{"loc":{"start":{"line":173,"column":8},"end":{"line":190,"column":null}},"type":"if","locations":[{"start":{"line":173,"column":8},"end":{"line":190,"column":null}},{"start":{},"end":{}}],"line":173},"14":{"loc":{"start":{"line":175,"column":27},"end":{"line":175,"column":null}},"type":"binary-expr","locations":[{"start":{"line":175,"column":27},"end":{"line":175,"column":45}},{"start":{"line":175,"column":45},"end":{"line":175,"column":null}}],"line":175},"15":{"loc":{"start":{"line":182,"column":10},"end":{"line":189,"column":null}},"type":"if","locations":[{"start":{"line":182,"column":10},"end":{"line":189,"column":null}},{"start":{},"end":{}}],"line":182},"16":{"loc":{"start":{"line":186,"column":35},"end":{"line":186,"column":null}},"type":"binary-expr","locations":[{"start":{"line":186,"column":35},"end":{"line":186,"column":77}},{"start":{"line":186,"column":77},"end":{"line":186,"column":null}}],"line":186},"17":{"loc":{"start":{"line":187,"column":32},"end":{"line":187,"column":null}},"type":"binary-expr","locations":[{"start":{"line":187,"column":32},"end":{"line":187,"column":71}},{"start":{"line":187,"column":71},"end":{"line":187,"column":null}}],"line":187}},"s":{"0":0,"1":0,"2":0,"3":0,"4":0,"5":0,"6":0,"7":0,"8":0,"9":0,"10":0,"11":0,"12":0,"13":0,"14":0,"15":0,"16":0,"17":0,"18":0,"19":0,"20":0,"21":0,"22":0,"23":0,"24":0,"25":0,"26":0,"27":0,"28":0,"29":0,"30":0,"31":0,"32":0,"33":0,"34":0,"35":0,"36":0,"37":0,"38":0,"39":0,"40":0,"41":0,"42":0,"43":0,"44":0,"45":0,"46":0,"47":0},"f":{"0":0,"1":0,"2":0,"3":0,"4":0},"b":{"0":[0,0],"1":[0,0],"2":[0,0],"3":[0,0],"4":[0,0],"5":[0,0],"6":[0,0],"7":[0,0],"8":[0,0],"9":[0,0],"10":[0,0],"11":[0,0],"12":[0,0],"13":[0,0],"14":[0,0],"15":[0,0],"16":[0,0],"17":[0,0]},"meta":{"lastBranch":18,"lastFunction":5,"lastStatement":48,"seen":{"f:44:22:44:Infinity":0,"s:47:2:71:Infinity":0,"s:49:19:49:Infinity":1,"b:50:4:52:Infinity:undefined:undefined:undefined:undefined":0,"s:50:4:52:Infinity":2,"b:50:8:50:24:50:24:50:40":1,"s:51:6:51:Infinity":3,"s:54:19:54:Infinity":4,"s:57:23:57:Infinity":5,"b:59:4:66:Infinity:undefined:undefined:undefined:undefined":2,"s:59:4:66:Infinity":6,"b:59:8:59:29:59:29:59:48":3,"s:60:6:65:Infinity":7,"s:61:21:61:Infinity":8,"s:62:8:62:Infinity":9,"s:68:4:68:Infinity":10,"s:70:4:70:Infinity":11,"f:92:22:92:Infinity":1,"s:100:2:120:Infinity":12,"s:101:19:105:Infinity":13,"b:107:4:109:Infinity:undefined:undefined:undefined:undefined":4,"s:107:4:109:Infinity":14,"b:107:8:107:24:107:24:107:40":5,"s:108:6:108:Infinity":15,"s:111:17:111:Infinity":16,"s:112:4:117:Infinity":17,"b:113:48:113:77:113:77:113:Infinity":6,"s:119:4:119:Infinity":18,"f:148:22:148:42":2,"s:149:22:149:Infinity":19,"b:149:49:149:62:149:62:149:65":7,"s:150:14:150:Infinity":20,"b:152:2:154:Infinity:undefined:undefined:undefined:undefined":8,"s:152:2:154:Infinity":21,"s:153:4:153:Infinity":22,"s:156:15:156:Infinity":23,"s:157:26:157:Infinity":24,"b:157:50:157:66:157:66:157:Infinity":9,"s:159:34:159:Infinity":25,"s:161:2:197:Infinity":26,"s:162:22:162:Infinity":27,"b:162:22:162:36:162:36:162:Infinity":10,"s:163:33:167:Infinity":28,"b:170:4:194:Infinity:undefined:undefined:undefined:undefined":11,"s:170:4:194:Infinity":29,"b:170:8:170:29:170:29:170:60":12,"s:171:6:193:Infinity":30,"s:172:24:172:Infinity":31,"b:173:8:190:Infinity:undefined:undefined:undefined:undefined":13,"s:173:8:190:Infinity":32,"s:174:10:174:Infinity":33,"s:175:10:175:Infinity":34,"b:175:27:175:45:175:45:175:Infinity":14,"s:178:33:178:Infinity":35,"s:179:30:179:Infinity":36,"b:182:10:189:Infinity:undefined:undefined:undefined:undefined":15,"s:182:10:189:Infinity":37,"s:183:12:183:Infinity":38,"s:186:35:186:Infinity":39,"b:186:35:186:77:186:77:186:Infinity":16,"s:187:32:187:Infinity":40,"b:187:32:187:71:187:71:187:Infinity":17,"s:188:12:188:Infinity":41,"s:196:4:196:Infinity":42,"s:199:24:199:Infinity":43,"f:199:40:199:45":3,"s:199:45:199:55":44,"s:200:23:200:Infinity":45,"f:200:39:200:44":4,"s:200:44:200:62":46,"s:202:2:215:Infinity":47}}},"C:\\Users\\buzzkill\\Documents\\vibeplug\\plugins\\goodvibes\\tools\\implementations\\tool-search-server\\src\\handlers\\search.ts":{"path":"C:\\Users\\buzzkill\\Documents\\vibeplug\\plugins\\goodvibes\\tools\\implementations\\tool-search-server\\src\\handlers\\search.ts","statementMap":{"0":{"start":{"line":31,"column":2},"end":{"line":31,"column":null}},"1":{"start":{"line":31,"column":14},"end":{"line":31,"column":null}},"2":{"start":{"line":32,"column":18},"end":{"line":32,"column":null}},"3":{"start":{"line":33,"column":2},"end":{"line":38,"column":null}},"4":{"start":{"line":33,"column":29},"end":{"line":38,"column":4}},"5":{"start":{"line":62,"column":18},"end":{"line":62,"column":null}},"6":{"start":{"line":63,"column":19},"end":{"line":65,"column":null}},"7":{"start":{"line":64,"column":28},"end":{"line":64,"column":61}},"8":{"start":{"line":66,"column":2},"end":{"line":66,"column":null}},"9":{"start":{"line":88,"column":18},"end":{"line":88,"column":null}},"10":{"start":{"line":89,"column":2},"end":{"line":89,"column":null}},"11":{"start":{"line":111,"column":18},"end":{"line":111,"column":null}},"12":{"start":{"line":112,"column":2},"end":{"line":112,"column":null}},"13":{"start":{"line":141,"column":19},"end":{"line":141,"column":null}},"14":{"start":{"line":141,"column":68},"end":{"line":141,"column":80}},"15":{"start":{"line":142,"column":18},"end":{"line":142,"column":null}},"16":{"start":{"line":144,"column":20},"end":{"line":144,"column":null}},"17":{"start":{"line":145,"column":17},"end":{"line":145,"column":null}},"18":{"start":{"line":146,"column":2},"end":{"line":151,"column":null}},"19":{"start":{"line":146,"column":65},"end":{"line":146,"column":null}},"20":{"start":{"line":146,"column":76},"end":{"line":151,"column":null}},"21":{"start":{"line":147,"column":104},"end":{"line":147,"column":null}},"22":{"start":{"line":147,"column":115},"end":{"line":151,"column":null}},"23":{"start":{"line":148,"column":72},"end":{"line":148,"column":null}},"24":{"start":{"line":148,"column":83},"end":{"line":151,"column":null}},"25":{"start":{"line":149,"column":103},"end":{"line":149,"column":null}},"26":{"start":{"line":149,"column":114},"end":{"line":151,"column":null}},"27":{"start":{"line":150,"column":39},"end":{"line":150,"column":null}},"28":{"start":{"line":150,"column":50},"end":{"line":151,"column":null}},"29":{"start":{"line":151,"column":72},"end":{"line":151,"column":null}},"30":{"start":{"line":153,"column":26},"end":{"line":160,"column":null}},"31":{"start":{"line":153,"column":44},"end":{"line":160,"column":4}},"32":{"start":{"line":162,"column":2},"end":{"line":169,"column":null}}},"fnMap":{"0":{"name":"search","decl":{"start":{"line":26,"column":9},"end":{"line":26,"column":null}},"loc":{"start":{"line":30,"column":18},"end":{"line":39,"column":null}},"line":30},"1":{"name":"(anonymous_1)","decl":{"start":{"line":33,"column":21},"end":{"line":33,"column":22}},"loc":{"start":{"line":33,"column":29},"end":{"line":38,"column":4}},"line":33},"2":{"name":"handleSearchSkills","decl":{"start":{"line":58,"column":16},"end":{"line":58,"column":null}},"loc":{"start":{"line":61,"column":2},"end":{"line":67,"column":null}},"line":61},"3":{"name":"(anonymous_3)","decl":{"start":{"line":64,"column":21},"end":{"line":64,"column":22}},"loc":{"start":{"line":64,"column":28},"end":{"line":64,"column":61}},"line":64},"4":{"name":"handleSearchAgents","decl":{"start":{"line":84,"column":16},"end":{"line":84,"column":null}},"loc":{"start":{"line":87,"column":2},"end":{"line":90,"column":null}},"line":87},"5":{"name":"handleSearchTools","decl":{"start":{"line":107,"column":16},"end":{"line":107,"column":null}},"loc":{"start":{"line":110,"column":2},"end":{"line":113,"column":null}},"line":110},"6":{"name":"handleRecommendSkills","decl":{"start":{"line":137,"column":16},"end":{"line":137,"column":null}},"loc":{"start":{"line":140,"column":2},"end":{"line":170,"column":null}},"line":140},"7":{"name":"(anonymous_7)","decl":{"start":{"line":141,"column":63},"end":{"line":141,"column":68}},"loc":{"start":{"line":141,"column":68},"end":{"line":141,"column":80}},"line":141},"8":{"name":"(anonymous_8)","decl":{"start":{"line":153,"column":38},"end":{"line":153,"column":44}},"loc":{"start":{"line":153,"column":44},"end":{"line":160,"column":4}},"line":153}},"branchMap":{"0":{"loc":{"start":{"line":29,"column":2},"end":{"line":29,"column":null}},"type":"default-arg","locations":[{"start":{"line":29,"column":18},"end":{"line":29,"column":null}}],"line":29},"1":{"loc":{"start":{"line":31,"column":2},"end":{"line":31,"column":null}},"type":"if","locations":[{"start":{"line":31,"column":2},"end":{"line":31,"column":null}},{"start":{},"end":{}}],"line":31},"2":{"loc":{"start":{"line":37,"column":32},"end":{"line":37,"column":49}},"type":"binary-expr","locations":[{"start":{"line":37,"column":32},"end":{"line":37,"column":43}},{"start":{"line":37,"column":43},"end":{"line":37,"column":49}}],"line":37},"3":{"loc":{"start":{"line":62,"column":50},"end":{"line":62,"column":65}},"type":"binary-expr","locations":[{"start":{"line":62,"column":50},"end":{"line":62,"column":64}},{"start":{"line":62,"column":64},"end":{"line":62,"column":65}}],"line":62},"4":{"loc":{"start":{"line":63,"column":19},"end":{"line":65,"column":null}},"type":"cond-expr","locations":[{"start":{"line":64,"column":6},"end":{"line":64,"column":null}},{"start":{"line":65,"column":6},"end":{"line":65,"column":null}}],"line":63},"5":{"loc":{"start":{"line":88,"column":50},"end":{"line":88,"column":65}},"type":"binary-expr","locations":[{"start":{"line":88,"column":50},"end":{"line":88,"column":64}},{"start":{"line":88,"column":64},"end":{"line":88,"column":65}}],"line":88},"6":{"loc":{"start":{"line":111,"column":49},"end":{"line":111,"column":64}},"type":"binary-expr","locations":[{"start":{"line":111,"column":49},"end":{"line":111,"column":63}},{"start":{"line":111,"column":63},"end":{"line":111,"column":64}}],"line":111},"7":{"loc":{"start":{"line":142,"column":49},"end":{"line":142,"column":70}},"type":"binary-expr","locations":[{"start":{"line":142,"column":49},"end":{"line":142,"column":69}},{"start":{"line":142,"column":69},"end":{"line":142,"column":70}}],"line":142},"8":{"loc":{"start":{"line":146,"column":2},"end":{"line":151,"column":null}},"type":"if","locations":[{"start":{"line":146,"column":2},"end":{"line":151,"column":null}},{"start":{"line":146,"column":76},"end":{"line":151,"column":null}}],"line":146},"9":{"loc":{"start":{"line":146,"column":6},"end":{"line":146,"column":65}},"type":"binary-expr","locations":[{"start":{"line":146,"column":6},"end":{"line":146,"column":36}},{"start":{"line":146,"column":36},"end":{"line":146,"column":65}}],"line":146},"10":{"loc":{"start":{"line":146,"column":76},"end":{"line":151,"column":null}},"type":"if","locations":[{"start":{"line":146,"column":76},"end":{"line":151,"column":null}},{"start":{"line":147,"column":115},"end":{"line":151,"column":null}}],"line":146},"11":{"loc":{"start":{"line":147,"column":11},"end":{"line":147,"column":104}},"type":"binary-expr","locations":[{"start":{"line":147,"column":11},"end":{"line":147,"column":45}},{"start":{"line":147,"column":45},"end":{"line":147,"column":77}},{"start":{"line":147,"column":77},"end":{"line":147,"column":104}}],"line":147},"12":{"loc":{"start":{"line":147,"column":115},"end":{"line":151,"column":null}},"type":"if","locations":[{"start":{"line":147,"column":115},"end":{"line":151,"column":null}},{"start":{"line":148,"column":83},"end":{"line":151,"column":null}}],"line":147},"13":{"loc":{"start":{"line":148,"column":11},"end":{"line":148,"column":72}},"type":"binary-expr","locations":[{"start":{"line":148,"column":11},"end":{"line":148,"column":40}},{"start":{"line":148,"column":40},"end":{"line":148,"column":72}}],"line":148},"14":{"loc":{"start":{"line":148,"column":83},"end":{"line":151,"column":null}},"type":"if","locations":[{"start":{"line":148,"column":83},"end":{"line":151,"column":null}},{"start":{"line":149,"column":114},"end":{"line":151,"column":null}}],"line":148},"15":{"loc":{"start":{"line":149,"column":11},"end":{"line":149,"column":103}},"type":"binary-expr","locations":[{"start":{"line":149,"column":11},"end":{"line":149,"column":42}},{"start":{"line":149,"column":42},"end":{"line":149,"column":71}},{"start":{"line":149,"column":71},"end":{"line":149,"column":103}}],"line":149},"16":{"loc":{"start":{"line":149,"column":114},"end":{"line":151,"column":null}},"type":"if","locations":[{"start":{"line":149,"column":114},"end":{"line":151,"column":null}},{"start":{"line":150,"column":50},"end":{"line":151,"column":null}}],"line":149},"17":{"loc":{"start":{"line":150,"column":50},"end":{"line":151,"column":null}},"type":"if","locations":[{"start":{"line":150,"column":50},"end":{"line":151,"column":null}},{"start":{},"end":{}}],"line":150},"18":{"loc":{"start":{"line":151,"column":11},"end":{"line":151,"column":72}},"type":"binary-expr","locations":[{"start":{"line":151,"column":11},"end":{"line":151,"column":43}},{"start":{"line":151,"column":43},"end":{"line":151,"column":72}}],"line":151},"19":{"loc":{"start":{"line":167,"column":18},"end":{"line":167,"column":null}},"type":"cond-expr","locations":[{"start":{"line":167,"column":41},"end":{"line":167,"column":53}},{"start":{"line":167,"column":53},"end":{"line":167,"column":null}}],"line":167},"20":{"loc":{"start":{"line":167,"column":53},"end":{"line":167,"column":null}},"type":"cond-expr","locations":[{"start":{"line":167,"column":75},"end":{"line":167,"column":88}},{"start":{"line":167,"column":88},"end":{"line":167,"column":null}}],"line":167}},"s":{"0":0,"1":0,"2":0,"3":0,"4":0,"5":0,"6":0,"7":0,"8":0,"9":0,"10":0,"11":0,"12":0,"13":0,"14":0,"15":0,"16":0,"17":0,"18":0,"19":0,"20":0,"21":0,"22":0,"23":0,"24":0,"25":0,"26":0,"27":0,"28":0,"29":0,"30":0,"31":0,"32":0},"f":{"0":0,"1":0,"2":0,"3":0,"4":0,"5":0,"6":0,"7":0,"8":0},"b":{"0":[0],"1":[0,0],"2":[0,0],"3":[0,0],"4":[0,0],"5":[0,0],"6":[0,0],"7":[0,0],"8":[0,0],"9":[0,0],"10":[0,0],"11":[0,0,0],"12":[0,0],"13":[0,0],"14":[0,0],"15":[0,0,0],"16":[0,0],"17":[0,0],"18":[0,0],"19":[0,0],"20":[0,0]},"meta":{"lastBranch":21,"lastFunction":9,"lastStatement":33,"seen":{"f:26:9:26:Infinity":0,"b:29:18:29:Infinity":0,"b:31:2:31:Infinity:undefined:undefined:undefined:undefined":1,"s:31:2:31:Infinity":0,"s:31:14:31:Infinity":1,"s:32:18:32:Infinity":2,"s:33:2:38:Infinity":3,"f:33:21:33:22":1,"s:33:29:38:4":4,"b:37:32:37:43:37:43:37:49":2,"f:58:16:58:Infinity":2,"s:62:18:62:Infinity":5,"b:62:50:62:64:62:64:62:65":3,"s:63:19:65:Infinity":6,"b:64:6:64:Infinity:65:6:65:Infinity":4,"f:64:21:64:22":3,"s:64:28:64:61":7,"s:66:2:66:Infinity":8,"f:84:16:84:Infinity":4,"s:88:18:88:Infinity":9,"b:88:50:88:64:88:64:88:65":5,"s:89:2:89:Infinity":10,"f:107:16:107:Infinity":5,"s:111:18:111:Infinity":11,"b:111:49:111:63:111:63:111:64":6,"s:112:2:112:Infinity":12,"f:137:16:137:Infinity":6,"s:141:19:141:Infinity":13,"f:141:63:141:68":7,"s:141:68:141:80":14,"s:142:18:142:Infinity":15,"b:142:49:142:69:142:69:142:70":7,"s:144:20:144:Infinity":16,"s:145:17:145:Infinity":17,"b:146:2:151:Infinity:146:76:151:Infinity":8,"s:146:2:151:Infinity":18,"b:146:6:146:36:146:36:146:65":9,"s:146:65:146:Infinity":19,"b:146:76:151:Infinity:147:115:151:Infinity":10,"s:146:76:151:Infinity":20,"b:147:11:147:45:147:45:147:77:147:77:147:104":11,"s:147:104:147:Infinity":21,"b:147:115:151:Infinity:148:83:151:Infinity":12,"s:147:115:151:Infinity":22,"b:148:11:148:40:148:40:148:72":13,"s:148:72:148:Infinity":23,"b:148:83:151:Infinity:149:114:151:Infinity":14,"s:148:83:151:Infinity":24,"b:149:11:149:42:149:42:149:71:149:71:149:103":15,"s:149:103:149:Infinity":25,"b:149:114:151:Infinity:150:50:151:Infinity":16,"s:149:114:151:Infinity":26,"s:150:39:150:Infinity":27,"b:150:50:151:Infinity:undefined:undefined:undefined:undefined":17,"s:150:50:151:Infinity":28,"b:151:11:151:43:151:43:151:72":18,"s:151:72:151:Infinity":29,"s:153:26:160:Infinity":30,"f:153:38:153:44":8,"s:153:44:160:4":31,"s:162:2:169:Infinity":32,"b:167:41:167:53:167:53:167:Infinity":19,"b:167:75:167:88:167:88:167:Infinity":20}}},"C:\\Users\\buzzkill\\Documents\\vibeplug\\plugins\\goodvibes\\tools\\implementations\\tool-search-server\\src\\handlers\\config.ts":{"path":"C:\\Users\\buzzkill\\Documents\\vibeplug\\plugins\\goodvibes\\tools\\implementations\\tool-search-server\\src\\handlers\\config.ts","statementMap":{"0":{"start":{"line":33,"column":47},"end":{"line":43,"column":null}},"1":{"start":{"line":75,"column":22},"end":{"line":75,"column":null}},"2":{"start":{"line":77,"column":21},"end":{"line":79,"column":null}},"3":{"start":{"line":81,"column":2},"end":{"line":110,"column":null}},"4":{"start":{"line":82,"column":21},"end":{"line":82,"column":null}},"5":{"start":{"line":83,"column":4},"end":{"line":109,"column":null}},"6":{"start":{"line":84,"column":22},"end":{"line":84,"column":null}},"7":{"start":{"line":87,"column":28},"end":{"line":87,"column":null}},"8":{"start":{"line":88,"column":6},"end":{"line":94,"column":null}},"9":{"start":{"line":89,"column":8},"end":{"line":91,"column":null}},"10":{"start":{"line":90,"column":10},"end":{"line":90,"column":null}},"11":{"start":{"line":96,"column":6},"end":{"line":108,"column":null}},"12":{"start":{"line":112,"column":2},"end":{"line":112,"column":null}}},"fnMap":{"0":{"name":"handleReadConfig","decl":{"start":{"line":74,"column":16},"end":{"line":74,"column":33}},"loc":{"start":{"line":74,"column":69},"end":{"line":113,"column":null}},"line":74}},"branchMap":{"0":{"loc":{"start":{"line":75,"column":49},"end":{"line":75,"column":65}},"type":"binary-expr","locations":[{"start":{"line":75,"column":49},"end":{"line":75,"column":62}},{"start":{"line":75,"column":62},"end":{"line":75,"column":65}}],"line":75},"1":{"loc":{"start":{"line":77,"column":21},"end":{"line":79,"column":null}},"type":"cond-expr","locations":[{"start":{"line":78,"column":6},"end":{"line":78,"column":null}},{"start":{"line":79,"column":6},"end":{"line":79,"column":null}}],"line":77},"2":{"loc":{"start":{"line":77,"column":21},"end":{"line":77,"column":null}},"type":"binary-expr","locations":[{"start":{"line":77,"column":21},"end":{"line":77,"column":49}},{"start":{"line":77,"column":49},"end":{"line":77,"column":null}}],"line":77},"3":{"loc":{"start":{"line":79,"column":6},"end":{"line":79,"column":null}},"type":"binary-expr","locations":[{"start":{"line":79,"column":6},"end":{"line":79,"column":35}},{"start":{"line":79,"column":35},"end":{"line":79,"column":null}}],"line":79},"4":{"loc":{"start":{"line":83,"column":4},"end":{"line":109,"column":null}},"type":"if","locations":[{"start":{"line":83,"column":4},"end":{"line":109,"column":null}},{"start":{},"end":{}}],"line":83},"5":{"loc":{"start":{"line":89,"column":8},"end":{"line":91,"column":null}},"type":"if","locations":[{"start":{"line":89,"column":8},"end":{"line":91,"column":null}},{"start":{},"end":{}}],"line":89},"6":{"loc":{"start":{"line":102,"column":20},"end":{"line":102,"column":null}},"type":"cond-expr","locations":[{"start":{"line":102,"column":45},"end":{"line":102,"column":54}},{"start":{"line":102,"column":54},"end":{"line":102,"column":null}}],"line":102},"7":{"loc":{"start":{"line":102,"column":54},"end":{"line":102,"column":null}},"type":"cond-expr","locations":[{"start":{"line":102,"column":101},"end":{"line":102,"column":116}},{"start":{"line":102,"column":116},"end":{"line":102,"column":null}}],"line":102},"8":{"loc":{"start":{"line":102,"column":54},"end":{"line":102,"column":101}},"type":"binary-expr","locations":[{"start":{"line":102,"column":54},"end":{"line":102,"column":78}},{"start":{"line":102,"column":78},"end":{"line":102,"column":101}}],"line":102},"9":{"loc":{"start":{"line":103,"column":21},"end":{"line":103,"column":null}},"type":"binary-expr","locations":[{"start":{"line":103,"column":21},"end":{"line":103,"column":31}},{"start":{"line":103,"column":31},"end":{"line":103,"column":null}}],"line":103}},"s":{"0":0,"1":0,"2":0,"3":0,"4":0,"5":0,"6":0,"7":0,"8":0,"9":0,"10":0,"11":0,"12":0},"f":{"0":0},"b":{"0":[0,0],"1":[0,0],"2":[0,0],"3":[0,0],"4":[0,0],"5":[0,0],"6":[0,0],"7":[0,0],"8":[0,0],"9":[0,0]},"meta":{"lastBranch":10,"lastFunction":1,"lastStatement":13,"seen":{"s:33:47:43:Infi
[...]
,"30":0,"31":0,"32":0,"33":0,"34":0,"35":0,"36":0,"37":0,"38":0,"39":0,"40":0,"41":0,"42":0,"43":0,"44":0,"45":0,"46":0,"47":0,"48":0,"49":0,"50":0,"51":0,"52":0,"53":0,"54":0,"55":0},"f":{"0":0,"1":0,"2":0,"3":0,"4":0},"b":{"0":[0,0],"1":[0,0],"2":[0,0],"3":[0,0],"4":[0,0,0,0],"5":[0,0],"6":[0,0],"7":[0,0],"8":[0,0],"9":[0,0],"10":[0,0],"11":[0,0],"12":[0,0,0],"13":[0,0],"14":[0,0],"15":[0,0],"16":[0,0],"17":[0,0],"18":[0,0],"19":[0,0],"20":[0,0],"21":[0,0],"22":[0,0],"23":[0,0],"24":[0,0],"25":[0,0],"26":[0,0],"27":[0,0]},"meta":{"lastBranch":28,"lastFunction":5,"lastStatement":56,"seen":{"f:59:22:59:51":0,"s:60:36:60:Infinity":0,"s:61:30:61:Infinity":1,"s:62:17:62:Infinity":2,"b:62:17:62:32:62:32:62:Infinity":0,"s:63:17:63:Infinity":3,"s:66:37:66:Infinity":4,"b:68:2:71:Infinity:undefined:undefined:undefined:undefined":1,"s:68:2:71:Infinity":5,"s:69:4:69:Infinity":6,"s:70:4:70:Infinity":7,"s:73:2:137:Infinity":8,"s:74:21:74:Infinity":9,"b:76:4:86:Infinity:undefined:undefined:undefined:undefined":2,"s:76:4:86:Infinity":10,"s:77:6:84:Infinity":11,"s:85:6:85:Infinity":12,"s:88:20:88:Infinity":13,"s:89:18:89:Infinity":14,"s:90:16:90:Infinity":15,"s:91:25:91:Infinity":16,"b:91:25:91:42:91:42:91:Infinity":3,"s:92:20:92:Infinity":17,"b:92:20:92:38:92:38:92:56:92:56:92:92:92:92:92:Infinity":4,"s:94:35:94:Infinity":18,"b:97:4:100:Infinity:undefined:undefined:undefined:undefined":5,"s:97:4:100:Infinity":19,"b:97:8:97:18:97:18:97:47":6,"s:98:6:98:Infinity":20,"s:99:6:99:Infinity":21,"b:103:4:106:Infinity:undefined:undefined:undefined:undefined":7,"s:103:4:106:Infinity":22,"b:103:8:103:18:103:18:103:48":8,"s:104:6:104:Infinity":23,"s:105:6:105:Infinity":24,"b:109:4:112:Infinity:undefined:undefined:undefined:undefined":9,"s:109:4:112:Infinity":25,"b:109:8:109:18:109:18:109:45":10,"s:110:6:110:Infinity":26,"s:111:6:111:Infinity":27,"b:115:4:118:Infinity:undefined:undefined:undefined:undefined":11,"s:115:4:118:Infinity":28,"b:115:9:115:19:115:19:115:53:115:53:115:67":12,"s:116:6:116:Infinity":29,"s:117:6:117:Infinity":30,"b:121:4:124:Infinity:undefined:undefined:undefined:undefined":13,"s:121:4:124:Infinity":31,"b:121:8:121:18:121:18:121:45":14,"s:122:6:122:Infinity":32,"s:123:6:123:Infinity":33,"b:127:4:130:Infinity:undefined:undefined:undefined:undefined":15,"s:127:4:130:Infinity":34,"b:127:8:127:18:127:18:127:53":16,"s:128:6:128:Infinity":35,"s:129:6:129:Infinity":36,"b:133:4:136:Infinity:undefined:undefined:undefined:undefined":17,"s:133:4:136:Infinity":37,"b:133:8:133:22:133:22:133:37":18,"s:134:6:134:Infinity":38,"s:135:6:135:Infinity":39,"s:140:17:140:Infinity":40,"f:140:31:140:36":1,"s:140:36:140:58":41,"s:141:19:141:Infinity":42,"f:141:33:141:38":2,"s:141:38:141:62":43,"s:142:15:142:Infinity":44,"f:142:29:142:34":3,"s:142:34:142:55":45,"s:143:16:143:Infinity":46,"s:145:2:163:Infinity":47,"b:151:29:151:35:151:35:151:Infinity":19,"b:151:49:151:55:151:55:151:Infinity":20,"b:151:69:151:75:151:75:151:Infinity":21,"b:151:89:151:95:151:95:151:Infinity":22,"b:160:15:160:29:160:29:160:Infinity":23,"f:190:22:190:39":4,"s:191:19:191:Infinity":48,"b:191:40:191:63:191:63:191:Infinity":24,"s:192:21:192:Infinity":49,"b:192:35:192:48:192:48:192:Infinity":25,"s:194:17:198:Infinity":50,"s:207:7:207:Infinity":51,"s:210:21:210:Infinity":52,"s:213:2:222:Infinity":53,"s:214:4:221:Infinity":54,"b:220:45:220:72:220:72:220:Infinity":26,"s:224:2:237:Infinity":55,"b:231:25:231:47:231:47:231:Infinity":27}}},"C:\\Users\\buzzkill\\Documents\\vibeplug\\plugins\\goodvibes\\tools\\implementations\\tool-search-server\\src\\handlers\\issues\\constants.ts":{"path":"C:\\Users\\buzzkill\\Documents\\vibeplug\\plugins\\goodvibes\\tools\\implementations\\tool-search-server\\src\\handlers\\issues\\constants.ts","statementMap":{"0":{"start":{"line":5,"column":31},"end":{"line":9,"column":null}},"1":{"start":{"line":11,"column":25},"end":{"line":16,"column":null}},"2":{"start":{"line":18,"column":34},"end":{"line":24,"column":null}},"3":{"start":{"line":26,"column":28},"end":{"line":26,"column":null}},"4":{"start":{"line":28,"column":49},"end":{"line":33,"column":null}},"5":{"start":{"line":35,"column":34},"end":{"line":49,"column":null}},"6":{"start":{"line":51,"column":21},"end":{"line":56,"column":null}},"7":{"start":{"line":58,"column":25},"end":{"line":58,"column":null}},"8":{"start":{"line":59,"column":33},"end":{"line":59,"column":null}}},"fnMap":{},"branchMap":{},"s":{"0":0,"1":0,"2":0,"3":0,"4":0,"5":0,"6":0,"7":0,"8":0},"f":{},"b":{},"meta":{"lastBranch":0,"lastFunction":0,"lastStatement":9,"seen":{"s:5:31:9:Infinity":0,"s:11:25:16:Infinity":1,"s:18:34:24:Infinity":2,"s:26:28:26:Infinity":3,"s:28:49:33:Infinity":4,"s:35:34:49:Infinity":5,"s:51:21:56:Infinity":6,"s:58:25:58:Infinity":7,"s:59:33:59:Infinity":8}}},"C:\\Users\\buzzkill\\Documents\\vibeplug\\plugins\\goodvibes\\tools\\implementations\\tool-search-server\\src\\handlers\\validation\\skill-pattern-checks.ts":{"path":"C:\\Users\\buzzkill\\Documents\\vibeplug\\plugins\\goodvibes\\tools\\implementations\\tool-search-server\\src\\handlers\\validation\\skill-pattern-checks.ts","statementMap":{"0":{"start":{"line":11,"column":36},"end":{"line":11,"column":null}},"1":{"start":{"line":14,"column":2},"end":{"line":27,"column":null}},"2":{"start":{"line":15,"column":4},"end":{"line":26,"column":null}},"3":{"start":{"line":16,"column":6},"end":{"line":25,"column":null}},"4":{"start":{"line":17,"column":8},"end":{"line":24,"column":null}},"5":{"start":{"line":30,"column":2},"end":{"line":43,"column":null}},"6":{"start":{"line":31,"column":4},"end":{"line":42,"column":null}},"7":{"start":{"line":32,"column":6},"end":{"line":41,"column":null}},"8":{"start":{"line":33,"column":8},"end":{"line":40,"column":null}},"9":{"start":{"line":46,"column":2},"end":{"line":60,"column":null}},"10":{"start":{"line":47,"column":4},"end":{"line":59,"column":null}},"11":{"start":{"line":48,"column":6},"end":{"line":58,"column":null}},"12":{"start":{"line":49,"column":24},"end":{"line":49,"column":null}},"13":{"start":{"line":49,"column":49},"end":{"line":49,"column":68}},"14":{"start":{"line":50,"column":8},"end":{"line":57,"column":null}},"15":{"start":{"line":62,"column":2},"end":{"line":62,"column":null}}},"fnMap":{"0":{"name":"runSkillPatternChecks","decl":{"start":{"line":7,"column":16},"end":{"line":7,"column":null}},"loc":{"start":{"line":10,"column":21},"end":{"line":63,"column":null}},"line":10},"1":{"name":"(anonymous_1)","decl":{"start":{"line":49,"column":44},"end":{"line":49,"column":49}},"loc":{"start":{"line":49,"column":49},"end":{"line":49,"column":68}},"line":49}},"branchMap":{"0":{"loc":{"start":{"line":14,"column":2},"end":{"line":27,"column":null}},"type":"if","locations":[{"start":{"line":14,"column":2},"end":{"line":27,"column":null}},{"start":{},"end":{}}],"line":14},"1":{"loc":{"start":{"line":16,"column":6},"end":{"line":25,"column":null}},"type":"if","locations":[{"start":{"line":16,"column":6},"end":{"line":25,"column":null}},{"start":{},"end":{}}],"line":16},"2":{"loc":{"start":{"line":30,"column":2},"end":{"line":43,"column":null}},"type":"if","locations":[{"start":{"line":30,"column":2},"end":{"line":43,"column":null}},{"start":{},"end":{}}],"line":30},"3":{"loc":{"start":{"line":32,"column":6},"end":{"line":41,"column":null}},"type":"if","locations":[{"start":{"line":32,"column":6},"end":{"line":41,"column":null}},{"start":{},"end":{}}],"line":32},"4":{"loc":{"start":{"line":46,"column":2},"end":{"line":60,"column":null}},"type":"if","locations":[{"start":{"line":46,"column":2},"end":{"line":60,"column":null}},{"start":{},"end":{}}],"line":46},"5":{"loc":{"start":{"line":48,"column":6},"end":{"line":58,"column":null}},"type":"if","locations":[{"start":{"line":48,"column":6},"end":{"line":58,"column":null}},{"start":{},"end":{}}],"line":48},"6":{"loc":{"start":{"line":53,"column":16},"end":{"line":53,"column":null}},"type":"binary-expr","locations":[{"start":{"line":53,"column":16},"end":{"line":53,"column":27}},{"start":{"line":53,"column":27},"end":{"line":53,"column":null}}],"line":53}},"s":{"0":0,"1":0,"2":0,"3":0,"4":0,"5":0,"6":0,"7":0,"8":0,"9":0,"10":0,"11":0,"12":0,"13":0,"14":0,"15":0},"f":{"0":0,"1":0},"b":{"0":[0,0],"1":[0,0],"2":[0,0],"3":[0,0],"4":[0,0],"5":[0,0],"6":[0,0]},"meta":{"lastBranch":7,"lastFunction":2,"lastStatement":16,"seen":{"f:7:16:7:Infinity":0,"s:11:36:11:Infinity":0,"b:14:2:27:Infinity:undefined:undefined:undefined:undefined":0,"s:14:2:27:Infinity":1,"s:15:4:26:Infinity":2,"b:16:6:25:Infinity:undefined:undefined:undefined:undefined":1,"s:16:6:25:Infinity":3,"s:17:8:24:Infinity":4,"b:30:2:43:Infinity:undefined:undefined:undefined:undefined":2,"s:30:2:43:Infinity":5,"s:31:4:42:Infinity":6,"b:32:6:41:Infinity:undefined:undefined:undefined:undefined":3,"s:32:6:41:Infinity":7,"s:33:8:40:Infinity":8,"b:46:2:60:Infinity:undefined:undefined:undefined:undefined":4,"s:46:2:60:Infinity":9,"s:47:4:59:Infinity":10,"b:48:6:58:Infinity:undefined:undefined:undefined:undefined":5,"s:48:6:58:Infinity":11,"s:49:24:49:Infinity":12,"f:49:44:49:49":1,"s:49:49:49:68":13,"s:50:8:57:Infinity":14,"b:53:16:53:27:53:27:53:Infinity":6,"s:62:2:62:Infinity":15}}},"C:\\Users\\buzzkill\\Documents\\vibeplug\\plugins\\goodvibes\\tools\\implementations\\tool-search-server\\src\\handlers\\validation\\typescript-checks.ts":{"path":"C:\\Users\\buzzkill\\Documents\\vibeplug\\plugins\\goodvibes\\tools\\implementations\\tool-search-server\\src\\handlers\\validation\\typescript-checks.ts","statementMap":{"0":{"start":{"line":8,"column":36},"end":{"line":8,"column":null}},"1":{"start":{"line":10,"column":2},"end":{"line":10,"column":null}},"2":{"start":{"line":10,"column":25},"end":{"line":10,"column":null}},"3":{"start":{"line":13,"column":21},"end":{"line":13,"column":null}},"4":{"start":{"line":14,"column":2},"end":{"line":24,"column":null}},"5":{"start":{"line":15,"column":20},"end":{"line":15,"column":null}},"6":{"start":{"line":16,"column":4},"end":{"line":23,"column":null}},"7":{"start":{"line":27,"column":2},"end":{"line":38,"column":null}},"8":{"start":{"line":28,"column":4},"end":{"line":37,"column":null}},"9":{"start":{"line":29,"column":6},"end":{"line":36,"column":null}},"10":{"start":{"line":41,"column":8},"end":{"line":41,"column":null}},"11":{"start":{"line":42,"column":2},"end":{"line":51,"column":null}},"12":{"start":{"line":43,"column":4},"end":{"line":50,"column":null}},"13":{"start":{"line":53,"column":2},"end":{"line":53,"column":null}}},"fnMap":{"0":{"name":"runTypeScriptChecks","decl":{"start":{"line":7,"column":16},"end":{"line":7,"column":36}},"loc":{"start":{"line":7,"column":79},"end":{"line":54,"column":null}},"line":7},"1":{"name":"(anonymous_1)","decl":{"start":{"line":27,"column":20},"end":{"line":27,"column":21}},"loc":{"start":{"line":27,"column":33},"end":{"line":38,"column":3}},"line":27}},"branchMap":{"0":{"loc":{"start":{"line":10,"column":2},"end":{"line":10,"column":null}},"type":"if","locations":[{"start":{"line":10,"column":2},"end":{"line":10,"column":null}},{"start":{},"end":{}}],"line":10},"1":{"loc":{"start":{"line":15,"column":45},"end":{"line":15,"column":61}},"type":"binary-expr","locations":[{"start":{"line":15,"column":45},"end":{"line":15,"column":60}},{"start":{"line":15,"column":60},"end":{"line":15,"column":61}}],"line":15},"2":{"loc":{"start":{"line":28,"column":4},"end":{"line":37,"column":null}},"type":"if","locations":[{"start":{"line":28,"column":4},"end":{"line":37,"column":null}},{"start":{},"end":{}}],"line":28},"3":{"loc":{"start":{"line":41,"column":26},"end":{"line":41,"column":59}},"type":"binary-expr","locations":[{"start":{"line":41,"column":26},"end":{"line":41,"column":55}},{"start":{"line":41,"column":55},"end":{"line":41,"column":59}}],"line":41},"4":{"loc":{"start":{"line":42,"column":2},"end":{"line":51,"column":null}},"type":"if","locations":[{"start":{"line":42,"column":2},"end":{"line":51,"column":null}},{"start":{},"end":{}}],"line":42}},"s":{"0":0,"1":0,"2":0,"3":0,"4":0,"5":0,"6":0,"7":0,"8":0,"9":0,"10":0,"11":0,"12":0,"13":0},"f":{"0":0,"1":0},"b":{"0":[0,0],"1":[0,0],"2":[0,0],"3":[0,0],"4":[0,0]},"meta":{"lastBranch":5,"lastFunction":2,"lastStatement":14,"seen":{"f:7:16:7:36":0,"s:8:36:8:Infinity":0,"b:10:2:10:Infinity:undefined:undefined:undefined:undefined":0,"s:10:2:10:Infinity":1,"s:10:25:10:Infinity":2,"s:13:21:13:Infinity":3,"s:14:2:24:Infinity":4,"s:15:20:15:Infinity":5,"b:15:45:15:60:15:60:15:61":1,"s:16:4:23:Infinity":6,"s:27:2:38:Infinity":7,"f:27:20:27:21":1,"b:28:4:37:Infinity:undefined:undefined:undefined:undefined":2,"s:28:4:37:Infinity":8,"s:29:6:36:Infinity":9,"s:41:8:41:Infinity":10,"b:41:26:41:55:41:55:41:59":3,"b:42:2:51:Infinity:undefined:undefined:undefined:undefined":4,"s:42:2:51:Infinity":11,"s:43:4:50:Infinity":12,"s:53:2:53:Infinity":13}}},"C:\\Users\\buzzkill\\Documents\\vibeplug\\plugins\\goodvibes\\tools\\implementations\\tool-search-server\\src\\handlers\\validation\\types.ts":{"path":"C:\\Users\\buzzkill\\Documents\\vibeplug\\plugins\\goodvibes\\tools\\implementations\\tool-search-server\\src\\handlers\\validation\\types.ts","statementMap":{},"fnMap":{},"branchMap":{},"s":{},"f":{},"b":{},"meta":{"lastBranch":0,"lastFunction":0,"lastStatement":0,"seen":{}}},"C:\\Users\\buzzkill\\Documents\\vibeplug\\plugins\\goodvibes\\tools\\implementations\\tool-search-server\\src\\handlers\\validation\\structure-checks.ts":{"path":"C:\\Users\\buzzkill\\Documents\\vibeplug\\plugins\\goodvibes\\tools\\implementations\\tool-search-server\\src\\handlers\\validation\\structure-checks.ts","statementMap":{"0":{"start":{"line":9,"column":36},"end":{"line":9,"column":null}},"1":{"start":{"line":12,"column":20},"end":{"line":15,"column":null}},"2":{"start":{"line":17,"column":2},"end":{"line":26,"column":null}},"3":{"start":{"line":18,"column":4},"end":{"line":25,"column":null}},"4":{"start":{"line":29,"column":2},"end":{"line":60,"column":null}},"5":{"start":{"line":30,"column":26},"end":{"line":30,"column":null}},"6":{"start":{"line":31,"column":23},"end":{"line":31,"column":null}},"7":{"start":{"line":33,"column":4},"end":{"line":42,"column":null}},"8":{"start":{"line":34,"column":6},"end":{"line":41,"column":null}},"9":{"start":{"line":45,"column":22},"end":{"line":45,"column":null}},"10":{"start":{"line":46,"column":4},"end":{"line":59,"column":null}},"11":{"start":{"line":47,"column":6},"end":{"line":58,"column":null}},"12":{"start":{"line":48,"column":8},"end":{"line":57,"column":null}},"13":{"start":{"line":49,"column":10},"end":{"line":56,"column":null}},"14":{"start":{"line":63,"column":2},"end":{"line":72,"column":null}},"15":{"start":{"line":64,"column":4},"end":{"line":71,"column":null}},"16":{"start":{"line":75,"column":2},"end":{"line":84,"column":null}},"17":{"start":{"line":76,"column":4},"end":{"line":83,"column":null}},"18":{"start":{"line":86,"column":2},"end":{"line":86,"column":null}}},"fnMap":{"0":{"name":"runStructureChecks","decl":{"start":{"line":8,"column":16},"end":{"line":8,"column":35}},"loc":{"start":{"line":8,"column":78},"end":{"line":87,"column":null}},"line":8},"1":{"name":"(anonymous_1)","decl":{"start":{"line":47,"column":24},"end":{"line":47,"column":25}},"loc":{"start":{"line":47,"column":37},"end":{"line":58,"column":7}},"line":47}},"branchMap":{"0":{"loc":{"start":{"line":12,"column":20},"end":{"line":15,"column":null}},"type":"binary-expr","locations":[{"start":{"line":12,"column":20},"end":{"line":12,"column":62}},{"start":{"line":12,"column":62},"end":{"line":12,"column":null}},{"start":{"line":13,"column":19},"end":{"line":13,"column":59}},{"start":{"line":13,"column":59},"end":{"line":13,"column":null}},{"start":{"line":14,"column":19},"end":{"line":14,"column":59}},{"start":{"line":14,"column":59},"end":{"line":14,"column":null}},{"start":{"line":15,"column":19},"end":{"line":15,"column":null}}],"line":12},"1":{"loc":{"start":{"line":17,"column":2},"end":{"line":26,"column":null}},"type":"if","locations":[{"start":{"line":17,"column":2},"end":{"line":26,"column":null}},{"start":{},"end":{}}],"line":17},"2":{"loc":{"start":{"line":17,"column":6},"end":{"line":17,"column":80}},"type":"binary-expr","locations":[{"start":{"line":17,"column":6},"end":{"line":17,"column":20}},{"start":{"line":17,"column":20},"end":{"line":17,"column":51}},{"start":{"line":17,"column":51},"end":{"line":17,"column":80}}],"line":17},"3":{"loc":{"start":{"line":29,"column":2},"end":{"line":60,"column":null}},"type":"if","locations":[{"start":{"line":29,"column":2},"end":{"line":60,"column":null}},{"start":{},"end":{}}],"line":29},"4":{"loc":{"start":{"line":33,"column":4},"end":{"line":42,"column":null}},"type":"if","locations":[{"start":{"line":33,"column":4},"end":{"line":42,"column":null}},{"start":{},"end":{}}],"line":33},"5":{"loc":{"start":{"line":33,"column":8},"end":{"line":33,"column":81}},"type":"binary-expr","locations":[{"start":{"line":33,"column":8},"end":{"line":33,"column":23}},{"start":{"line":33,"column":23},"end":{"line":33,"column":54}},{"start":{"line":33,"column":54},"end":{"line":33,"column":81}}],"line":33},"6":{"loc":{"start":{"line":46,"column":4},"end":{"line":59,"column":null}},"type":"if","locations":[{"start":{"line":46,"column":4},"end":{"line":59,"column":null}},{"start":{},"end":{}}],"line":46},"7":{"loc":{"start":{"line":48,"column":8},"end":{"line":57,"column":null}},"type":"if","locations":[{"start":{"line":48,"column":8},"end":{"line":57,"column":null}},{"start":{},"end":{}}],"line":48},"8":{"loc":{"start":{"line":48,"column":12},"end":{"line":48,"column":74}},"type":"binary-expr","locations":[{"start":{"line":48,"column":12},"end":{"line":48,"column":46}},{"start":{"line":48,"column":46},"end":{"line":48,"column":74}}],"line":48},"9":{"loc":{"start":{"line":63,"column":2},"end":{"line":72,"column":null}},"type":"if","locations":[{"start":{"line":63,"column":2},"end":{"line":72,"column":null}},{"start":{},"end":{}}],"line":63},"10":{"loc":{"start":{"line":75,"column":2},"end":{"line":84,"column":null}},"type":"if","locations":[{"start":{"line":75,"column":2},"end":{"line":84,"column":null}},{"start":{},"end":{}}],"line":75},"11":{"loc":{"start":{"line":75,"column":6},"end":{"line":75,"column":96}},"type":"binary-expr","locations":[{"start":{"line":75,"column":6},"end":{"line":75,"column":36}},{"start":{"line":75,"column":36},"end":{"line":75,"column":63}},{"start":{"line":75,"column":63},"end":{"line":75,"column":96}}],"line":75}},"s":{"0":0,"1":0,"2":0,"3":0,"4":0,"5":0,"6":0,"7":0,"8":0,"9":0,"10":0,"11":0,"12":0,"13":0,"14":0,"15":0,"16":0,"17":0,"18":0},"f":{"0":0,"1":0},"b":{"0":[0,0,0,0,0,0,0],"1":[0,0],"2":[0,0,0],"3":[0,0],"4":[0,0],"5":[0,0,0],"6":[0,0],"7":[0,0],"8":[0,0],"9":[0,0],"10":[0,0],"11":[0,0,0]},"meta":{"lastBranch":12,"lastFunction":2,"lastStatement":19,"seen":{"f:8:16:8:35":0,"s:9:36:9:Infinity":0,"s:12:20:15:Infinity":1,"b:12:20:12:62:12:62:12:Infinity:13:19:13:59:13:59:13:Infinity:14:19:14:59:14:59:14:Infinity:15:19:15:Infinity":0,"b:17:2:26:Infinity:undefined:undefined:undefined:undefined":1,"s:17:2:26:Infinity":2,"b:17:6:17:20:17:20:17:51:17:51:17:80":2,"s:18:4:25:Infinity":3,"b:29:2:60:Infinity:undefined:undefined:undefined:undefined":3,"s:29:2:60:Infinity":4,"s:30:26:30:Infinity":5,"s:31:23:31:Infinity":6,"b:33:4:42:Infinity:undefined:undefined:undefined:undefined":4,"s:33:4:42:Infinity":7,"b:33:8:33:23:33:23:33:54:33:54:33:81":5,"s:34:6:41:Infinity":8,"s:45:22:45:Infinity":9,"b:46:4:59:Infinity:undefined:undefined:undefined:undefined":6,"s:46:4:59:Infinity":10,"s:47:6:58:Infinity":11,"f:47:24:47:25":1,"b:48:8:57:Infinity:undefined:undefined:undefined:undefined":7,"s:48:8:57:Infinity":12,"b:48:12:48:46:48:46:48:74":8,"s:49:10:56:Infinity":13,"b:63:2:72:Infinity:undefined:undefined:undefined:undefined":9,"s:63:2:72:Infinity":14,"s:64:4:71:Infinity":15,"b:75:2:84:Infinity:undefined:undefined:undefined:undefined":10,"s:75:2:84:Infinity":16,"b:75:6:75:36:75:36:75:63:75:63:75:96":11,"s:76:4:83:Infinity":17,"s:86:2:86:Infinity":18}}}}}