{"numTotalTestSuites":0,"numPassedTestSuites":0,"numFailedTestSuites":0,"numPendingTestSuites":0,"numTotalTests":0,"numPassedTests":0,"numFailedTests":0,"numPendingTests":0,"numTodoTests":0,"snapshot":{"added":0,"failure":false,"filesAdded":0,"filesRemoved":0,"filesRemovedList":[],"filesUnmatched":0,"filesUpdated":0,"matched":0,"total":0,"unchecked":0,"uncheckedKeysByFile":[],"unmatched":0,"updated":0,"didUpdate":false},"startTime":1767847634338,"success":false,"testResults":[],"coverageMap":{"C:\\Users\\buzzkill\\Documents\\vibeplug\\plugins\\goodvibes\\hooks\\scripts\\src\\permission-request.ts":{"path":"C:\\Users\\buzzkill\\Documents\\vibeplug\\plugins\\goodvibes\\hooks\\scripts\\src\\permission-request.ts","statementMap":{},"fnMap":{},"branchMap":{},"s":{},"f":{},"b":{},"meta":{"lastBranch":0,"lastFunction":0,"lastStatement":0,"seen":{}}},"C:\\Users\\buzzkill\\Documents\\vibeplug\\plugins\\goodvibes\\hooks\\scripts\\src\\user-prompt-submit.ts":{"path":"C:\\Users\\buzzkill\\Documents\\vibeplug\\plugins\\goodvibes\\hooks\\scripts\\src\\user-prompt-submit.ts","statementMap":{},"fnMap":{},"branchMap":{},"s":{},"f":{},"b":{},"meta":{"lastBranch":0,"lastFunction":0,"lastStatement":0,"seen":{}}},"C:\\Users\\buzzkill\\Documents\\vibeplug\\plugins\\goodvibes\\hooks\\scripts\\src\\context\\empty-project.ts":{"path":"C:\\Users\\buzzkill\\Documents\\vibeplug\\plugins\\goodvibes\\hooks\\scripts\\src\\context\\empty-project.ts","statementMap":{"0":{"start":{"line":16,"column":25},"end":{"line":23,"column":null}},"1":{"start":{"line":38,"column":2},"end":{"line":50,"column":null}},"2":{"start":{"line":39,"column":18},"end":{"line":39,"column":null}},"3":{"start":{"line":40,"column":28},"end":{"line":43,"column":null}},"4":{"start":{"line":41,"column":20},"end":{"line":41,"column":null}},"5":{"start":{"line":42,"column":6},"end":{"line":42,"column":null}},"6":{"start":{"line":45,"column":4},"end":{"line":45,"column":null}},"7":{"start":{"line":48,"column":4},"end":{"line":48,"column":null}},"8":{"start":{"line":49,"column":4},"end":{"line":49,"column":null}},"9":{"start":{"line":64,"column":2},"end":{"line":64,"column":null}}},"fnMap":{"0":{"name":"isEmptyProject","decl":{"start":{"line":37,"column":22},"end":{"line":37,"column":37}},"loc":{"start":{"line":37,"column":68},"end":{"line":51,"column":null}},"line":37},"1":{"name":"(anonymous_1)","decl":{"start":{"line":40,"column":41},"end":{"line":40,"column":42}},"loc":{"start":{"line":40,"column":51},"end":{"line":43,"column":5}},"line":40},"2":{"name":"formatEmptyProjectContext","decl":{"start":{"line":63,"column":16},"end":{"line":63,"column":52}},"loc":{"start":{"line":63,"column":52},"end":{"line":73,"column":null}},"line":63}},"branchMap":{"0":{"loc":{"start":{"line":42,"column":13},"end":{"line":42,"column":null}},"type":"binary-expr","locations":[{"start":{"line":42,"column":13},"end":{"line":42,"column":50}},{"start":{"line":42,"column":50},"end":{"line":42,"column":null}}],"line":42}},"s":{"0":0,"1":0,"2":0,"3":0,"4":0,"5":0,"6":0,"7":0,"8":0,"9":0},"f":{"0":0,"1":0,"2":0},"b":{"0":[0,0]},"meta":{"lastBranch":1,"lastFunction":3,"lastStatement":10,"seen":{"s:16:25:23:Infinity":0,"f:37:22:37:37":0,"s:38:2:50:Infinity":1,"s:39:18:39:Infinity":2,"s:40:28:43:Infinity":3,"f:40:41:40:42":1,"s:41:20:41:Infinity":4,"s:42:6:42:Infinity":5,"b:42:13:42:50:42:50:42:Infinity":0,"s:45:4:45:Infinity":6,"s:48:4:48:Infinity":7,"s:49:4:49:Infinity":8,"f:63:16:63:52":2,"s:64:2:64:Infinity":9}}},"C:\\Users\\buzzkill\\Documents\\vibeplug\\plugins\\goodvibes\\hooks\\scripts\\src\\context\\folder-analyzer.ts":{"path":"C:\\Users\\buzzkill\\Documents\\vibeplug\\plugins\\goodvibes\\hooks\\scripts\\src\\context\\folder-analyzer.ts","statementMap":{"0":{"start":{"line":36,"column":20},"end":{"line":36,"column":null}},"1":{"start":{"line":37,"column":17},"end":{"line":37,"column":null}},"2":{"start":{"line":38,"column":18},"end":{"line":38,"column":null}},"3":{"start":{"line":52,"column":6},"end":{"line":63,"column":null}},"4":{"start":{"line":66,"column":16},"end":{"line":66,"column":null}},"5":{"start":{"line":67,"column":2},"end":{"line":73,"column":null}},"6":{"start":{"line":68,"column":4},"end":{"line":68,"column":null}},"7":{"start":{"line":69,"column":2},"end":{"line":73,"column":null}},"8":{"start":{"line":70,"column":4},"end":{"line":70,"column":null}},"9":{"start":{"line":71,"column":2},"end":{"line":73,"column":null}},"10":{"start":{"line":72,"column":4},"end":{"line":72,"column":null}},"11":{"start":{"line":76,"column":31},"end":{"line":76,"column":null}},"12":{"start":{"line":77,"column":2},"end":{"line":81,"column":null}},"13":{"start":{"line":78,"column":4},"end":{"line":78,"column":null}},"14":{"start":{"line":79,"column":2},"end":{"line":81,"column":null}},"15":{"start":{"line":80,"column":4},"end":{"line":80,"column":null}},"16":{"start":{"line":84,"column":17},"end":{"line":84,"column":null}},"17":{"start":{"line":86,"column":2},"end":{"line":86,"column":null}},"18":{"start":{"line":101,"column":26},"end":{"line":101,"column":null}},"19":{"start":{"line":103,"column":2},"end":{"line":105,"column":null}},"20":{"start":{"line":104,"column":4},"end":{"line":104,"column":null}},"21":{"start":{"line":107,"column":2},"end":{"line":109,"column":null}},"22":{"start":{"line":108,"column":4},"end":{"line":108,"column":null}},"23":{"start":{"line":111,"column":2},"end":{"line":113,"column":null}},"24":{"start":{"line":112,"column":4},"end":{"line":112,"column":null}},"25":{"start":{"line":115,"column":2},"end":{"line":115,"column":null}}},"fnMap":{"0":{"name":"analyzeFolderStructure","decl":{"start":{"line":33,"column":22},"end":{"line":33,"column":null}},"loc":{"start":{"line":35,"column":27},"end":{"line":87,"column":null}},"line":35},"1":{"name":"formatFolderAnalysis","decl":{"start":{"line":100,"column":16},"end":{"line":100,"column":37}},"loc":{"start":{"line":100,"column":71},"end":{"line":116,"column":null}},"line":100}},"branchMap":{"0":{"loc":{"start":{"line":37,"column":17},"end":{"line":37,"column":null}},"type":"cond-expr","locations":[{"start":{"line":37,"column":29},"end":{"line":37,"column":37}},{"start":{"line":37,"column":37},"end":{"line":37,"column":null}}],"line":37},"1":{"loc":{"start":{"line":67,"column":2},"end":{"line":73,"column":null}},"type":"if","locations":[{"start":{"line":67,"column":2},"end":{"line":73,"column":null}},{"start":{"line":69,"column":2},"end":{"line":73,"column":null}}],"line":67},"2":{"loc":{"start":{"line":69,"column":2},"end":{"line":73,"column":null}},"type":"if","locations":[{"start":{"line":69,"column":2},"end":{"line":73,"column":null}},{"start":{"line":71,"column":2},"end":{"line":73,"column":null}}],"line":69},"3":{"loc":{"start":{"line":71,"column":2},"end":{"line":73,"column":null}},"type":"if","locations":[{"start":{"line":71,"column":2},"end":{"line":73,"column":null}},{"start":{},"end":{}}],"line":71},"4":{"loc":{"start":{"line":71,"column":13},"end":{"line":71,"column":52}},"type":"binary-expr","locations":[{"start":{"line":71,"column":13},"end":{"line":71,"column":30}},{"start":{"line":71,"column":30},"end":{"line":71,"column":42}},{"start":{"line":71,"column":42},"end":{"line":71,"column":52}}],"line":71},"5":{"loc":{"start":{"line":77,"column":2},"end":{"line":81,"column":null}},"type":"if","locations":[{"start":{"line":77,"column":2},"end":{"line":81,"column":null}},{"start":{"line":79,"column":2},"end":{"line":81,"column":null}}],"line":77},"6":{"loc":{"start":{"line":79,"column":2},"end":{"line":81,"column":null}},"type":"if","locations":[{"start":{"line":79,"column":2},"end":{"line":81,"column":null}},{"start":{},"end":{}}],"line":79},"7":{"loc":{"start":{"line":84,"column":17},"end":{"line":84,"column":null}},"type":"binary-expr","locations":[{"start":{"line":84,"column":17},"end":{"line":84,"column":32}},{"start":{"line":84,"column":32},"end":{"line":84,"column":50}},{"start":{"line":84,"column":50},"end":{"line":84,"column":null}}],"line":84},"8":{"loc":{"start":{"line":103,"column":2},"end":{"line":105,"column":null}},"type":"if","locations":[{"start":{"line":103,"column":2},"end":{"line":105,"column":null}},{"start":{},"end":{}}],"line":103},"9":{"loc":{"start":{"line":107,"column":2},"end":{"line":109,"column":null}},"type":"if","locations":[{"start":{"line":107,"column":2},"end":{"line":109,"column":null}},{"start":{},"end":{}}],"line":107},"10":{"loc":{"start":{"line":111,"column":2},"end":{"line":113,"column":null}},"type":"if","locations":[{"start":{"line":111,"column":2},"end":{"line":113,"column":null}},{"start":{},"end":{}}],"line":111},"11":{"loc":{"start":{"line":115,"column":9},"end":{"line":115,"column":null}},"type":"cond-expr","locations":[{"start":{"line":115,"column":28},"end":{"line":115,"column":47}},{"start":{"line":115,"column":47},"end":{"line":115,"column":null}}],"line":115}},"s":{"0":0,"1":0,"2":0,"3":0,"4":0,"5":0,"6":0,"7":0,"8":0,"9":0,"10":0,"11":0,"12":0,"13":0,"14":0,"15":0,"16":0,"17":0,"18":0,"19":0,"20":0,"21":0,"22":0,"23":0,"24":0,"25":0},"f":{"0":0,"1":0},"b":{"0":[0,0],"1":[0,0],"2":[0,0],"3":[0,0],"4":[0,0,0],"5":[0,0],"6":[0,0],"7":[0,0,0],"8":[0,0],"9":[0,0],"10":[0,0],"11":[0,0]},"meta":{"lastBranch":12,"lastFunction":2,"lastStatement":26,"seen":{"f:33:22:33:Infinity":0,"s:36:20:36:Infinity":0,"s:37:17:37:Infinity":1,"b:37:29:37:37:37:37:37:Infinity":0,"s:38:18:38:Infinity":2,"s:52:6:63:Infinity":3,"s:66:16:66:Infinity":4,"b:67:2:73:Infinity:69:2:73:Infinity":1,"s:67:2:73:Infinity":5,"s:68:4:68:Infinity":6,"b:69:2:73:Infinity:71:2:73:Infinity":2,"s:69:2:73:Infinity":7,"s:70:4:70:Infinity":8,"b:71:2:73:Infinity:undefined:undefined:undefined:undefined":3,"s:71:2:73:Infinity":9,"b:71:13:71:30:71:30:71:42:71:42:71:52":4,"s:72:4:72:Infinity":10,"s:76:31:76:Infinity":11,"b:77:2:81:Infinity:79:2:81:Infinity":5,"s:77:2:81:Infinity":12,"s:78:4:78:Infinity":13,"b:79:2:81:Infinity:undefined:undefined:undefined:undefined":6,"s:79:2:81:Infinity":14,"s:80:4:80:Infinity":15,"s:84:17:84:Infinity":16,"b:84:17:84:32:84:32:84:50:84:50:84:Infinity":7,"s:86:2:86:Infinity":17,"f:100:16:100:37":1,"s:101:26:101:Infinity":18,"b:103:2:105:Infinity:undefined:undefined:undefined:undefined":8,"s:103:2:105:Infinity":19,"s:104:4:104:Infinity":20,"b:107:2:109:Infinity:undefined:undefined:undefined:undefined":9,"s:107:2:109:Infinity":21,"s:108:4:108:Infinity":22,"b:111:2:113:Infinity:undefined:undefined:undefined:undefined":10,"s:111:2:113:Infinity":23,"s:112:4:112:Infinity":24,"s:115:2:115:Infinity":25,"b:115:28:115:47:115:47:115:Infinity":11}}},"C:\\Users\\buzzkill\\Documents\\vibeplug\\plugins\\goodvibes\\hooks\\scripts\\src\\automation\\build-runner.ts":{"path":"C:\\Users\\buzzkill\\Documents\\vibeplug\\plugins\\goodvibes\\hooks\\scripts\\src\\automation\\build-runner.ts","statementMap":{"0":{"start":{"line":15,"column":6},"end":{"line":15,"column":null}},"1":{"start":{"line":29,"column":54},"end":{"line":34,"column":null}},"2":{"start":{"line":37,"column":33},"end":{"line":37,"column":null}},"3":{"start":{"line":52,"column":45},"end":{"line":56,"column":null}},"4":{"start":{"line":57,"column":2},"end":{"line":59,"column":null}},"5":{"start":{"line":58,"column":4},"end":{"line":58,"column":null}},"6":{"start":{"line":62,"column":33},"end":{"line":65,"column":null}},"7":{"start":{"line":66,"column":2},"end":{"line":68,"column":null}},"8":{"start":{"line":67,"column":4},"end":{"line":67,"column":null}},"9":{"start":{"line":70,"column":2},"end":{"line":70,"column":null}},"10":{"start":{"line":87,"column":18},"end":{"line":87,"column":null}},"11":{"start":{"line":89,"column":2},"end":{"line":99,"column":null}},"12":{"start":{"line":90,"column":4},"end":{"line":90,"column":null}},"13":{"start":{"line":91,"column":4},"end":{"line":91,"column":null}},"14":{"start":{"line":93,"column":10},"end":{"line":93,"column":null}},"15":{"start":{"line":94,"column":4},"end":{"line":98,"column":null}},"16":{"start":{"line":116,"column":2},"end":{"line":126,"column":null}},"17":{"start":{"line":117,"column":4},"end":{"line":117,"column":null}},"18":{"start":{"line":118,"column":4},"end":{"line":118,"column":null}},"19":{"start":{"line":120,"column":10},"end":{"line":120,"column":null}},"20":{"start":{"line":121,"column":4},"end":{"line":125,"column":null}},"21":{"start":{"line":137,"column":40},"end":{"line":137,"column":null}},"22":{"start":{"line":138,"column":16},"end":{"line":138,"column":null}},"23":{"start":{"line":140,"column":2},"end":{"line":150,"column":null}},"24":{"start":{"line":142,"column":18},"end":{"line":142,"column":null}},"25":{"start":{"line":143,"column":4},"end":{"line":149,"column":null}},"26":{"start":{"line":144,"column":6},"end":{"line":148,"column":null}},"27":{"start":{"line":152,"column":2},"end":{"line":152,"column":null}}},"fnMap":{"0":{"name":"detectBuildCommand","decl":{"start":{"line":50,"column":22},"end":{"line":50,"column":41}},"loc":{"start":{"line":50,"column":71},"end":{"line":71,"column":null}},"line":50},"1":{"name":"runBuild","decl":{"start":{"line":86,"column":22},"end":{"line":86,"column":31}},"loc":{"start":{"line":86,"column":66},"end":{"line":100,"column":null}},"line":86},"2":{"name":"runTypeCheck","decl":{"start":{"line":115,"column":22},"end":{"line":115,"column":35}},"loc":{"start":{"line":115,"column":70},"end":{"line":127,"column":null}},"line":115},"3":{"name":"parseBuildErrors","decl":{"start":{"line":136,"column":9},"end":{"line":136,"column":26}},"loc":{"start":{"line":136,"column":65},"end":{"line":153,"column":null}},"line":136}},"branchMap":{"0":{"loc":{"start":{"line":57,"column":2},"end":{"line":59,"column":null}},"type":"if","locations":[{"start":{"line":57,"column":2},"end":{"line":59,"column":null}},{"start":{},"end":{}}],"line":57},"1":{"loc":{"start":{"line":57,"column":6},"end":{"line":57,"column":44}},"type":"binary-expr","locations":[{"start":{"line":57,"column":6},"end":{"line":57,"column":19}},{"start":{"line":57,"column":19},"end":{"line":57,"column":33}},{"start":{"line":57,"column":33},"end":{"line":57,"column":44}}],"line":57},"2":{"loc":{"start":{"line":66,"column":2},"end":{"line":68,"column":null}},"type":"if","locations":[{"start":{"line":66,"column":2},"end":{"line":68,"column":null}},{"start":{},"end":{}}],"line":66},"3":{"loc":{"start":{"line":66,"column":6},"end":{"line":66,"column":30}},"type":"binary-expr","locations":[{"start":{"line":66,"column":6},"end":{"line":66,"column":19}},{"start":{"line":66,"column":19},"end":{"line":66,"column":30}}],"line":66},"4":{"loc":{"start":{"line":143,"column":4},"end":{"line":149,"column":null}},"type":"if","locations":[{"start":{"line":143,"column":4},"end":{"line":149,"column":null}},{"start":{},"end":{}}],"line":143}},"s":{"0":0,"1":0,"2":0,"3":0,"4":0,"5":0,"6":0,"7":0,"8":0,"9":0,"10":0,"11":0,"12":0,"13":0,"14":0,"15":0,"16":0,"17":0,"18":0,"19":0,"20":0,"21":0,"22":0,"23":0,"24":0,"25":0,"26":0,"27":0},"f":{"0":0,"1":0,"2":0,"3":0},"b":{"0":[0,0],"1":[0,0,0],"2":[0,0],"3":[0,0],"4":[0,0]},"meta":{"lastBranch":5,"lastFunction":4,"lastStatement":28,"seen":{"s:15:6:15:Infinity":0,"s:29:54:34:Infinity":1,"s:37:33:37:Infinity":2,"f:50:22:50:41":0,"s:52:45:56:Infinity":3,"b:57:2:59:Infinity:undefined:undefined:undefined:undefined":0,"s:57:2:59:Infinity":4,"b:57:6:57:19:57:19:57:33:57:33:57:44":1,"s:58:4:58:Infinity":5,"s:62:33:65:Infinity":6,"b:66:2:68:Infinity:undefined:undefined:undefined:undefined":2,"s:66:2:68:Infinity":7,"b:66:6:66:19:66:19:66:30":3,"s:67:4:67:Infinity":8,"s:70:2:70:Infinity":9,"f:86:22:86:31":1,"s:87:18:87:Infinity":10,"s:89:2:99:Infinity":11,"s:90:4:90:Infinity":12,"s:91:4:91:Infinity":13,"s:93:10:93:Infinity":14,"s:94:4:98:Infinity":15,"f:115:22:115:35":2,"s:116:2:126:Infinity":16,"s:117:4:117:Infinity":17,"s:118:4:118:Infinity":18,"s:120:10:120:Infinity":19,"s:121:4:125:Infinity":20,"f:136:9:136:26":3,"s:137:40:137:Infinity":21,"s:138:16:138:Infinity":22,"s:140:2:150:Infinity":23,"s:142:18:142:Infinity":24,"b:143:4:149:Infinity:undefined:undefined:undefined:undefined":4,"s:143:4:149:Infinity":25,"s:144:6:148:Infinity":26,"s:152:2:152:Infinity":27}}},"C:\\Users\\buzzkill\\Documents\\vibeplug\\plugins\\goodvibes\\hooks\\scripts\\src\\automation\\test-runner.ts":{"path":"C:\\Users\\buzzkill\\Documents\\vibeplug\\plugins\\goodvibes\\hooks\\scripts\\src\\automation\\test-runner.ts","statementMap":{"0":{"start":{"line":15,"column":6},"end":{"line":15,"column":null}},"1":{"start":{"line":18,"column":30},"end":{"line":18,"column":null}},"2":{"start":{"line":44,"column":23},"end":{"line":51,"column":null}},"3":{"start":{"line":53,"column":2},"end":{"line":53,"column":null}},"4":{"start":{"line":53,"column":42},"end":{"line":53,"column":64}},"5":{"start":{"line":71,"column":2},"end":{"line":73,"column":null}},"6":{"start":{"line":72,"column":4},"end":{"line":72,"column":null}},"7":{"start":{"line":75,"column":2},"end":{"line":93,"column":null}},"8":{"start":{"line":76,"column":21},"end":{"line":76,"column":null}},"9":{"start":{"line":77,"column":4},"end":{"line":80,"column":null}},"10":{"start":{"line":81,"column":4},"end":{"line":85,"column":null}},"11":{"start":{"line":87,"column":10},"end":{"line":87,"column":null}},"12":{"start":{"line":88,"column":4},"end":{"line":92,"column":null}},"13":{"start":{"line":108,"column":2},"end":{"line":118,"column":null}},"14":{"start":{"line":109,"column":4},"end":{"line":109,"column":null}},"15":{"start":{"line":110,"column":4},"end":{"line":110,"column":null}},"16":{"start":{"line":112,"column":10},"end":{"line":112,"column":null}},"17":{"start":{"line":113,"column":4},"end":{"line":117,"column":null}},"18":{"start":{"line":129,"column":43},"end":{"line":129,"column":null}},"19":{"start":{"line":130,"column":16},"end":{"line":130,"column":null}},"20":{"start":{"line":132,"column":2},"end":{"line":143,"column":null}},"21":{"start":{"line":132,"column":15},"end":{"line":132,"column":18}},"22":{"start":{"line":133,"column":17},"end":{"line":133,"column":null}},"23":{"start":{"line":135,"column":22},"end":{"line":135,"column":null}},"24":{"start":{"line":136,"column":4},"end":{"line":142,"column":null}},"25":{"start":{"line":137,"column":6},"end":{"line":141,"column":null}},"26":{"start":{"line":145,"column":2},"end":{"line":145,"column":null}}},"fnMap":{"0":{"name":"findTestsForFile","decl":{"start":{"line":43,"column":16},"end":{"line":43,"column":33}},"loc":{"start":{"line":43,"column":63},"end":{"line":54,"column":null}},"line":43},"1":{"name":"(anonymous_1)","decl":{"start":{"line":53,"column":29},"end":{"line":53,"column":30}},"loc":{"start":{"line":53,"column":42},"end":{"line":53,"column":64}},"line":53},"2":{"name":"runTests","decl":{"start":{"line":70,"column":22},"end":{"line":70,"column":31}},"loc":{"start":{"line":70,"column":86},"end":{"line":94,"column":null}},"line":70},"3":{"name":"runFullTestSuite","decl":{"start":{"line":107,"column":22},"end":{"line":107,"column":39}},"loc":{"start":{"line":107,"column":73},"end":{"line":119,"column":null}},"line":107},"4":{"name":"parseTestFailures","decl":{"start":{"line":128,"column":9},"end":{"line":128,"column":27}},"loc":{"start":{"line":128,"column":67},"end":{"line":146,"column":null}},"line":128}},"branchMap":{"0":{"loc":{"start":{"line":71,"column":2},"end":{"line":73,"column":null}},"type":"if","locations":[{"start":{"line":71,"column":2},"end":{"line":73,"column":null}},{"start":{},"end":{}}],"line":71},"1":{"loc":{"start":{"line":136,"column":4},"end":{"line":142,"column":null}},"type":"if","locations":[{"start":{"line":136,"column":4},"end":{"line":142,"column":null}},{"start":{},"end":{}}],"line":136}},"s":{"0":0,"1":0,"2":0,"3":0,"4":0,"5":0,"6":0,"7":0,"8":0,"9":0,"10":0,"11":0,"12":0,"13":0,"14":0,"15":0,"16":0,"17":0,"18":0,"19":0,"20":0,"21":0,"22":0,"23":0,"24":0,"25":0,"26":0},"f":{"0":0,"1":0,"2":0,"3":0,"4":0},"b":{"0":[0,0],"1":[0,0]},"meta":{"lastBranch":2,"lastFunction":5,"lastStatement":27,"seen":{"s:15:6:15:Infinity":0,"s:18:30:18:Infinity":1,"f:43:16:43:33":0,"s:44:23:51:Infinity":2,"s:53:2:53:Infinity":3,"f:53:29:53:30":1,"s:53:42:53:64":4,"f:70:22:70:31":2,"b:71:2:73:Infinity:undefined:undefined:undefined:undefined":0,"s:71:2:73:Infinity":5,"s:72:4:72:Infinity":6,"s:75:2:93:Infinity":7,"s:76:21:76:Infinity":8,"s:77:4:80:Infinity":9,"s:81:4:85:Infinity":10,"s:87:10:87:Infinity":11,"s:88:4:92:Infinity":12,"f:107:22:107:39":3,"s:108:2:118:Infinity":13,"s:109:4:109:Infinity":14,"s:110:4:110:Infinity":15,"s:112:10:112:Infinity":16,"s:113:4:117:Infinity":17,"f:128:9:128:27":4,"s:129:43:129:Infinity":18,"s:130:16:130:Infinity":19,"s:132:2:143:Infinity":20,"s:132:15:132:18":21,"s:133:17:133:Infinity":22,"s:135:22:135:Infinity":23,"b:136:4:142:Infinity:undefined:undefined:undefined:undefined":1,"s:136:4:142:Infinity":24,"s:137:6:141:Infinity":25,"s:145:2:145:Infinity":26}}},"C:\\Users\\buzzkill\\Documents\\vibeplug\\plugins\\goodvibes\\hooks\\scripts\\src\\context\\health-checker.ts":{"path":"C:\\Users\\buzzkill\\Documents\\vibeplug\\plugins\\goodvibes\\hooks\\scripts\\src\\context\\health-checker.ts","statementMap":{"0":{"start":{"line":41,"column":32},"end":{"line":41,"column":null}},"1":{"start":{"line":44,"column":25},"end":{"line":44,"column":null}},"2":{"start":{"line":45,"column":25},"end":{"line":45,"column":null}},"3":{"start":{"line":47,"column":2},"end":{"line":53,"column":null}},"4":{"start":{"line":48,"column":4},"end":{"line":52,"column":null}},"5":{"start":{"line":56,"column":25},"end":{"line":61,"column":null}},"6":{"start":{"line":57,"column":32},"end":{"line":60,"column":6}},"7":{"start":{"line":62,"column":25},"end":{"line":64,"column":null}},"8":{"start":{"line":63,"column":28},"end":{"line":63,"column":34}},"9":{"start":{"line":64,"column":23},"end":{"line":64,"column":27}},"10":{"start":{"line":66,"column":2},"end":{"line":72,"column":null}},"11":{"start":{"line":67,"column":4},"end":{"line":71,"column":null}},"12":{"start":{"line":75,"column":23},"end":{"line":75,"column":null}},"13":{"start":{"line":76,"column":2},"end":{"line":95,"column":null}},"14":{"start":{"line":77,"column":4},"end":{"line":94,"column":null}},"15":{"start":{"line":78,"column":22},"end":{"line":78,"column":null}},"16":{"start":{"line":79,"column":30},"end":{"line":79,"column":null}},"17":{"start":{"line":81,"column":8},"end":{"line":83,"column":null}},"18":{"start":{"line":84,"column":6},"end":{"line":90,"column":null}},"19":{"start":{"line":85,"column":8},"end":{"line":89,"column":null}},"20":{"start":{"line":93,"column":6},"end":{"line":93,"column":null}},"21":{"start":{"line":97,"column":2},"end":{"line":97,"column":null}},"22":{"start":{"line":102,"column":2},"end":{"line":104,"column":null}},"23":{"start":{"line":103,"column":4},"end":{"line":103,"column":null}},"24":{"start":{"line":106,"column":16},"end":{"line":106,"column":null}},"25":{"start":{"line":107,"column":2},"end":{"line":115,"column":null}},"26":{"start":{"line":109,"column":6},"end":{"line":113,"column":null}},"27":{"start":{"line":114,"column":4},"end":{"line":114,"column":null}},"28":{"start":{"line":116,"column":2},"end":{"line":116,"column":null}}},"fnMap":{"0":{"name":"checkProjectHealth","decl":{"start":{"line":40,"column":22},"end":{"line":40,"column":41}},"loc":{"start":{"line":40,"column":77},"end":{"line":98,"column":null}},"line":40},"1":{"name":"(anonymous_1)","decl":{"start":{"line":57,"column":18},"end":{"line":57,"column":25}},"loc":{"start":{"line":57,"column":32},"end":{"line":60,"column":6}},"line":57},"2":{"name":"(anonymous_2)","decl":{"start":{"line":63,"column":12},"end":{"line":63,"column":13}},"loc":{"start":{"line":63,"column":28},"end":{"line":63,"column":34}},"line":63},"3":{"name":"(anonymous_3)","decl":{"start":{"line":64,"column":9},"end":{"line":64,"column":10}},"loc":{"start":{"line":64,"column":23},"end":{"line":64,"column":27}},"line":64},"4":{"name":"formatHealthStatus","decl":{"start":{"line":101,"column":16},"end":{"line":101,"column":35}},"loc":{"start":{"line":101,"column":65},"end":{"line":117,"column":null}},"line":101}},"branchMap":{"0":{"loc":{"start":{"line":47,"column":2},"end":{"line":53,"column":null}},"type":"if","locations":[{"start":{"line":47,"column":2},"end":{"line":53,"column":null}},{"start":{},"end":{}}],"line":47},"1":{"loc":{"start":{"line":47,"column":6},"end":{"line":47,"column":41}},"type":"binary-expr","locations":[{"start":{"line":47,"column":6},"end":{"line":47,"column":24}},{"start":{"line":47,"column":24},"end":{"line":47,"column":41}}],"line":47},"2":{"loc":{"start":{"line":66,"column":2},"end":{"line":72,"column":null}},"type":"if","locations":[{"start":{"line":66,"column":2},"end":{"line":72,"column":null}},{"start":{},"end":{}}],"line":66},"3":{"loc":{"start":{"line":76,"column":2},"end":{"line":95,"column":null}},"type":"if","locations":[{"start":{"line":76,"column":2},"end":{"line":95,"column":null}},{"start":{},"end":{}}],"line":76},"4":{"loc":{"start":{"line":81,"column":8},"end":{"line":83,"column":null}},"type":"cond-expr","locations":[{"start":{"line":82,"column":13},"end":{"line":82,"column":null}},{"start":{"line":83,"column":12},"end":{"line":83,"column":null}}],"line":81},"5":{"loc":{"start":{"line":81,"column":8},"end":{"line":81,"column":null}},"type":"binary-expr","locations":[{"start":{"line":81,"column":8},"end":{"line":81,"column":38}},{"start":{"line":81,"column":38},"end":{"line":81,"column":57}},{"start":{"line":81,"column":57},"end":{"line":81,"column":null}}],"line":81},"6":{"loc":{"start":{"line":84,"column":6},"end":{"line":90,"column":null}},"type":"if","locations":[{"start":{"line":84,"column":6},"end":{"line":90,"column":null}},{"start":{},"end":{}}],"line":84},"7":{"loc":{"start":{"line":102,"column":2},"end":{"line":104,"column":null}},"type":"if","locations":[{"start":{"line":102,"column":2},"end":{"line":104,"column":null}},{"start":{},"end":{}}],"line":102},"8":{"loc":{"start":{"line":109,"column":6},"end":{"line":113,"column":null}},"type":"cond-expr","locations":[{"start":{"line":110,"column":10},"end":{"line":110,"column":null}},{"start":{"line":111,"column":10},"end":{"line":113,"column":null}}],"line":109},"9":{"loc":{"start":{"line":111,"column":10},"end":{"line":113,"column":null}},"type":"cond-expr","locations":[{"start":{"line":112,"column":12},"end":{"line":112,"column":null}},{"start":{"line":113,"column":12},"end":{"line":113,"column":null}}],"line":111}},"s":{"0":0,"1":0,"2":0,"3":0,"4":0,"5":0,"6":0,"7":0,"8":0,"9":0,"10":0,"11":0,"12":0,"13":0,"14":0,"15":0,"16":0,"17":0,"18":0,"19":0,"20":0,"21":0,"22":0,"23":0,"24":0,"25":0,"26":0,"27":0,"28":0},"f":{"0":0,"1":0,"2":0,"3":0,"4":0},"b":{"0":[0,0],"1":[0,0],"2":[0,0],"3":[0,0],"4":[0,0],"5":[0,0,0],"6":[0,0],"7":[0,0],"8":[0,0],"9":[0,0]},"meta":{"lastBranch":10,"lastFunction":5,"lastStatement":29,"seen":{"f:40:22:40:41":0,"s:41:32:41:Infinity":0,"s:44:25:44:Infinity":1,"s:45:25:45:Infinity":2,"b:47:2:53:Infinity:undefined:undefined:undefined:undefined":0,"s:47:2:53:Infinity":3,"b:47:6:47:24:47:24:47:41":1,"s:48:4:52:Infinity":4,"s:56:25:61:Infinity":5,"f:57:18:57:25":1,"s:57:32:60:6":6,"s:62:25:64:Infinity":7,"f:63:12:63:13":2,"s:63:28:63:34":8,"f:64:9:64:10":3,"s:64:23:64:27":9,"b:66:2:72:Infinity:undefined:undefined:undefined:undefined":2,"s:66:2:72:Infinity":10,"s:67:4:71:Infinity":11,"s:75:23:75:Infinity":12,"b:76:2:95:Infinity:undefined:undefined:undefined:undefined":3,"s:76:2:95:Infinity":13,"s:77:4:94:Infinity":14,"s:78:22:78:Infinity":15,"s:79:30:79:Infinity":16,"s:81:8:83:Infinity":17,"b:82:13:82:Infinity:83:12:83:Infinity":4,"b:81:8:81:38:81:38:81:57:81:57:81:Infinity":5,"b:84:6:90:Infinity:undefined:undefined:undefined:undefined":6,"s:84:6:90:Infinity":18,"s:85:8:89:Infinity":19,"s:93:6:93:Infinity":20,"s:97:2:97:Infinity":21,"f:101:16:101:35":4,"b:102:2:104:Infinity:undefined:undefined:undefined:undefined":7,"s:102:2:104:Infinity":22,"s:103:4:103:Infinity":23,"s:106:16:106:Infinity":24,"s:107:2:115:Infinity":25,"s:109:6:113:Infinity":26,"b:110:10:110:Infinity:111:10:113:Infinity":8,"b:112:12:112:Infinity:113:12:113:Infinity":9,"s:114:4:114:Infinity":27,"s:116:2:116:Infinity":28}}},"C:\\Users\\buzzkill\\Documents\\vibeplug\\plugins\\goodvibes\\hooks\\scripts\\src\\context\\git-context.ts":{"path":"C:\\Users\\buzzkill\\Documents\\vibeplug\\plugins\\goodvibes\\hooks\\scripts\\src\\context\\git-context.ts","statementMap":{"0":{"start":{"line":14,"column":6},"end":{"line":14,"column":null}},"1":{"start":{"line":20,"column":26},"end":{"line":20,"column":null}},"2":{"start":{"line":42,"column":2},"end":{"line":54,"column":null}},"3":{"start":{"line":43,"column":23},"end":{"line":48,"column":null}},"4":{"start":{"line":49,"column":4},"end":{"line":49,"column":null}},"5":{"start":{"line":52,"column":4},"end":{"line":52,"column":null}},"6":{"start":{"line":53,"column":4},"end":{"line":53,"column":null}},"7":{"start":{"line":64,"column":2},"end":{"line":70,"column":null}},"8":{"start":{"line":65,"column":4},"end":{"line":65,"column":null}},"9":{"start":{"line":66,"column":4},"end":{"line":66,"column":null}},"10":{"start":{"line":68,"column":4},"end":{"line":68,"column":null}},"11":{"start":{"line":69,"column":4},"end":{"line":69,"column":null}},"12":{"start":{"line":87,"column":17},"end":{"line":87,"column":null}},"13":{"start":{"line":88,"column":17},"end":{"line":88,"column":null}},"14":{"start":{"line":90,"column":2},"end":{"line":100,"column":null}},"15":{"start":{"line":91,"column":4},"end":{"line":99,"column":null}},"16":{"start":{"line":102,"column":64},"end":{"line":108,"column":null}},"17":{"start":{"line":110,"column":8},"end":{"line":110,"column":null}},"18":{"start":{"line":111,"column":24},"end":{"line":111,"column":null}},"19":{"start":{"line":113,"column":62},"end":{"line":113,"column":null}},"20":{"start":{"line":114,"column":2},"end":{"line":117,"column":null}},"21":{"start":{"line":115,"column":28},"end":{"line":115,"column":null}},"22":{"start":{"line":116,"column":4},"end":{"line":116,"column":null}},"23":{"start":{"line":119,"column":2},"end":{"line":127,"column":null}},"24":{"start":{"line":142,"column":2},"end":{"line":144,"column":null}},"25":{"start":{"line":143,"column":4},"end":{"line":143,"column":null}},"26":{"start":{"line":146,"column":26},"end":{"line":146,"column":null}},"27":{"start":{"line":147,"column":2},"end":{"line":147,"column":null}},"28":{"start":{"line":149,"column":2},"end":{"line":151,"column":null}},"29":{"start":{"line":150,"column":4},"end":{"line":150,"column":null}},"30":{"start":{"line":153,"column":2},"end":{"line":160,"column":null}},"31":{"start":{"line":154,"column":4},"end":{"line":156,"column":null}},"32":{"start":{"line":155,"column":6},"end":{"line":155,"column":null}},"33":{"start":{"line":157,"column":4},"end":{"line":159,"column":null}},"34":{"start":{"line":158,"column":6},"end":{"line":158,"column":null}},"35":{"start":{"line":162,"column":2},"end":{"line":164,"column":null}},"36":{"start":{"line":163,"column":4},"end":{"line":163,"column":null}},"37":{"start":{"line":166,"column":2},"end":{"line":166,"column":null}}},"fnMap":{"0":{"name":"execGit","decl":{"start":{"line":41,"column":15},"end":{"line":41,"column":23}},"loc":{"start":{"line":41,"column":77},"end":{"line":55,"column":null}},"line":41},"1":{"name":"directoryExists","decl":{"start":{"line":63,"column":15},"end":{"line":63,"column":31}},"loc":{"start":{"line":63,"column":66},"end":{"line":71,"column":null}},"line":63},"2":{"name":"getGitContext","decl":{"start":{"line":86,"column":22},"end":{"line":86,"column":36}},"loc":{"start":{"line":86,"column":70},"end":{"line":128,"column":null}},"line":86},"3":{"name":"formatGitContext","decl":{"start":{"line":141,"column":16},"end":{"line":141,"column":33}},"loc":{"start":{"line":141,"column":62},"end":{"line":167,"column":null}},"line":141}},"branchMap":{"0":{"loc":{"start":{"line":90,"column":2},"end":{"line":100,"column":null}},"type":"if","locations":[{"start":{"line":90,"column":2},"end":{"line":100,"column":null}},{"start":{},"end":{}}],"line":90},"1":{"loc":{"start":{"line":110,"column":28},"end":{"line":110,"column":42}},"type":"binary-expr","locations":[{"start":{"line":110,"column":28},"end":{"line":110,"column":38}},{"start":{"line":110,"column":38},"end":{"line":110,"column":42}}],"line":110},"2":{"loc":{"start":{"line":111,"column":24},"end":{"line":111,"column":null}},"type":"cond-expr","locations":[{"start":{"line":111,"column":43},"end":{"line":111,"column":74}},{"start":{"line":111,"column":74},"end":{"line":111,"column":null}}],"line":111},"3":{"loc":{"start":{"line":114,"column":2},"end":{"line":117,"column":null}},"type":"if","locations":[{"start":{"line":114,"column":2},"end":{"line":117,"column":null}},{"start":{},"end":{}}],"line":114},"4":{"loc":{"start":{"line":142,"column":2},"end":{"line":144,"column":null}},"type":"if","locations":[{"start":{"line":142,"column":2},"end":{"line":144,"column":null}},{"start":{},"end":{}}],"line":142},"5":{"loc":{"start":{"line":147,"column":21},"end":{"line":147,"column":56}},"type":"binary-expr","locations":[{"start":{"line":147,"column":21},"end":{"line":147,"column":39}},{"start":{"line":147,"column":39},"end":{"line":147,"column":56}}],"line":147},"6":{"loc":{"start":{"line":149,"column":2},"end":{"line":151,"column":null}},"type":"if","locations":[{"start":{"line":149,"column":2},"end":{"line":151,"column":null}},{"start":{},"end":{}}],"line":149},"7":{"loc":{"start":{"line":153,"column":2},"end":{"line":160,"column":null}},"type":"if","locations":[{"start":{"line":153,"column":2},"end":{"line":160,"column":null}},{"start":{},"end":{}}],"line":153},"8":{"loc":{"start":{"line":154,"column":4},"end":{"line":156,"column":null}},"type":"if","locations":[{"start":{"line":154,"column":4},"end":{"line":156,"column":null}},{"start":{},"end":{}}],"line":154},"9":{"loc":{"start":{"line":157,"column":4},"end":{"line":159,"column":null}},"type":"if","locations":[{"start":{"line":157,"column":4},"end":{"line":159,"column":null}},{"start":{},"end":{}}],"line":157},"10":{"loc":{"start":{"line":162,"column":2},"end":{"line":164,"column":null}},"type":"if","locations":[{"start":{"line":162,"column":2},"end":{"line":164,"column":null}},{"start":{},"end":{}}],"line":162}},"s":{"0":0,"1":0,"2":0,"3":0,"4":0,"5":0,"6":0,"7":0,"8":0,"9":0,"10":0,"11":0,"12":0,"13":0,"14":0,"15":0,"16":0,"17":0,"18":0,"19":0,"20":0,"21":0,"22":0,"23":0,"24":0,"25":0,"26":0,"27":0,"28":0,"29":0,"30":0,"31":0,"32":0,"33":0,"34":0,"35":0,"36":0,"37":0},"f":{"0":0,"1":0,"2":0,"3":0},"b":{"0":[0,0],"1":[0,0],"2":[0,0],"3":[0,0],"4":[0,0],"5":[0,0],"6":[0,0],"7":[0,0],"8":[0,0],"9":[0,0],"10":[0,0]},"meta":{"lastBranch":11,"lastFunction":4,"lastStatement":38,"seen":{"s:14:6:14:Infinity":0,"s:20:26:20:Infinity":1,"f:41:15:41:23":0,"s:42:2:54:Infinity":2,"s:43:23:48:Infinity":3,"s:49:4:49:Infinity":4,"s:52:4:52:Infinity":5,"s:53:4:53:Infinity":6,"f:63:15:63:31":1,"s:64:2:70:Infinity":7,"s:65:4:65:Infinity":8,"s:66:4:66:Infinity":9,"s:68:4:68:Infinity":10,"s:69:4:69:Infinity":11,"f:86:22:86:36":2,"s:87:17:87:Infinity":12,"s:88:17:88:Infinity":13,"b:90:2:100:Infinity:undefined:undefined:undefined:undefined":0,"s:90:2:100:Infinity":14,"s:91:4:99:Infinity":15,"s:102:64:108:Infinity":16,"s:110:8:110:Infinity":17,"b:110:28:110:38:110:38:110:42":1,"s:111:24:111:Infinity":18,"b:111:43:111:74:111:74:111:Infinity":2,"s:113:62:113:Infinity":19,"b:114:2:117:Infinity:undefined:undefined:undefined:undefined":3,"s:114:2:117:Infinity":20,"s:115:28:115:Infinity":21,"s:116:4:116:Infinity":22,"s:119:2:127:Infinity":23,"f:141:16:141:33":3,"b:142:2:144:Infinity:undefined:undefined:undefined:undefined":4,"s:142:2:144:Infinity":24,"s:143:4:143:Infinity":25,"s:146:26:146:Infinity":26,"s:147:2:147:Infinity":27,"b:147:21:147:39:147:39:147:56":5,"b:149:2:151:Infinity:undefined:undefined:undefined:undefined":6,"s:149:2:151:Infinity":28,"s:150:4:150:Infinity":29,"b:153:2:160:Infinity:undefined:undefined:undefined:undefined":7,"s:153:2:160:Infinity":30,"b:154:4:156:Infinity:undefined:undefined:undefined:undefined":8,"s:154:4:156:Infinity":31,"s:155:6:155:Infinity":32,"b:157:4:159:Infinity:undefined:undefined:undefined:undefined":9,"s:157:4:159:Infinity":33,"s:158:6:158:Infinity":34,"b:162:2:164:Infinity:undefined:undefined:undefined:undefined":10,"s:162:2:164:Infinity":35,"s:163:4:163:Infinity":36,"s:166:2:166:Infinity":37}}},"C:\\Users\\buzzkill\\Documents\\vibeplug\\plugins\\goodvibes\\hooks\\scripts\\src\\automation\\fix-loop.ts":{"path":"C:\\Users\\buzzkill\\Documents\\vibeplug\\plugins\\goodvibes\\hooks\\scripts\\src\\automation\\fix-loop.ts","statementMap":{"0":{"start":{"line":33,"column":33},"end":{"line":33,"column":null}},"1":{"start":{"line":36,"column":32},"end":{"line":36,"column":null}},"2":{"start":{"line":39,"column":30},"end":{"line":39,"column":null}},"3":{"start":{"line":54,"column":16},"end":{"line":54,"column":null}},"4":{"start":{"line":56,"column":2},"end":{"line":62,"column":null}},"5":{"start":{"line":61,"column":4},"end":{"line":61,"column":null}},"6":{"start":{"line":63,"column":2},"end":{"line":68,"column":null}},"7":{"start":{"line":67,"column":4},"end":{"line":67,"column":null}},"8":{"start":{"line":69,"column":2},"end":{"line":71,"column":null}},"9":{"start":{"line":70,"column":4},"end":{"line":70,"column":null}},"10":{"start":{"line":72,"column":2},"end":{"line":74,"column":null}},"11":{"start":{"line":73,"column":4},"end":{"line":73,"column":null}},"12":{"start":{"line":75,"column":2},"end":{"line":77,"column":null}},"13":{"start":{"line":76,"column":4},"end":{"line":76,"column":null}},"14":{"start":{"line":78,"column":2},"end":{"line":80,"column":null}},"15":{"start":{"line":79,"column":4},"end":{"line":79,"column":null}},"16":{"start":{"line":81,"column":2},"end":{"line":87,"column":null}},"17":{"start":{"line":86,"column":4},"end":{"line":86,"column":null}},"18":{"start":{"line":88,"column":2},"end":{"line":94,"column":null}},"19":{"start":{"line":93,"column":4},"end":{"line":93,"column":null}},"20":{"start":{"line":96,"column":2},"end":{"line":96,"column":null}},"21":{"start":{"line":115,"column":2},"end":{"line":126,"column":null}},"22":{"start":{"line":143,"column":26},"end":{"line":143,"column":null}},"23":{"start":{"line":145,"column":2},"end":{"line":145,"column":null}},"24":{"start":{"line":146,"column":2},"end":{"line":146,"column":null}},"25":{"start":{"line":147,"column":2},"end":{"line":147,"column":null}},"26":{"start":{"line":148,"column":2},"end":{"line":148,"column":null}},"27":{"start":{"line":150,"column":2},"end":{"line":153,"column":null}},"28":{"start":{"line":151,"column":4},"end":{"line":151,"column":null}},"29":{"start":{"line":152,"column":4},"end":{"line":152,"column":null}},"30":{"start":{"line":155,"column":2},"end":{"line":158,"column":null}},"31":{"start":{"line":156,"column":4},"end":{"line":156,"column":null}},"32":{"start":{"line":157,"column":4},"end":{"line":157,"column":null}},"33":{"start":{"line":160,"column":2},"end":{"line":168,"column":null}},"34":{"start":{"line":161,"column":4},"end":{"line":161,"column":null}},"35":{"start":{"line":162,"column":4},"end":{"line":166,"column":null}},"36":{"start":{"line":165,"column":6},"end":{"line":165,"column":null}},"37":{"start":{"line":167,"column":4},"end":{"line":167,"column":null}},"38":{"start":{"line":170,"column":2},"end":{"line":170,"column":null}}},"fnMap":{"0":{"name":"categorizeError","decl":{"start":{"line":53,"column":16},"end":{"line":53,"column":32}},"loc":{"start":{"line":53,"column":69},"end":{"line":97,"column":null}},"line":53},"1":{"name":"createErrorState","decl":{"start":{"line":111,"column":16},"end":{"line":111,"column":null}},"loc":{"start":{"line":114,"column":14},"end":{"line":127,"column":null}},"line":114},"2":{"name":"buildFixContext","decl":{"start":{"line":142,"column":16},"end":{"line":142,"column":32}},"loc":{"start":{"line":142,"column":74},"end":{"line":171,"column":null}},"line":142}},"branchMap":{"0":{"loc":{"start":{"line":56,"column":2},"end":{"line":62,"column":null}},"type":"if","locations":[{"start":{"line":56,"column":2},"end":{"line":62,"column":null}},{"start":{},"end":{}}],"line":56},"1":{"loc":{"start":{"line":57,"column":4},"end":{"line":59,"column":null}},"type":"binary-expr","locations":[{"start":{"line":57,"column":4},"end":{"line":57,"column":null}},{"start":{"line":58,"column":4},"end":{"line":58,"column":null}},{"start":{"line":59,"column":4},"end":{"line":59,"column":null}}],"line":57},"2":{"loc":{"start":{"line":63,"column":2},"end":{"line":68,"column":null}},"type":"if","locations":[{"start":{"line":63,"column":2},"end":{"line":68,"column":null}},{"start":{},"end":{}}],"line":63},"3":{"loc":{"start":{"line":64,"column":4},"end":{"line":65,"column":null}},"type":"binary-expr","locations":[{"start":{"line":64,"column":4},"end":{"line":64,"column":null}},{"start":{"line":65,"column":5},"end":{"line":65,"column":32}},{"start":{"line":65,"column":32},"end":{"line":65,"column":null}}],"line":64},"4":{"loc":{"start":{"line":69,"column":2},"end":{"line":71,"column":null}},"type":"if","locations":[{"start":{"line":69,"column":2},"end":{"line":71,"column":null}},{"start":{},"end":{}}],"line":69},"5":{"loc":{"start":{"line":69,"column":6},"end":{"line":69,"column":56}},"type":"binary-expr","locations":[{"start":{"line":69,"column":6},"end":{"line":69,"column":32}},{"start":{"line":69,"column":32},"end":{"line":69,"column":56}}],"line":69},"6":{"loc":{"start":{"line":72,"column":2},"end":{"line":74,"column":null}},"type":"if","locations":[{"start":{"line":72,"column":2},"end":{"line":74,"column":null}},{"start":{},"end":{}}],"line":72},"7":{"loc":{"start":{"line":72,"column":6},"end":{"line":72,"column":60}},"type":"binary-expr","locations":[{"start":{"line":72,"column":6},"end":{"line":72,"column":33}},{"start":{"line":72,"column":33},"end":{"line":72,"column":60}}],"line":72},"8":{"loc":{"start":{"line":75,"column":2},"end":{"line":77,"column":null}},"type":"if","locations":[{"start":{"line":75,"column":2},"end":{"line":77,"column":null}},{"start":{},"end":{}}],"line":75},"9":{"loc":{"start":{"line":75,"column":6},"end":{"line":75,"column":63}},"type":"binary-expr","locations":[{"start":{"line":75,"column":6},"end":{"line":75,"column":34}},{"start":{"line":75,"column":34},"end":{"line":75,"column":63}}],"line":75},"10":{"loc":{"start":{"line":78,"column":2},"end":{"line":80,"column":null}},"type":"if","locations":[{"start":{"line":78,"column":2},"end":{"line":80,"column":null}},{"start":{},"end":{}}],"line":78},"11":{"loc":{"start":{"line":78,"column":6},"end":{"line":78,"column":61}},"type":"binary-expr","locations":[{"start":{"line":78,"column":6},"end":{"line":78,"column":36}},{"start":{"line":78,"column":36},"end":{"line":78,"column":61}}],"line":78},"12":{"loc":{"start":{"line":81,"column":2},"end":{"line":87,"column":null}},"type":"if","locations":[{"start":{"line":81,"column":2},"end":{"line":87,"column":null}},{"start":{},"end":{}}],"line":81},"13":{"loc":{"start":{"line":82,"column":4},"end":{"line":84,"column":null}},"type":"binary-expr","locations":[{"start":{"line":82,"column":4},"end":{"line":82,"column":null}},{"start":{"line":83,"column":4},"end":{"line":83,"column":null}},{"start":{"line":84,"column":4},"end":{"line":84,"column":null}}],"line":82},"14":{"loc":{"start":{"line":88,"column":2},"end":{"line":94,"column":null}},"type":"if","locations":[{"start":{"line":88,"column":2},"end":{"line":94,"column":null}},{"start":{},"end":{}}],"line":88},"15":{"loc":{"start":{"line":89,"column":4},"end":{"line":91,"column":null}},"type":"binary-expr","locations":[{"start":{"line":89,"column":4},"end":{"line":89,"column":null}},{"start":{"line":90,"column":4},"end":{"line":90,"column":null}},{"start":{"line":91,"column":4},"end":{"line":91,"column":null}}],"line":89},"16":{"loc":{"start":{"line":150,"column":2},"end":{"line":153,"column":null}},"type":"if","locations":[{"start":{"line":150,"column":2},"end":{"line":153,"column":null}},{"start":{},"end":{}}],"line":150},"17":{"loc":{"start":{"line":150,"column":6},"end":{"line":150,"column":53}},"type":"binary-expr","locations":[{"start":{"line":150,"column":6},"end":{"line":150,"column":26}},{"start":{"line":150,"column":26},"end":{"line":150,"column":53}}],"line":150},"18":{"loc":{"start":{"line":155,"column":2},"end":{"line":158,"column":null}},"type":"if","locations":[{"start":{"line":155,"column":2},"end":{"line":158,"column":null}},{"start":{},"end":{}}],"line":155},"19":{"loc":{"start":{"line":155,"column":6},"end":{"line":155,"column":63}},"type":"binary-expr","locations":[{"start":{"line":155,"column":6},"end":{"line":155,"column":34}},{"start":{"line":155,"column":34},"end":{"line":155,"column":63}}],"line":155},"20":{"loc":{"start":{"line":160,"column":2},"end":{"line":168,"column":null}},"type":"if","locations":[{"start":{"line":160,"column":2},"end":{"line":168,"column":null}},{"start":{},"end":{}}],"line":160}},"s":{"0":0,"1":0,"2":0,"3":0,"4":0,"5":0,"6":0,"7":0,"8":0,"9":0,"10":0,"11":0,"12":0,"13":0,"14":0,"15":0,"16":0,"17":0,"18":0,"19":0,"20":0,"21":0,"22":0,"23":0,"24":0,"25":0,"26":0,"27":0,"28":0,"29":0,"30":0,"31":0,"32":0,"33":0,"34":0,"35":0,"36":0,"37":0,"38":0},"f":{"0":0,"1":0,"2":0},"b":{"0":[0,0],"1":[0,0,0],"2":[0,0],"3":[0,0,0],"4":[0,0],"5":[0,0],"6":[0,0],"7":[0,0],"8":[0,0],"9":[0,0],"10":[0,0],"11":[0,0],"12":[0,0],"13":[0,0,0],"14":[0,0],"15":[0,0,0],"16":[0,0],"17":[0,0],"18":[0,0],"19":[0,0],"20":[0,0]},"meta":{"lastBranch":21,"lastFunction":3,"lastStatement":39,"seen":{"s:33:33:33:Infinity":0,"s:36:32:36:Infinity":1,"s:39:30:39:Infinity":2,"f:53:16:53:32":0,"s:54:16:54:Infinity":3,"b:56:2:62:Infinity:undefined:undefined:undefined:undefined":0,"s:56:2:62:Infinity":4,"b:57:4:57:Infinity:58:4:58:Infinity:59:4:59:Infinity":1,"s:61:4:61:Infinity":5,"b:63:2:68:Infinity:undefined:undefined:undefined:undefined":2,"s:63:2:68:Infinity":6,"b:64:4:64:Infinity:65:5:65:32:65:32:65:Infinity":3,"s:67:4:67:Infinity":7,"b:69:2:71:Infinity:undefined:undefined:undefined:undefined":4,"s:69:2:71:Infinity":8,"b:69:6:69:32:69:32:69:56":5,"s:70:4:70:Infinity":9,"b:72:2:74:Infinity:undefined:undefined:undefined:undefined":6,"s:72:2:74:Infinity":10,"b:72:6:72:33:72:33:72:60":7,"s:73:4:73:Infinity":11,"b:75:2:77:Infinity:undefined:undefined:undefined:undefined":8,"s:75:2:77:Infinity":12,"b:75:6:75:34:75:34:75:63":9,"s:76:4:76:Infinity":13,"b:78:2:80:Infinity:undefined:undefined:undefined:undefined":10,"s:78:2:80:Infinity":14,"b:78:6:78:36:78:36:78:61":11,"s:79:4:79:Infinity":15,"b:81:2:87:Infinity:undefined:undefined:undefined:undefined":12,"s:81:2:87:Infinity":16,"b:82:4:82:Infinity:83:4:83:Infinity:84:4:84:Infinity":13,"s:86:4:86:Infinity":17,"b:88:2:94:Infinity:undefined:undefined:undefined:undefined":14,"s:88:2:94:Infinity":18,"b:89:4:89:Infinity:90:4:90:Infinity:91:4:91:Infinity":15,"s:93:4:93:Infinity":19,"s:96:2:96:Infinity":20,"f:111:16:111:Infinity":1,"s:115:2:126:Infinity":21,"f:142:16:142:32":2,"s:143:26:143:Infinity":22,"s:145:2:145:Infinity":23,"s:146:2:146:Infinity":24,"s:147:2:147:Infinity":25,"s:148:2:148:Infinity":26,"b:150:2:153:Infinity:undefined:undefined:undefined:undefined":16,"s:150:2:153:Infinity":27,"b:150:6:150:26:150:26:150:53":17,"s:151:4:151:Infinity":28,"s:152:4:152:Infinity":29,"b:155:2:158:Infinity:undefined:undefined:undefined:undefined":18,"s:155:2:158:Infinity":30,"b:155:6:155:34:155:34:155:63":19,"s:156:4:156:Infinity":31,"s:157:4:157:Infinity":32,"b:160:2:168:Infinity:undefined:undefined:undefined:undefined":20,"s:160:2:168:Infinity":33,"s:161:4:161:Infinity":34,"s:162:4:166:Infinity":35,"s:165:6:165:Infinity":36,"s:167:4:167:Infinity":37,"s:170:2:170:Infinity":38}}},"C:\\Users\\buzzkill\\Documents\\vibeplug\\plugins\\goodvibes\\hooks\\scripts\\src\\context\\folder-structure-constants.ts":{"path":"C:\\Users\\buzzkill\\Documents\\vibeplug\\plugins\\goodvibes\\hooks\\scripts\\src\\context\\folder-structure-constants.ts","statementMap":{"0":{"start":{"line":6,"column":32},"end":{"line":13,"column":null}},"1":{"start":{"line":16,"column":34},"end":{"line":16,"column":null}},"2":{"start":{"line":19,"column":33},"end":{"line":19,"column":null}},"3":{"start":{"line":22,"column":30},"end":{"line":29,"column":null}},"4":{"start":{"line":32,"column":35},"end":{"line":32,"column":null}},"5":{"start":{"line":35,"column":41},"end":{"line":35,"column":null}},"6":{"start":{"line":38,"column":33},"end":{"line":38,"column":null}},"7":{"start":{"line":41,"column":40},"end":{"line":41,"column":null}}},"fnMap":{},"branchMap":{},"s":{"0":0,"1":0,"2":0,"3":0,"4":0,"5":0,"6":0,"7":0},"f":{},"b":{},"meta":{"lastBranch":0,"lastFunction":0,"lastStatement":8,"seen":{"s:6:32:13:Infinity":0,"s:16:34:16:Infinity":1,"s:19:33:19:Infinity":2,"s:22:30:29:Infinity":3,"s:32:35:32:Infinity":4,"s:35:41:35:Infinity":5,"s:38:33:38:Infinity":6,"s:41:40:41:Infinity":7}}},"C:\\Users\\buzzkill\\Documents\\vibeplug\\plugins\\goodvibes\\hooks\\scripts\\src\\context\\port-checker.ts":{"path":"C:\\Users\\buzzkill\\Documents\\vibeplug\\plugins\\goodvibes\\hooks\\scripts\\src\\context\\port-checker.ts","statementMap":{"0":{"start":{"line":13,"column":6},"end":{"line":13,"column":null}},"1":{"start":{"line":26,"column":32},"end":{"line":28,"column":null}},"2":{"start":{"line":34,"column":24},"end":{"line":34,"column":null}},"3":{"start":{"line":39,"column":25},"end":{"line":39,"column":null}},"4":{"start":{"line":58,"column":18},"end":{"line":58,"column":null}},"5":{"start":{"line":59,"column":16},"end":{"line":59,"column":null}},"6":{"start":{"line":61,"column":2},"end":{"line":116,"column":null}},"7":{"start":{"line":62,"column":20},"end":{"line":62,"column":null}},"8":{"start":{"line":63,"column":4},"end":{"line":65,"column":null}},"9":{"start":{"line":64,"column":6},"end":{"line":64,"column":null}},"10":{"start":{"line":69,"column":18},"end":{"line":69,"column":null}},"11":{"start":{"line":70,"column":4},"end":{"line":72,"column":null}},"12":{"start":{"line":71,"column":6},"end":{"line":71,"column":null}},"13":{"start":{"line":74,"column":22},"end":{"line":74,"column":null}},"14":{"start":{"line":75,"column":18},"end":{"line":75,"column":null}},"15":{"start":{"line":77,"column":4},"end":{"line":79,"column":null}},"16":{"start":{"line":78,"column":6},"end":{"line":78,"column":null}},"17":{"start":{"line":82,"column":22},"end":{"line":82,"column":null}},"18":{"start":{"line":83,"column":4},"end":{"line":85,"column":null}},"19":{"start":{"line":84,"column":6},"end":{"line":84,"column":null}},"20":{"start":{"line":87,"column":17},"end":{"line":87,"column":null}},"21":{"start":{"line":88,"column":4},"end":{"line":115,"column":null}},"22":{"start":{"line":90,"column":18},"end":{"line":90,"column":null}},"23":{"start":{"line":91,"column":24},"end":{"line":91,"column":null}},"24":{"start":{"line":93,"column":6},"end":{"line":112,"column":null}},"25":{"start":{"line":94,"column":8},"end":{"line":111,"column":null}},"26":{"start":{"line":95,"column":29},"end":{"line":102,"column":null}},"27":{"start":{"line":103,"column":24},"end":{"line":103,"column":null}},"28":{"start":{"line":104,"column":10},"end":{"line":106,"column":null}},"29":{"start":{"line":105,"column":12},"end":{"line":105,"column":null}},"30":{"start":{"line":108,"column":10},"end":{"line":110,"column":null}},"31":{"start":{"line":114,"column":6},"end":{"line":114,"column":null}},"32":{"start":{"line":118,"column":2},"end":{"line":118,"column":null}},"33":{"start":{"line":130,"column":18},"end":{"line":130,"column":null}},"34":{"start":{"line":131,"column":16},"end":{"line":131,"column":null}},"35":{"start":{"line":133,"column":2},"end":{"line":157,"column":null}},"36":{"start":{"line":134,"column":4},"end":{"line":136,"column":null}},"37":{"start":{"line":135,"column":6},"end":{"line":135,"column":null}},"38":{"start":{"line":139,"column":18},"end":{"line":139,"column":null}},"39":{"start":{"line":140,"column":4},"end":{"line":142,"column":null}},"40":{"start":{"line":141,"column":6},"end":{"line":141,"column":null}},"41":{"start":{"line":144,"column":20},"end":{"line":144,"column":null}},"42":{"start":{"line":145,"column":17},"end":{"line":145,"column":null}},"43":{"start":{"line":148,"column":22},"end":{"line":148,"column":null}},"44":{"start":{"line":149,"column":4},"end":{"line":151,"column":null}},"45":{"start":{"line":150,"column":6},"end":{"line":150,"column":null}},"46":{"start":{"line":153,"column":17},"end":{"line":153,"column":null}},"47":{"start":{"line":154,"column":4},"end":{"line":156,"column":null}},"48":{"start":{"line":155,"column":6},"end":{"line":155,"column":null}},"49":{"start":{"line":159,"column":2},"end":{"line":159,"column":null}},"50":{"start":{"line":174,"column":18},"end":{"line":174,"column":null}},"51":{"start":{"line":175,"column":16},"end":{"line":175,"column":null}},"52":{"start":{"line":177,"column":2},"end":{"line":198,"column":null}},"53":{"start":{"line":178,"column":20},"end":{"line":178,"column":null}},"54":{"start":{"line":179,"column":4},"end":{"line":181,"column":null}},"55":{"start":{"line":180,"column":6},"end":{"line":180,"column":null}},"56":{"start":{"line":184,"column":18},"end":{"line":184,"column":null}},"57":{"start":{"line":185,"column":4},"end":{"line":197,"column":null}},"58":{"start":{"line":186,"column":24},"end":{"line":186,"column":null}},"59":{"start":{"line":187,"column":6},"end":{"line":196,"column":null}},"60":{"start":{"line":188,"column":21},"end":{"line":188,"column":null}},"61":{"start":{"line":189,"column":8},"end":{"line":194,"column":null}},"62":{"start":{"line":191,"column":31},"end":{"line":191,"column":null}},"63":{"start":{"line":192,"column":30},"end":{"line":192,"column":null}},"64":{"start":{"line":193,"column":10},"end":{"line":193,"column":null}},"65":{"start":{"line":195,"column":8},"end":{"line":195,"column":null}},"66":{"start":{"line":200,"column":2},"end":{"line":200,"column":null}},"67":{"start":{"line":215,"column":2},"end":{"line":225,"column":null}},"68":{"start":{"line":216,"column":23},"end":{"line":220,"column":null}},"69":{"start":{"line":221,"column":4},"end":{"line":221,"column":null}},"70":{"start":{"line":223,"column":4},"end":{"line":223,"column":null}},"71":{"start":{"line":224,"column":4},"end":{"line":224,"column":null}},"72":{"start":{"line":237,"column":2},"end":{"line":257,"column":null}},"73":{"start":{"line":238,"column":21},"end":{"line":238,"column":null}},"74":{"start":{"line":238,"column":41},"end":{"line":238,"column":53}},"75":{"start":{"line":239,"column":23},"end":{"line":242,"column":null}},"76":{"start":{"line":243,"column":4},"end":{"line":243,"column":null}},"77":{"start":{"line":245,"column":4},"end":{"line":245,"column":null}},"78":{"start":{"line":247,"column":4},"end":{"line":256,"column":null}},"79":{"start":{"line":248,"column":25},"end":{"line":251,"column":null}},"80":{"start":{"line":252,"column":6},"end":{"line":252,"column":null}},"81":{"start":{"line":254,"column":6},"end":{"line":254,"column":null}},"82":{"start":{"line":255,"column":6},"end":{"line":255,"column":null}},"83":{"start":{"line":273,"column":19},"end":{"line":273,"column":null}},"84":{"start":{"line":276,"column":2},"end":{"line":280,"column":null}},"85":{"start":{"line":277,"column":4},"end":{"line":277,"column":null}},"86":{"start":{"line":279,"column":4},"end":{"line":279,"column":null}},"87":{"start":{"line":282,"column":2},"end":{"line":286,"column":null}},"88":{"start":{"line":282,"column":41},"end":{"line":286,"column":4}},"89":{"start":{"line":301,"column":22},"end":{"line":301,"column":null}},"90":{"start":{"line":301,"column":45},"end":{"line":301,"column":55}},"91":{"start":{"line":303,"column":2},"end":{"line":305,"column":null}},"92":{"start":{"line":304,"column":4},"end":{"line":304,"column":null}},"93":{"start":{"line":307,"column":19},"end":{"line":309,"column":null}},"94":{"start":{"line":308,"column":20},"end":{"line":308,"column":85}},"95":{"start":{"line":311,"column":2},"end":{"line":311,"column":null}}},"fnMap":{"0":{"name":"parseWindowsNetstat","decl":{"start":{"line":54,"column":15},"end":{"line":54,"column":null}},"loc":{"start":{"line":57,"column":32},"end":{"line":119,"column":null}},"line":57},"1":{"name":"parseUnixLsof","decl":{"start":{"line":129,"column":9},"end":{"line":129,"column":23}},"loc":{"start":{"line":129,"column":77},"end":{"line":160,"column":null}},"line":129},"2":{"name":"parseUnixNetstat","decl":{"start":{"line":170,"column":9},"end":{"line":170,"column":null}},"loc":{"start":{"line":173,"column":23},"end":{"line":201,"column":null}},"line":173},"3":{"name":"checkPortsWindows","decl":{"start":{"line":214,"column":15},"end":{"line":214,"column":33}},"loc":{"start":{"line":214,"column":80},"end":{"line":226,"column":null}},"line":214},"4":{"name":"checkPortsUnix","decl":{"start":{"line":235,"column":15},"end":{"line":235,"column":30}},"loc":{"start":{"line":235,"column":77},"end":{"line":258,"column":null}},"line":235},"5":{"name":"(anonymous_5)","decl":{"start":{"line":238,"column":31},"end":{"line":238,"column":32}},"loc":{"start":{"line":238,"column":41},"end":{"line":238,"column":53}},"line":238},"6":{"name":"checkPorts","decl":{"start":{"line":272,"column":22},"end":{"line":272,"column":33}},"loc":{"start":{"line":272,"column":68},"end":{"line":287,"column":null}},"line":272},"7":{"name":"(anonymous_7)","decl":{"start":{"line":282,"column":30},"end":{"line":282,"column":31}},"loc":{"start":{"line":282,"column":41},"end":{"line":286,"column":4}},"line":282},"8":{"name":"formatPortStatus","decl":{"start":{"line":300,"column":16},"end":{"line":300,"column":33}},"loc":{"start":{"line":300,"column":60},"end":{"line":312,"column":null}},"line":300},"9":{"name":"(anonymous_9)","decl":{"start":{"line":301,"column":35},"end":{"line":301,"column":36}},"loc":{"start":{"line":301,"column":45},"end":{"line":301,"column":55}},"line":301},"10":{"name":"(anonymous_10)","decl":{"start":{"line":308,"column":9},"end":{"line":308,"column":10}},"loc":{"start":{"line":308,"column":20},"end":{"line":308,"column":85}},"line":308}},"branchMap":{"0":{"loc":{"start":{"line":63,"column":4},"end":{"line":65,"column":null}},"type":"if","locations":[{"start":{"line":63,"column":4},"end":{"line":65,"column":null}},{"start":{},"end":{}}],"line":63},"1":{"loc":{"start":{"line":63,"column":8},"end":{"line":63,"column":49}},"type":"binary-expr","locations":[{"start":{"line":63,"column":8},"end":{"line":63,"column":20}},{"start":{"line":63,"column":20},"end":{"line":63,"column":49}}],"line":63},"2":{"loc":{"start":{"line":70,"column":4},"end":{"line":72,"column":null}},"type":"if","locations":[{"start":{"line":70,"column":4},"end":{"line":72,"column":null}},{"start":{},"end":{}}],"line":70},"3":{"loc":{"start":{"line":77,"column":4},"end":{"line":79,"column":null}},"type":"if","locations":[{"start":{"line":77,"column":4},"end":{"line":79,"column":null}},{"start":{},"end":{}}],"line":77},"4":{"loc":{"start":{"line":83,"column":4},"end":{"line":85,"column":null}},"type":"if","locations":[{"start":{"line":83,"column":4},"end":{"line":85,"column":null}},{"start":{},"end":{}}],"line":83},"5":{"loc":{"start":{"line":88,"column":4},"end":{"line":115,"column":null}},"type":"if","locations":[{"start":{"line":88,"column":4},"end":{"line":115,"column":null}},{"start":{},"end":{}}],"line":88},"6":{"loc":{"start":{"line":91,"column":24},"end":{"line":91,"column":null}},"type":"cond-expr","locations":[{"start":{"line":91,"column":30},"end":{"line":91,"column":45}},{"start":{"line":91,"column":45},"end":{"line":91,"column":null}}],"line":91},"7":{"loc":{"start":{"line":93,"column":6},"end":{"line":112,"column":null}},"type":"if","locations":[{"start":{"line":93,"column":6},"end":{"line":112,"column":null}},{"start":{},"end":{}}],"line":93},"8":{"loc":{"start":{"line":104,"column":10},"end":{"line":106,"column":null}},"type":"if","locations":[{"start":{"line":104,"column":10},"end":{"line":106,"column":null}},{"start":{},"end":{}}],"line":104},"9":{"loc":{"start":{"line":114,"column":24},"end":{"line":114,"column":48}},"type":"binary-expr","locations":[{"start":{"line":114,"column":24},"end":{"line":114,"column":39}},{"start":{"line":114,"column":39},"end":{"line":114,"column":48}}],"line":114},"10":{"loc":{"start":{"line":134,"column":4},"end":{"line":136,"column":null}},"type":"if","locations":[{"start":{"line":134,"column":4},"end":{"line":136,"column":null}},{"start":{},"end":{}}],"line":134},"11":{"loc":{"start":{"line":140,"column":4},"end":{"line":142,"column":null}},"type":"if","locations":[{"start":{"line":140,"column":4},"end":{"line":142,"column":null}},{"start":{},"end":{}}],"line":140},"12":{"loc":{"start":{"line":149,"column":4},"end":{"line":151,"column":null}},"type":"if","locations":[{"start":{"line":149,"column":4},"end":{"line":151,"column":null}},{"start":{},"end":{}}],"line":149},"13":{"loc":{"start":{"line":154,"column":4},"end":{"line":156,"column":null}},"type":"if","locations":[{"start":{"line":154,"column":4},"end":{"line":156,"column":null}},{"start":{},"end":{}}],"line":154},"14":{"loc":{"start":{"line":154,"column":8},"end":{"line":154,"column":52}},"type":"binary-expr","locations":[{"start":{"line":154,"column":8},"end":{"line":154,"column":32}},{"start":{"line":154,"column":32},"end":{"line":154,"column":52}}],"line":154},"15":{"loc":{"start":{"line":179,"column":4},"end":{"line":181,"column":null}},"type":"if","locations":[{"start":{"line":179,"column":4},"end":{"line":181,"column":null}},{"start":{},"end":{}}],"line":179},"16":{"loc":{"start":{"line":187,"column":6},"end":{"line":196,"column":null}},"type":"if","locations":[{"start":{"line":187,"column":6},"end":{"line":196,"column":null}},{"start":{},"end":{}}],"line":187},"17":{"loc":{"start":{"line":189,"column":8},"end":{"line":194,"column":null}},"type":"if","locations":[{"start":{"line":189,"column":8},"end":{"line":194,"column":null}},{"start":{},"end":{}}],"line":189},"18":{"loc":{"start":{"line":192,"column":30},"end":{"line":192,"column":null}},"type":"cond-expr","locations":[{"start":{"line":192,"column":45},"end":{"line":192,"column":63}},{"start":{"line":192,"column":63},"end":{"line":192,"column":null}}],"line":192},"19":{"loc":{"start":{"line":276,"column":2},"end":{"line":280,"column":null}},"type":"if","locations":[{"start":{"line":276,"column":2},"end":{"line":280,"column":null}},{"start":{"line":278,"column":9},"end":{"line":280,"column":null}}],"line":276},"20":{"loc":{"start":{"line":303,"column":2},"end":{"line":305,"column":null}},"type":"if","locations":[{"start":{"line":303,"column":2},"end":{"line":305,"column":null}},{"start":{},"end":{}}],"line":303},"21":{"loc":{"start":{"line":308,"column":20},"end":{"line":308,"column":85}},"type":"cond-expr","locations":[{"start":{"line":308,"column":35},"end":{"line":308,"column":70}},{"start":{"line":308,"column":70},"end":{"line":308,"column":85}}],"line":308}},"s":{"0":0,"1":0,"2":0,"3":0,"4":0,"5":0,"6":0,"7":0,"8":0,"9":0,"10":0,"11":0,"12":0,"13":0,"14":0,"15":0,"16":0,"17":0,"18":0,"19":0,"20":0,"21":0,"22":0,"23":0,"24":0,"25":0,"26":0,"27":0,"28":0,"29":0,"30":0,"31":0,"32":0,"33":0,"34":0,"35":0,"36":0,"37":0,"38":0,"39":0,"40":0,"41":0,"42":0,"43":0,"44":0,"45":0,"46":0,"47":0,"48":0,"49":0,"50":0,"51":0,"52":0,"53":0,"54":0,"55":0,"56":0,"57":0,"58":0,"59":0,"60":0,"61":0,"62":0,"63":0,"64":0,"65":0,"66":0,"67":0,"68":0,"69":0,"70":0,"71":0,"72":0,"73":0,"74":0,"75":0,"76":0,"77":0,"78":0,"79":0,"80":0,"81":0,"82":0,"83":0,"84":0,"85":0,"86":0,"87":0,"88":0,"89":0,"90":0,"91":0,"92":0,"93":0,"94":0,"95":0},"f":{"0":0,"1":0,"2":0,"3":0,"4":0,"5":0,"6":0,"7":0,"8":0,"9":0,"10":0},"b":{"0":[0,0],"1":[0,0],"2":[0,0],"3":[0,0],"4":[0,0],"5":[0,0],"6":[0,0],"7":[0,0],"8":[0,0],"9":[0,0],"10":[0,0],"11":[0,0],"12":[0,0],"13":[0,0],"14":[0,0],"15":[0,0],"16":[0,0],"17":[0,0],"18":[0,0],"19":[0,0],"20":[0,0],"21":[0,0]},"meta":{"lastBranch":22,"lastFunction":11,"lastStatement":96,"seen":{"s:13:6:13:Infinity":0,"s:26:32:28:Infinity":1,"s:34:24:34:Infinity":2,"s:39:25:39:Infinity":3,"f:54:15:54:Infinity":0,"s:58:18:58:Infinity":4,"s:59:16:59:Infinity":5,"s:61:2:116:Infinity":6,"s:62:20:62:Infinity":7,"b:63:4:65:Infinity:undefined:undefined:undefined:undefined":0,"s:63:4:65:Infinity":8,"b:63:8:63:20:63:20:63:49":1,"s:64:6:64:Infinity":9,"s:69:18:69:Infinity":10,"b:70:4:72:Infinity:undefined:undefined:undefined:undefined":2,"s:70:4:72:Infinity":11,"s:71:6:71:Infinity":12,"s:74:22:74:Infinity":13,"s:75:18:75:Infinity":14,"b:77:4:79:Infinity:undefined:undefined:undefined:undefined":3,"s:77:4:79:Infinity":15,"s:78:6:78:Infinity":16,"s:82:22:82:Infinity":17,"b:83:4:85:Infinity:undefined:undefined:undefined:undefined":4,"s:83:4:85:Infinity":18,"s:84:6:84:Infinity":19,"s:87:17:87:Infinity":20,"b:88:4:115:Infinity:undefined:undefined:undefined:undefined":5,"s:88:4:115:Infinity":21,"s:90:18:90:Infinity":22,"s:91:24:91:Infinity":23,"b:91:30:91:45:91:45:91:Infinity":6,"b:93:6:112:Infinity:undefined:undefined:undefined:undefined":7,"s:93:6:112:Infinity":24,"s:94:8:111:Infinity":25,"s:95:29:102:Infinity":26,"s:103:24:103:Infinity":27,"b:104:10:106:Infinity:undefined:undefined:undefined:undefined":8,"s:104:10:106:Infinity":28,"s:105:12:105:Infinity":29,"s:108:10:110:Infinity":30,"s:114:6:114:Infinity":31,"b:114:24:114:39:114:39:114:48":9,"s:118:2:118:Infinity":32,"f:129:9:129:23":1,"s:130:18:130:Infinity":33,"s:131:16:131:Infinity":34,"s:133:2:157:Infinity":35,"b:134:4:136:Infinity:undefined:undefined:undefined:undefined":10,"s:134:4:136:Infinity":36,"s:135:6:135:Infinity":37,"s:139:18:139:Infinity":38,"b:140:4:142:Infinity:undefined:undefined:undefined:undefined":11,"s:140:4:142:Infinity":39,"s:141:6:141:Infinity":40,"s:144:20:144:Infinity":41,"s:145:17:145:Infinity":42,"s:148:22:148:Infinity":43,"b:149:4:151:Infinity:undefined:undefined:undefined:undefined":12,"s:149:4:151:Infinity":44,"s:150:6:150:Infinity":45,"s:153:17:153:Infinity":46,"b:154:4:156:Infinity:undefined:undefined:undefined:undefined":13,"s:154:4:156:Infinity":47,"b:154:8:154:32:154:32:154:52":14,"s:155:6:155:Infinity":48,"s:159:2:159:Infinity":49,"f:170:9:170:Infinity":2,"s:174:18:174:Infinity":50,"s:175:16:175:Infinity":51,"s:177:2:198:Infinity":52,"s:178:20:178:Infinity":53,"b:179:4:181:Infinity:undefined:undefined:undefined:undefined":15,"s:179:4:181:Infinity":54,"s:180:6:180:Infinity":55,"s:184:18:184:Infinity":56,"s:185:4:197:Infinity":57,"s:186:24:186:Infinity":58,"b:187:6:196:Infinity:undefined:undefined:undefined:undefined":16,"s:187:6:196:Infinity":59,"s:188:21:188:Infinity":60,"b:189:8:194:Infinity:undefined:undefined:undefined:undefined":17,"s:189:8:194:Infinity":61,"s:191:31:191:Infinity":62,"s:192:30:192:Infinity":63,"b:192:45:192:63:192:63:192:Infinity":18,"s:193:10:193:Infinity":64,"s:195:8:195:Infinity":65,"s:200:2:200:Infinity":66,"f:214:15:214:33":3,"s:215:2:225:Infinity":67,"s:216:23:220:Infinity":68,"s:221:4:221:Infinity":69,"s:223:4:223:Infinity":70,"s:224:4:224:Infinity":71,"f:235:15:235:30":4,"s:237:2:257:Infinity":72,"s:238:21:238:Infinity":73,"f:238:31:238:32":5,"s:238:41:238:53":74,"s:239:23:242:Infinity":75,"s:243:4:243:Infinity":76,"s:245:4:245:Infinity":77,"s:247:4:256:Infinity":78,"s:248:25:251:Infinity":79,"s:252:6:252:Infinity":80,"s:254:6:254:Infinity":81,"s:255:6:255:Infinity":82,"f:272:22:272:33":6,"s:273:19:273:Infinity":83,"b:276:2:280:Infinity:278:9:280:Infinity":19,"s:276:2:280:Infinity":84,"s:277:4:277:Infinity":85,"s:279:4:279:Infinity":86,"s:282:2:286:Infinity":87,"f:282:30:282:31":7,"s:282:41:286:4":88,"f:300:16:300:33":8,"s:301:22:301:Infinity":89,"f:301:35:301:36":9,"s:301:45:301:55":90,"b:303:2:305:Infinity:undefined:undefined:undefined:undefined":20,"s:303:2:305:Infinity":91,"s:304:4:304:Infinity":92,"s:307:19:309:Infinity":93,"f:308:9:308:10":10,"s:308:20:308:85":94,"b:308:35:308:70:308:70:308:85":21,"s:311:2:311:Infinity":95}}},"C:\\Users\\buzzkill\\Documents\\vibeplug\\plugins\\goodvibes\\hooks\\scripts\\src\\context\\memory-loader.ts":{"path":"C:\\Users\\buzzkill\\Documents\\vibeplug\\plugins\\goodvibes\\hooks\\scripts\\src\\context\\memory-loader.ts","statementMap":{"0":{"start":{"line":22,"column":2},"end":{"line":28,"column":null}},"1":{"start":{"line":23,"column":17},"end":{"line":23,"column":null}},"2":{"start":{"line":24,"column":4},"end":{"line":24,"column":null}},"3":{"start":{"line":26,"column":4},"end":{"line":26,"column":null}},"4":{"start":{"line":27,"column":4},"end":{"line":27,"column":null}},"5":{"start":{"line":71,"column":19},"end":{"line":71,"column":null}},"6":{"start":{"line":77,"column":31},"end":{"line":77,"column":null}},"7":{"start":{"line":82,"column":29},"end":{"line":82,"column":null}},"8":{"start":{"line":87,"column":30},"end":{"line":87,"column":null}},"9":{"start":{"line":101,"column":19},"end":{"line":101,"column":null}},"10":{"start":{"line":102,"column":2},"end":{"line":109,"column":null}},"11":{"start":{"line":103,"column":4},"end":{"line":106,"column":null}},"12":{"start":{"line":104,"column":22},"end":{"line":104,"column":null}},"13":{"start":{"line":105,"column":6},"end":{"line":105,"column":null}},"14":{"start":{"line":108,"column":4},"end":{"line":108,"column":null}},"15":{"start":{"line":110,"column":2},"end":{"line":110,"column":null}},"16":{"start":{"line":122,"column":18},"end":{"line":122,"column":null}},"17":{"start":{"line":123,"column":28},"end":{"line":123,"column":null}},"18":{"start":{"line":125,"column":2},"end":{"line":140,"column":null}},"19":{"start":{"line":126,"column":4},"end":{"line":137,"column":null}},"20":{"start":{"line":127,"column":20},"end":{"line":127,"column":null}},"21":{"start":{"line":128,"column":6},"end":{"line":136,"column":null}},"22":{"start":{"line":129,"column":8},"end":{"line":135,"column":null}},"23":{"start":{"line":130,"column":27},"end":{"line":130,"column":null}},"24":{"start":{"line":131,"column":16},"end":{"line":131,"column":null}},"25":{"start":{"line":132,"column":10},"end":{"line":134,"column":null}},"26":{"start":{"line":133,"column":12},"end":{"line":133,"column":null}},"27":{"start":{"line":139,"column":4},"end":{"line":139,"column":null}},"28":{"start":{"line":142,"column":2},"end":{"line":142,"column":null}},"29":{"start":{"line":159,"column":21},"end":{"line":159,"column":null}},"30":{"start":{"line":162,"column":2},"end":{"line":170,"column":null}},"31":{"start":{"line":163,"column":4},"end":{"line":169,"column":null}},"32":{"start":{"line":174,"column":4},"end":{"line":180,"column":null}},"33":{"start":{"line":182,"column":2},"end":{"line":188,"column":null}},"34":{"start":{"line":203,"column":29},"end":{"line":203,"column":null}},"35":{"start":{"line":206,"column":2},"end":{"line":212,"column":null}},"36":{"start":{"line":207,"column":19},"end":{"line":207,"column":null}},"37":{"start":{"line":208,"column":26},"end":{"line":210,"column":null}},"38":{"start":{"line":209,"column":13},"end":{"line":209,"column":null}},"39":{"start":{"line":211,"column":4},"end":{"line":211,"column":null}},"40":{"start":{"line":215,"column":2},"end":{"line":220,"column":null}},"41":{"start":{"line":216,"column":25},"end":{"line":218,"column":null}},"42":{"start":{"line":218,"column":24},"end":{"line":218,"column":71}},"43":{"start":{"line":219,"column":4},"end":{"line":219,"column":null}},"44":{"start":{"line":223,"column":2},"end":{"line":233,"column":null}},"45":{"start":{"line":224,"column":19},"end":{"line":224,"column":null}},"46":{"start":{"line":225,"column":25},"end":{"line":231,"column":null}},"47":{"start":{"line":226,"column":17},"end":{"line":226,"column":null}},"48":{"start":{"line":227,"column":6},"end":{"line":229,"column":null}},"49":{"start":{"line":228,"column":8},"end":{"line":228,"column":null}},"50":{"start":{"line":230,"column":6},"end":{"line":230,"column":null}},"51":{"start":{"line":232,"column":4},"end":{"line":232,"column":null}},"52":{"start":{"line":236,"column":30},"end":{"line":236,"column":null}},"53":{"start":{"line":237,"column":2},"end":{"line":244,"column":null}},"54":{"start":{"line":241,"column":4},"end":{"line":243,"column":null}},"55":{"start":{"line":245,"column":2},"end":{"line":250,"column":null}},"56":{"start":{"line":249,"column":4},"end":{"line":249,"column":null}},"57":{"start":{"line":251,"column":2},"end":{"line":258,"column":null}},"58":{"start":{"line":252,"column":17},"end":{"line":254,"column":null}},"59":{"start":{"line":253,"column":27},"end":{"line":253,"column":43}},"60":{"start":{"line":255,"column":4},"end":{"line":257,"column":null}},"61":{"start":{"line":256,"column":6},"end":{"line":256,"column":null}},"62":{"start":{"line":259,"column":2},"end":{"line":261,"column":null}},"63":{"start":{"line":260,"column":4},"end":{"line":260,"column":null}},"64":{"start":{"line":264,"column":2},"end":{"line":266,"column":null}},"65":{"start":{"line":265,"column":4},"end":{"line":265,"column":null}},"66":{"start":{"line":268,"column":2},"end":{"line":268,"column":null}}},"fnMap":{"0":{"name":"isDirectory","decl":{"start":{"line":21,"column":15},"end":{"line":21,"column":27}},"loc":{"start":{"line":21,"column":63},"end":{"line":29,"column":null}},"line":21},"1":{"name":"loadJsonFile","decl":{"start":{"line":97,"column":15},"end":{"line":97,"column":null}},"loc":{"start":{"line":100,"column":21},"end":{"line":111,"column":null}},"line":100},"2":{"name":"loadTextFiles","decl":{"start":{"line":121,"column":15},"end":{"line":121,"column":29}},"loc":{"start":{"line":121,"column":77},"end":{"line":143,"column":null}},"line":121},"3":{"name":"loadMemory","decl":{"start":{"line":158,"column":22},"end":{"line":158,"column":33}},"loc":{"start":{"line":158,"column":70},"end":{"line":189,"column":null}},"line":158},"4":{"name":"formatMemory","decl":{"start":{"line":202,"column":16},"end":{"line":202,"column":29}},"loc":{"start":{"line":202,"column":67},"end":{"line":269,"column":null}},"line":202},"5":{"name":"(anonymous_5)","decl":{"start":{"line":209,"column":6},"end":{"line":209,"column":7}},"loc":{"start":{"line":209,"column":13},"end":{"line":209,"column":null}},"line":209},"6":{"name":"(anonymous_6)","decl":{"start":{"line":218,"column":11},"end":{"line":218,"column":12}},"loc":{"start":{"line":218,"column":24},"end":{"line":218,"column":71}},"line":218},"7":{"name":"(anonymous_7)","decl":{"start":{"line":225,"column":36},"end":{"line":225,"column":37}},"loc":{"start":{"line":225,"column":49},"end":{"line":231,"column":5}},"line":225},"8":{"name":"(anonymous_8)","decl":{"start":{"line":253,"column":11},"end":{"line":253,"column":12}},"loc":{"start":{"line":253,"column":27},"end":{"line":253,"column":43}},"line":253}},"branchMap":{"0":{"loc":{"start":{"line":103,"column":4},"end":{"line":106,"column":null}},"type":"if","locations":[{"start":{"line":103,"column":4},"end":{"line":106,"column":null}},{"start":{},"end":{}}],"line":103},"1":{"loc":{"start":{"line":126,"column":4},"end":{"line":137,"column":null}},"type":"if","locations":[{"start":{"line":126,"column":4},"end":{"line":137,"column":null}},{"start":{},"end":{}}],"line":126},"2":{"loc":{"start":{"line":126,"column":9},"end":{"line":126,"column":69}},"type":"binary-expr","locations":[{"start":{"line":126,"column":9},"end":{"line":126,"column":40}},{"start":{"line":126,"column":40},"end":{"line":126,"column":69}}],"line":126},"3":{"loc":{"start":{"line":129,"column":8},"end":{"line":135,"column":null}},"type":"if","locations":[{"start":{"line":129,"column":8},"end":{"line":135,"column":null}},{"start":{},"end":{}}],"line":129},"4":{"loc":{"start":{"line":129,"column":12},"end":{"line":129,"column":59}},"type":"binary-expr","locations":[{"start":{"line":129,"column":12},"end":{"line":129,"column":36}},{"start":{"line":129,"column":36},"end":{"line":129,"column":59}}],"line":129},"5":{"loc":{"start":{"line":132,"column":10},"end":{"line":134,"column":null}},"type":"if","locations":[{"start":{"line":132,"column":10},"end":{"line":134,"column":null}},{"start":{},"end":{}}],"line":132},"6":{"loc":{"start":{"line":162,"column":2},"end":{"line":170,"column":null}},"type":"if","locations":[{"start":{"line":162,"column":2},"end":{"line":170,"column":null}},{"start":{},"end":{}}],"line":162},"7":{"loc":{"start":{"line":183,"column":15},"end":{"line":183,"column":null}},"type":"binary-expr","locations":[{"start":{"line":183,"column":15},"end":{"line":183,"column":28}},{"start":{"line":183,"column":28},"end":{"line":183,"column":null}}],"line":183},"8":{"loc":{"start":{"line":184,"column":14},"end":{"line":184,"column":null}},"type":"binary-expr","locations":[{"start":{"line":184,"column":14},"end":{"line":184,"column":26}},{"start":{"line":184,"column":26},"end":{"line":184,"column":null}}],"line":184},"9":{"loc":{"start":{"line":185,"column":14},"end":{"line":185,"column":null}},"type":"binary-expr","locations":[{"start":{"line":185,"column":14},"end":{"line":185,"column":26}},{"start":{"line":185,"column":26},"end":{"line":185,"column":null}}],"line":185},"10":{"loc":{"start":{"line":186,"column":17},"end":{"line":186,"column":null}},"type":"binary-expr","locations":[{"start":{"line":186,"column":17},"end":{"line":186,"column":32}},{"start":{"line":186,"column":32},"end":{"line":186,"column":null}}],"line":186},"11":{"loc":{"start":{"line":206,"column":2},"end":{"line":212,"column":null}},"type":"if","locations":[{"start":{"line":206,"column":2},"end":{"line":212,"column":null}},{"start":{},"end":{}}],"line":206},"12":{"loc":{"start":{"line":209,"column":34},"end":{"line":209,"column":72}},"type":"cond-expr","locations":[{"start":{"line":209,"column":48},"end":{"line":209,"column":70}},{"start":{"line":209,"column":70},"end":{"line":209,"column":72}}],"line":209},"13":{"loc":{"start":{"line":215,"column":2},"end":{"line":220,"column":null}},"type":"if","locations":[{"start":{"line":215,"column":2},"end":{"line":220,"column":null}},{"start":{},"end":{}}],"line":215},"14":{"loc":{"start":{"line":223,"column":2},"end":{"line":233,"column":null}},"type":"if","locations":[{"start":{"line":223,"column":2},"end":{"line":233,"column":null}},{"start":{},"end":{}}],"line":223},"15":{"loc":{"start":{"line":227,"column":6},"end":{"line":229,"column":null}},"type":"if","locations":[{"start":{"line":227,"column":6},"end":{"line":229,"column":null}},{"start":{},"end":{}}],"line":227},"16":{"loc":{"start":{"line":237,"column":2},"end":{"line":244,"column":null}},"type":"if","locations":[{"start":{"line":237,"column":2},"end":{"line":244,"column":null}},{"start":{},"end":{}}],"line":237},"17":{"loc":{"start":{"line":238,"column":4},"end":{"line":239,"column":null}},"type":"binary-expr","locations":[{"start":{"line":238,"column":4},"end":{"line":238,"column":null}},{"start":{"line":239,"column":4},"end":{"line":239,"column":null}}],"line":238},"18":{"loc":{"start":{"line":245,"column":2},"end":{"line":250,"column":null}},"type":"if","locations":[{"start":{"line":245,"column":2},"end":{"line":250,"column":null}},{"start":{},"end":{}}],"line":245},"19":{"loc":{"start":{"line":246,"column":4},"end":{"line":247,"column":null}},"type":"binary-expr","locations":[{"start":{"line":246,"column":4},"end":{"line":246,"column":null}},{"start":{"line":247,"column":4},"end":{"line":247,"column":null}}],"line":246},"20":{"loc":{"start":{"line":251,"column":2},"end":{"line":258,"column":null}},"type":"if","locations":[{"start":{"line":251,"column":2},"end":{"line":258,"column":null}},{"start":{},"end":{}}],"line":251},"21":{"loc":{"start":{"line":255,"column":4},"end":{"line":257,"column":null}},"type":"if","locations":[{"start":{"line":255,"column":4},"end":{"line":257,"column":null}},{"start":{},"end":{}}],"line":255},"22":{"loc":{"start":{"line":259,"column":2},"end":{"line":261,"column":null}},"type":"if","locations":[{"start":{"line":259,"column":2},"end":{"line":261,"column":null}},{"start":{},"end":{}}],"line":259},"23":{"loc":{"start":{"line":264,"column":2},"end":{"line":266,"column":null}},"type":"if","locations":[{"start":{"line":264,"column":2},"end":{"line":266,
[...]
:196:Infinity":33,"s:197:2:197:Infinity":34,"s:198:2:200:Infinity":35,"f:206:22:206:Infinity":7,"s:210:16:210:Infinity":36,"s:211:16:211:Infinity":37,"b:213:2:218:Infinity:undefined:undefined:undefined:undefined":10,"s:213:2:218:Infinity":38,"s:214:4:214:Infinity":39,"s:215:4:215:Infinity":40,"s:216:4:216:Infinity":41,"s:217:4:217:Infinity":42,"s:220:2:220:Infinity":43,"s:221:2:221:Infinity":44,"f:225:22:225:Infinity":8,"s:228:16:228:Infinity":45,"s:229:14:229:Infinity":46,"s:230:16:230:Infinity":47,"s:232:2:238:Infinity":48,"s:233:22:233:Infinity":49,"b:234:4:237:Infinity:undefined:undefined:undefined:undefined":11,"s:234:4:237:Infinity":50,"s:235:6:235:Infinity":51,"s:236:6:236:Infinity":52,"b:240:2:243:Infinity:undefined:undefined:undefined:undefined":12,"s:240:2:243:Infinity":53,"s:241:4:241:Infinity":54,"s:242:4:242:Infinity":55,"s:245:2:245:Infinity":56}}},"C:\\Users\\buzzkill\\Documents\\vibeplug\\plugins\\goodvibes\\hooks\\scripts\\src\\telemetry\\transcript.ts":{"path":"C:\\Users\\buzzkill\\Documents\\vibeplug\\plugins\\goodvibes\\hooks\\scripts\\src\\telemetry\\transcript.ts","statementMap":{"0":{"start":{"line":20,"column":33},"end":{"line":20,"column":null}},"1":{"start":{"line":23,"column":22},"end":{"line":28,"column":null}},"2":{"start":{"line":51,"column":34},"end":{"line":51,"column":null}},"3":{"start":{"line":63,"column":35},"end":{"line":68,"column":null}},"4":{"start":{"line":70,"column":2},"end":{"line":73,"column":null}},"5":{"start":{"line":71,"column":4},"end":{"line":71,"column":null}},"6":{"start":{"line":72,"column":4},"end":{"line":72,"column":null}},"7":{"start":{"line":75,"column":2},"end":{"line":101,"column":null}},"8":{"start":{"line":76,"column":20},"end":{"line":76,"column":null}},"9":{"start":{"line":79,"column":18},"end":{"line":79,"column":null}},"10":{"start":{"line":79,"column":55},"end":{"line":79,"column":66}},"11":{"start":{"line":81,"column":4},"end":{"line":92,"column":null}},"12":{"start":{"line":82,"column":6},"end":{"line":91,"column":null}},"13":{"start":{"line":83,"column":31},"end":{"line":83,"column":null}},"14":{"start":{"line":84,"column":8},"end":{"line":86,"column":null}},"15":{"start":{"line":85,"column":10},"end":{"line":85,"column":null}},"16":{"start":{"line":89,"column":8},"end":{"line":89,"column":null}},"17":{"start":{"line":90,"column":8},"end":{"line":90,"column":null}},"18":{"start":{"line":95,"column":23},"end":{"line":95,"column":null}},"19":{"start":{"line":96,"column":4},"end":{"line":98,"column":null}},"20":{"start":{"line":97,"column":6},"end":{"line":97,"column":null}},"21":{"start":{"line":100,"column":4},"end":{"line":100,"column":null}},"22":{"start":{"line":104,"column":2},"end":{"line":104,"column":null}},"23":{"start":{"line":105,"column":2},"end":{"line":105,"column":null}},"24":{"start":{"line":106,"column":2},"end":{"line":106,"column":null}},"25":{"start":{"line":108,"column":2},"end":{"line":108,"column":null}},"26":{"start":{"line":118,"column":2},"end":{"line":118,"column":null}},"27":{"start":{"line":119,"column":2},"end":{"line":119,"column":null}},"28":{"start":{"line":120,"column":2},"end":{"line":120,"column":null}},"29":{"start":{"line":130,"column":20},"end":{"line":130,"column":null}},"30":{"start":{"line":131,"column":2},"end":{"line":133,"column":null}},"31":{"start":{"line":132,"column":4},"end":{"line":132,"column":null}},"32":{"start":{"line":135,"column":20},"end":{"line":135,"column":null}},"33":{"start":{"line":136,"column":2},"end":{"line":138,"column":null}},"34":{"start":{"line":137,"column":4},"end":{"line":137,"column":null}},"35":{"start":{"line":140,"column":2},"end":{"line":140,"column":null}},"36":{"start":{"line":144,"column":4},"end":{"line":147,"column":null}},"37":{"start":{"line":149,"column":2},"end":{"line":154,"column":null}},"38":{"start":{"line":150,"column":21},"end":{"line":150,"column":null}},"39":{"start":{"line":151,"column":4},"end":{"line":153,"column":null}},"40":{"start":{"line":152,"column":6},"end":{"line":152,"column":null}},"41":{"start":{"line":163,"column":16},"end":{"line":163,"column":null}},"42":{"start":{"line":164,"column":2},"end":{"line":166,"column":null}},"43":{"start":{"line":165,"column":4},"end":{"line":165,"column":null}},"44":{"start":{"line":168,"column":19},"end":{"line":168,"column":null}},"45":{"start":{"line":169,"column":19},"end":{"line":169,"column":null}},"46":{"start":{"line":171,"column":2},"end":{"line":171,"column":null}},"47":{"start":{"line":181,"column":2},"end":{"line":183,"column":null}},"48":{"start":{"line":182,"column":4},"end":{"line":182,"column":null}},"49":{"start":{"line":193,"column":15},"end":{"line":195,"column":null}},"50":{"start":{"line":197,"column":4},"end":{"line":199,"column":null}},"51":{"start":{"line":201,"column":2},"end":{"line":203,"column":null}},"52":{"start":{"line":202,"column":4},"end":{"line":202,"column":null}},"53":{"start":{"line":210,"column":20},"end":{"line":210,"column":null}},"54":{"start":{"line":213,"column":2},"end":{"line":218,"column":null}},"55":{"start":{"line":214,"column":18},"end":{"line":214,"column":null}},"56":{"start":{"line":215,"column":4},"end":{"line":217,"column":null}},"57":{"start":{"line":216,"column":6},"end":{"line":216,"column":null}},"58":{"start":{"line":221,"column":23},"end":{"line":224,"column":null}},"59":{"start":{"line":226,"column":2},"end":{"line":231,"column":null}},"60":{"start":{"line":227,"column":18},"end":{"line":227,"column":null}},"61":{"start":{"line":228,"column":4},"end":{"line":230,"column":null}},"62":{"start":{"line":229,"column":6},"end":{"line":229,"column":null}},"63":{"start":{"line":234,"column":2},"end":{"line":240,"column":null}},"64":{"start":{"line":239,"column":4},"end":{"line":239,"column":null}},"65":{"start":{"line":248,"column":19},"end":{"line":251,"column":null}},"66":{"start":{"line":255,"column":2},"end":{"line":260,"column":null}},"67":{"start":{"line":257,"column":4},"end":{"line":259,"column":null}},"68":{"start":{"line":258,"column":6},"end":{"line":258,"column":null}},"69":{"start":{"line":263,"column":2},"end":{"line":265,"column":null}},"70":{"start":{"line":264,"column":4},"end":{"line":264,"column":null}},"71":{"start":{"line":267,"column":2},"end":{"line":267,"column":null}},"72":{"start":{"line":283,"column":2},"end":{"line":287,"column":null}}},"fnMap":{"0":{"name":"parseTranscript","decl":{"start":{"line":60,"column":22},"end":{"line":60,"column":null}},"loc":{"start":{"line":62,"column":29},"end":{"line":109,"column":null}},"line":62},"1":{"name":"(anonymous_1)","decl":{"start":{"line":79,"column":45},"end":{"line":79,"column":46}},"loc":{"start":{"line":79,"column":55},"end":{"line":79,"column":66}},"line":79},"2":{"name":"processTranscriptEntry","decl":{"start":{"line":114,"column":9},"end":{"line":114,"column":null}},"loc":{"start":{"line":117,"column":8},"end":{"line":121,"column":null}},"line":117},"3":{"name":"processToolUsage","decl":{"start":{"line":126,"column":9},"end":{"line":126,"column":null}},"loc":{"start":{"line":129,"column":8},"end":{"line":155,"column":null}},"line":129},"4":{"name":"extractFilePathFromEntry","decl":{"start":{"line":160,"column":9},"end":{"line":160,"column":null}},"loc":{"start":{"line":162,"column":17},"end":{"line":172,"column":null}},"line":162},"5":{"name":"processErrors","decl":{"start":{"line":177,"column":9},"end":{"line":177,"column":null}},"loc":{"start":{"line":180,"column":8},"end":{"line":184,"column":null}},"line":180},"6":{"name":"processSuccessIndicators","decl":{"start":{"line":189,"column":9},"end":{"line":189,"column":null}},"loc":{"start":{"line":192,"column":8},"end":{"line":204,"column":null}},"line":192},"7":{"name":"processPlainTextLine","decl":{"start":{"line":209,"column":9},"end":{"line":209,"column":30}},"loc":{"start":{"line":209,"column":76},"end":{"line":241,"column":null}},"line":209},"8":{"name":"extractLastOutput","decl":{"start":{"line":246,"column":9},"end":{"line":246,"column":27}},"loc":{"start":{"line":246,"column":64},"end":{"line":268,"column":null}},"line":246},"9":{"name":"extractKeywords","decl":{"start":{"line":278,"column":16},"end":{"line":278,"column":null}},"loc":{"start":{"line":282,"column":12},"end":{"line":288,"column":null}},"line":282}},"branchMap":{"0":{"loc":{"start":{"line":70,"column":2},"end":{"line":73,"column":null}},"type":"if","locations":[{"start":{"line":70,"column":2},"end":{"line":73,"column":null}},{"start":{},"end":{}}],"line":70},"1":{"loc":{"start":{"line":70,"column":6},"end":{"line":70,"column":62}},"type":"binary-expr","locations":[{"start":{"line":70,"column":6},"end":{"line":70,"column":25}},{"start":{"line":70,"column":25},"end":{"line":70,"column":62}}],"line":70},"2":{"loc":{"start":{"line":84,"column":8},"end":{"line":86,"column":null}},"type":"if","locations":[{"start":{"line":84,"column":8},"end":{"line":86,"column":null}},{"start":{},"end":{}}],"line":84},"3":{"loc":{"start":{"line":84,"column":12},"end":{"line":84,"column":57}},"type":"binary-expr","locations":[{"start":{"line":84,"column":12},"end":{"line":84,"column":41}},{"start":{"line":84,"column":41},"end":{"line":84,"column":57}}],"line":84},"4":{"loc":{"start":{"line":96,"column":4},"end":{"line":98,"column":null}},"type":"if","locations":[{"start":{"line":96,"column":4},"end":{"line":98,"column":null}},{"start":{},"end":{}}],"line":96},"5":{"loc":{"start":{"line":130,"column":20},"end":{"line":130,"column":null}},"type":"binary-expr","locations":[{"start":{"line":130,"column":20},"end":{"line":130,"column":49}},{"start":{"line":130,"column":49},"end":{"line":130,"column":68}},{"start":{"line":130,"column":68},"end":{"line":130,"column":null}}],"line":130},"6":{"loc":{"start":{"line":131,"column":2},"end":{"line":133,"column":null}},"type":"if","locations":[{"start":{"line":131,"column":2},"end":{"line":133,"column":null}},{"start":{},"end":{}}],"line":131},"7":{"loc":{"start":{"line":135,"column":20},"end":{"line":135,"column":null}},"type":"binary-expr","locations":[{"start":{"line":135,"column":20},"end":{"line":135,"column":39}},{"start":{"line":135,"column":39},"end":{"line":135,"column":null}}],"line":135},"8":{"loc":{"start":{"line":136,"column":2},"end":{"line":138,"column":null}},"type":"if","locations":[{"start":{"line":136,"column":2},"end":{"line":138,"column":null}},{"start":{},"end":{}}],"line":136},"9":{"loc":{"start":{"line":144,"column":4},"end":{"line":147,"column":null}},"type":"binary-expr","locations":[{"start":{"line":144,"column":4},"end":{"line":144,"column":null}},{"start":{"line":145,"column":4},"end":{"line":145,"column":null}},{"start":{"line":146,"column":4},"end":{"line":146,"column":null}},{"start":{"line":147,"column":4},"end":{"line":147,"column":null}}],"line":144},"10":{"loc":{"start":{"line":149,"column":2},"end":{"line":154,"column":null}},"type":"if","locations":[{"start":{"line":149,"column":2},"end":{"line":154,"column":null}},{"start":{},"end":{}}],"line":149},"11":{"loc":{"start":{"line":151,"column":4},"end":{"line":153,"column":null}},"type":"if","locations":[{"start":{"line":151,"column":4},"end":{"line":153,"column":null}},{"start":{},"end":{}}],"line":151},"12":{"loc":{"start":{"line":163,"column":16},"end":{"line":163,"column":null}},"type":"binary-expr","locations":[{"start":{"line":163,"column":16},"end":{"line":163,"column":36}},{"start":{"line":163,"column":36},"end":{"line":163,"column":51}},{"start":{"line":163,"column":51},"end":{"line":163,"column":null}}],"line":163},"13":{"loc":{"start":{"line":164,"column":2},"end":{"line":166,"column":null}},"type":"if","locations":[{"start":{"line":164,"column":2},"end":{"line":166,"column":null}},{"start":{},"end":{}}],"line":164},"14":{"loc":{"start":{"line":164,"column":6},"end":{"line":164,"column":43}},"type":"binary-expr","locations":[{"start":{"line":164,"column":6},"end":{"line":164,"column":16}},{"start":{"line":164,"column":16},"end":{"line":164,"column":43}}],"line":164},"15":{"loc":{"start":{"line":169,"column":19},"end":{"line":169,"column":null}},"type":"binary-expr","locations":[{"start":{"line":169,"column":19},"end":{"line":169,"column":41}},{"start":{"line":169,"column":41},"end":{"line":169,"column":58}},{"start":{"line":169,"column":58},"end":{"line":169,"column":null}}],"line":169},"16":{"loc":{"start":{"line":171,"column":9},"end":{"line":171,"column":null}},"type":"cond-expr","locations":[{"start":{"line":171,"column":40},"end":{"line":171,"column":51}},{"start":{"line":171,"column":51},"end":{"line":171,"column":null}}],"line":171},"17":{"loc":{"start":{"line":181,"column":2},"end":{"line":183,"column":null}},"type":"if","locations":[{"start":{"line":181,"column":2},"end":{"line":183,"column":null}},{"start":{},"end":{}}],"line":181},"18":{"loc":{"start":{"line":181,"column":6},"end":{"line":181,"column":45}},"type":"binary-expr","locations":[{"start":{"line":181,"column":6},"end":{"line":181,"column":32}},{"start":{"line":181,"column":32},"end":{"line":181,"column":45}}],"line":181},"19":{"loc":{"start":{"line":194,"column":4},"end":{"line":194,"column":null}},"type":"binary-expr","locations":[{"start":{"line":194,"column":4},"end":{"line":194,"column":21}},{"start":{"line":194,"column":21},"end":{"line":194,"column":35}},{"start":{"line":194,"column":35},"end":{"line":194,"column":52}},{"start":{"line":194,"column":52},"end":{"line":194,"column":null}}],"line":194},"20":{"loc":{"start":{"line":197,"column":4},"end":{"line":199,"column":null}},"type":"binary-expr","locations":[{"start":{"line":197,"column":4},"end":{"line":197,"column":null}},{"start":{"line":198,"column":4},"end":{"line":198,"column":null}},{"start":{"line":199,"column":4},"end":{"line":199,"column":null}}],"line":197},"21":{"loc":{"start":{"line":201,"column":2},"end":{"line":203,"column":null}},"type":"if","locations":[{"start":{"line":201,"column":2},"end":{"line":203,"column":null}},{"start":{},"end":{}}],"line":201},"22":{"loc":{"start":{"line":215,"column":4},"end":{"line":217,"column":null}},"type":"if","locations":[{"start":{"line":215,"column":4},"end":{"line":217,"column":null}},{"start":{},"end":{}}],"line":215},"23":{"loc":{"start":{"line":228,"column":4},"end":{"line":230,"column":null}},"type":"if","locations":[{"start":{"line":228,"column":4},"end":{"line":230,"column":null}},{"start":{},"end":{}}],"line":228},"24":{"loc":{"start":{"line":234,"column":2},"end":{"line":240,"column":null}},"type":"if","locations":[{"start":{"line":234,"column":2},"end":{"line":240,"column":null}},{"start":{},"end":{}}],"line":234},"25":{"loc":{"start":{"line":235,"column":4},"end":{"line":237,"column":null}},"type":"binary-expr","locations":[{"start":{"line":235,"column":4},"end":{"line":235,"column":null}},{"start":{"line":236,"column":4},"end":{"line":236,"column":null}},{"start":{"line":237,"column":4},"end":{"line":237,"column":null}}],"line":235},"26":{"loc":{"start":{"line":263,"column":2},"end":{"line":265,"column":null}},"type":"if","locations":[{"start":{"line":263,"column":2},"end":{"line":265,"column":null}},{"start":{},"end":{}}],"line":263},"27":{"loc":{"start":{"line":263,"column":6},"end":{"line":263,"column":59}},"type":"binary-expr","locations":[{"start":{"line":263,"column":6},"end":{"line":263,"column":20}},{"start":{"line":263,"column":20},"end":{"line":263,"column":59}}],"line":263}},"s":{"0":0,"1":0,"2":0,"3":0,"4":0,"5":0,"6":0,"7":0,"8":0,"9":0,"10":0,"11":0,"12":0,"13":0,"14":0,"15":0,"16":0,"17":0,"18":0,"19":0,"20":0,"21":0,"22":0,"23":0,"24":0,"25":0,"26":0,"27":0,"28":0,"29":0,"30":0,"31":0,"32":0,"33":0,"34":0,"35":0,"36":0,"37":0,"38":0,"39":0,"40":0,"41":0,"42":0,"43":0,"44":0,"45":0,"46":0,"47":0,"48":0,"49":0,"50":0,"51":0,"52":0,"53":0,"54":0,"55":0,"56":0,"57":0,"58":0,"59":0,"60":0,"61":0,"62":0,"63":0,"64":0,"65":0,"66":0,"67":0,"68":0,"69":0,"70":0,"71":0,"72":0},"f":{"0":0,"1":0,"2":0,"3":0,"4":0,"5":0,"6":0,"7":0,"8":0,"9":0},"b":{"0":[0,0],"1":[0,0],"2":[0,0],"3":[0,0],"4":[0,0],"5":[0,0,0],"6":[0,0],"7":[0,0],"8":[0,0],"9":[0,0,0,0],"10":[0,0],"11":[0,0],"12":[0,0,0],"13":[0,0],"14":[0,0],"15":[0,0,0],"16":[0,0],"17":[0,0],"18":[0,0],"19":[0,0,0,0],"20":[0,0,0],"21":[0,0],"22":[0,0],"23":[0,0],"24":[0,0],"25":[0,0,0],"26":[0,0],"27":[0,0]},"meta":{"lastBranch":28,"lastFunction":10,"lastStatement":73,"seen":{"s:20:33:20:Infinity":0,"s:23:22:28:Infinity":1,"s:51:34:51:Infinity":2,"f:60:22:60:Infinity":0,"s:63:35:68:Infinity":3,"b:70:2:73:Infinity:undefined:undefined:undefined:undefined":0,"s:70:2:73:Infinity":4,"b:70:6:70:25:70:25:70:62":1,"s:71:4:71:Infinity":5,"s:72:4:72:Infinity":6,"s:75:2:101:Infinity":7,"s:76:20:76:Infinity":8,"s:79:18:79:Infinity":9,"f:79:45:79:46":1,"s:79:55:79:66":10,"s:81:4:92:Infinity":11,"s:82:6:91:Infinity":12,"s:83:31:83:Infinity":13,"b:84:8:86:Infinity:undefined:undefined:undefined:undefined":2,"s:84:8:86:Infinity":14,"b:84:12:84:41:84:41:84:57":3,"s:85:10:85:Infinity":15,"s:89:8:89:Infinity":16,"s:90:8:90:Infinity":17,"s:95:23:95:Infinity":18,"b:96:4:98:Infinity:undefined:undefined:undefined:undefined":4,"s:96:4:98:Infinity":19,"s:97:6:97:Infinity":20,"s:100:4:100:Infinity":21,"s:104:2:104:Infinity":22,"s:105:2:105:Infinity":23,"s:106:2:106:Infinity":24,"s:108:2:108:Infinity":25,"f:114:9:114:Infinity":2,"s:118:2:118:Infinity":26,"s:119:2:119:Infinity":27,"s:120:2:120:Infinity":28,"f:126:9:126:Infinity":3,"s:130:20:130:Infinity":29,"b:130:20:130:49:130:49:130:68:130:68:130:Infinity":5,"b:131:2:133:Infinity:undefined:undefined:undefined:undefined":6,"s:131:2:133:Infinity":30,"s:132:4:132:Infinity":31,"s:135:20:135:Infinity":32,"b:135:20:135:39:135:39:135:Infinity":7,"b:136:2:138:Infinity:undefined:undefined:undefined:undefined":8,"s:136:2:138:Infinity":33,"s:137:4:137:Infinity":34,"s:140:2:140:Infinity":35,"s:144:4:147:Infinity":36,"b:144:4:144:Infinity:145:4:145:Infinity:146:4:146:Infinity:147:4:147:Infinity":9,"b:149:2:154:Infinity:undefined:undefined:undefined:undefined":10,"s:149:2:154:Infinity":37,"s:150:21:150:Infinity":38,"b:151:4:153:Infinity:undefined:undefined:undefined:undefined":11,"s:151:4:153:Infinity":39,"s:152:6:152:Infinity":40,"f:160:9:160:Infinity":4,"s:163:16:163:Infinity":41,"b:163:16:163:36:163:36:163:51:163:51:163:Infinity":12,"b:164:2:166:Infinity:undefined:undefined:undefined:undefined":13,"s:164:2:166:Infinity":42,"b:164:6:164:16:164:16:164:43":14,"s:165:4:165:Infinity":43,"s:168:19:168:Infinity":44,"s:169:19:169:Infinity":45,"b:169:19:169:41:169:41:169:58:169:58:169:Infinity":15,"s:171:2:171:Infinity":46,"b:171:40:171:51:171:51:171:Infinity":16,"f:177:9:177:Infinity":5,"b:181:2:183:Infinity:undefined:undefined:undefined:undefined":17,"s:181:2:183:Infinity":47,"b:181:6:181:32:181:32:181:45":18,"s:182:4:182:Infinity":48,"f:189:9:189:Infinity":6,"s:193:15:195:Infinity":49,"b:194:4:194:21:194:21:194:35:194:35:194:52:194:52:194:Infinity":19,"s:197:4:199:Infinity":50,"b:197:4:197:Infinity:198:4:198:Infinity:199:4:199:Infinity":20,"b:201:2:203:Infinity:undefined:undefined:undefined:undefined":21,"s:201:2:203:Infinity":51,"s:202:4:202:Infinity":52,"f:209:9:209:30":7,"s:210:20:210:Infinity":53,"s:213:2:218:Infinity":54,"s:214:18:214:Infinity":55,"b:215:4:217:Infinity:undefined:undefined:undefined:undefined":22,"s:215:4:217:Infinity":56,"s:216:6:216:Infinity":57,"s:221:23:224:Infinity":58,"s:226:2:231:Infinity":59,"s:227:18:227:Infinity":60,"b:228:4:230:Infinity:undefined:undefined:undefined:undefined":23,"s:228:4:230:Infinity":61,"s:229:6:229:Infinity":62,"b:234:2:240:Infinity:undefined:undefined:undefined:undefined":24,"s:234:2:240:Infinity":63,"b:235:4:235:Infinity:236:4:236:Infinity:237:4:237:Infinity":25,"s:239:4:239:Infinity":64,"f:246:9:246:27":8,"s:248:19:251:Infinity":65,"s:255:2:260:Infinity":66,"s:257:4:259:Infinity":67,"s:258:6:258:Infinity":68,"b:263:2:265:Infinity:undefined:undefined:undefined:undefined":26,"s:263:2:265:Infinity":69,"b:263:6:263:20:263:20:263:59":27,"s:264:4:264:Infinity":70,"s:267:2:267:Infinity":71,"f:278:16:278:Infinity":9,"s:283:2:287:Infinity":72}}}}}